{"D:\\HOC_TAP\\QL-KhachSan\\frontend\\src\\components\\ConfirmDialog.jsx": {"path":"D:\\HOC_TAP\\QL-KhachSan\\frontend\\src\\components\\ConfirmDialog.jsx","statementMap":{"0":{"start":{"line":12,"column":20},"end":{"line":12,"column":32}},"1":{"start":{"line":13,"column":18},"end":{"line":13,"column":25}},"2":{"start":{"line":14,"column":20},"end":{"line":14,"column":27}},"3":{"start":{"line":16,"column":2},"end":{"line":18,"column":13}},"4":{"start":{"line":17,"column":4},"end":{"line":17,"column":41}},"5":{"start":{"line":17,"column":14},"end":{"line":17,"column":41}},"6":{"start":{"line":20,"column":2},"end":{"line":27,"column":23}},"7":{"start":{"line":21,"column":4},"end":{"line":21,"column":22}},"8":{"start":{"line":21,"column":15},"end":{"line":21,"column":22}},"9":{"start":{"line":22,"column":22},"end":{"line":24,"column":5}},"10":{"start":{"line":23,"column":6},"end":{"line":23,"column":41}},"11":{"start":{"line":23,"column":30},"end":{"line":23,"column":41}},"12":{"start":{"line":25,"column":4},"end":{"line":25,"column":50}},"13":{"start":{"line":26,"column":4},"end":{"line":26,"column":66}},"14":{"start":{"line":26,"column":17},"end":{"line":26,"column":65}},"15":{"start":{"line":29,"column":2},"end":{"line":29,"column":25}},"16":{"start":{"line":29,"column":13},"end":{"line":29,"column":25}},"17":{"start":{"line":31,"column":17},"end":{"line":40,"column":3}},"18":{"start":{"line":42,"column":15},"end":{"line":42,"column":47}},"19":{"start":{"line":44,"column":2},"end":{"line":101,"column":4}},"20":{"start":{"line":57,"column":24},"end":{"line":57,"column":43}}},"fnMap":{"0":{"name":"ConfirmDialog","decl":{"start":{"line":4,"column":24},"end":{"line":4,"column":37}},"loc":{"start":{"line":11,"column":3},"end":{"line":102,"column":1}},"line":11},"1":{"name":"(anonymous_1)","decl":{"start":{"line":16,"column":12},"end":{"line":16,"column":13}},"loc":{"start":{"line":16,"column":18},"end":{"line":18,"column":3}},"line":16},"2":{"name":"(anonymous_2)","decl":{"start":{"line":20,"column":12},"end":{"line":20,"column":13}},"loc":{"start":{"line":20,"column":18},"end":{"line":27,"column":3}},"line":20},"3":{"name":"(anonymous_3)","decl":{"start":{"line":22,"column":22},"end":{"line":22,"column":23}},"loc":{"start":{"line":22,"column":29},"end":{"line":24,"column":5}},"line":22},"4":{"name":"(anonymous_4)","decl":{"start":{"line":26,"column":11},"end":{"line":26,"column":12}},"loc":{"start":{"line":26,"column":17},"end":{"line":26,"column":65}},"line":26},"5":{"name":"(anonymous_5)","decl":{"start":{"line":57,"column":17},"end":{"line":57,"column":18}},"loc":{"start":{"line":57,"column":24},"end":{"line":57,"column":43}},"line":57}},"branchMap":{"0":{"loc":{"start":{"line":10,"column":2},"end":{"line":10,"column":20}},"type":"default-arg","locations":[{"start":{"line":10,"column":12},"end":{"line":10,"column":20}}],"line":10},"1":{"loc":{"start":{"line":17,"column":4},"end":{"line":17,"column":41}},"type":"if","locations":[{"start":{"line":17,"column":4},"end":{"line":17,"column":41}},{"start":{},"end":{}}],"line":17},"2":{"loc":{"start":{"line":21,"column":4},"end":{"line":21,"column":22}},"type":"if","locations":[{"start":{"line":21,"column":4},"end":{"line":21,"column":22}},{"start":{},"end":{}}],"line":21},"3":{"loc":{"start":{"line":23,"column":6},"end":{"line":23,"column":41}},"type":"if","locations":[{"start":{"line":23,"column":6},"end":{"line":23,"column":41}},{"start":{},"end":{}}],"line":23},"4":{"loc":{"start":{"line":29,"column":2},"end":{"line":29,"column":25}},"type":"if","locations":[{"start":{"line":29,"column":2},"end":{"line":29,"column":25}},{"start":{},"end":{}}],"line":29},"5":{"loc":{"start":{"line":42,"column":15},"end":{"line":42,"column":47}},"type":"binary-expr","locations":[{"start":{"line":42,"column":15},"end":{"line":42,"column":30}},{"start":{"line":42,"column":34},"end":{"line":42,"column":47}}],"line":42}},"s":{"0":42,"1":42,"2":42,"3":42,"4":14,"5":1,"6":42,"7":42,"8":41,"9":1,"10":0,"11":0,"12":1,"13":1,"14":1,"15":42,"16":41,"17":1,"18":1,"19":1,"20":1},"f":{"0":42,"1":14,"2":42,"3":0,"4":1,"5":1},"b":{"0":[20],"1":[1,13],"2":[41,1],"3":[0,0],"4":[41,1],"5":[1,0]},"_coverageSchema":"1a1c01bbd47fc00a2c39e90264f33305004495a9","hash":"9192f195af1f2461cdcca5c3cd6150a20c5fe663"}
,"D:\\HOC_TAP\\QL-KhachSan\\frontend\\src\\components\\admin\\HotelModal.jsx": {"path":"D:\\HOC_TAP\\QL-KhachSan\\frontend\\src\\components\\admin\\HotelModal.jsx","statementMap":{"0":{"start":{"line":3,"column":19},"end":{"line":110,"column":1}},"1":{"start":{"line":4,"column":32},"end":{"line":10,"column":3}},"2":{"start":{"line":5,"column":4},"end":{"line":8,"column":5}},"3":{"start":{"line":6,"column":6},"end":{"line":6,"column":56}},"4":{"start":{"line":7,"column":6},"end":{"line":7,"column":13}},"5":{"start":{"line":9,"column":4},"end":{"line":9,"column":13}},"6":{"start":{"line":12,"column":2},"end":{"line":109,"column":4}},"7":{"start":{"line":37,"column":16},"end":{"line":37,"column":66}},"8":{"start":{"line":51,"column":16},"end":{"line":51,"column":66}},"9":{"start":{"line":65,"column":16},"end":{"line":65,"column":69}},"10":{"start":{"line":79,"column":16},"end":{"line":79,"column":73}}},"fnMap":{"0":{"name":"(anonymous_0)","decl":{"start":{"line":3,"column":19},"end":{"line":3,"column":20}},"loc":{"start":{"line":3,"column":67},"end":{"line":110,"column":1}},"line":3},"1":{"name":"(anonymous_1)","decl":{"start":{"line":4,"column":32},"end":{"line":4,"column":33}},"loc":{"start":{"line":4,"column":38},"end":{"line":10,"column":3}},"line":4},"2":{"name":"(anonymous_2)","decl":{"start":{"line":36,"column":24},"end":{"line":36,"column":25}},"loc":{"start":{"line":37,"column":16},"end":{"line":37,"column":66}},"line":37},"3":{"name":"(anonymous_3)","decl":{"start":{"line":50,"column":24},"end":{"line":50,"column":25}},"loc":{"start":{"line":51,"column":16},"end":{"line":51,"column":66}},"line":51},"4":{"name":"(anonymous_4)","decl":{"start":{"line":64,"column":24},"end":{"line":64,"column":25}},"loc":{"start":{"line":65,"column":16},"end":{"line":65,"column":69}},"line":65},"5":{"name":"(anonymous_5)","decl":{"start":{"line":78,"column":24},"end":{"line":78,"column":25}},"loc":{"start":{"line":79,"column":16},"end":{"line":79,"column":73}},"line":79}},"branchMap":{"0":{"loc":{"start":{"line":5,"column":4},"end":{"line":8,"column":5}},"type":"if","locations":[{"start":{"line":5,"column":4},"end":{"line":8,"column":5}},{"start":{},"end":{}}],"line":5},"1":{"loc":{"start":{"line":5,"column":8},"end":{"line":5,"column":61}},"type":"binary-expr","locations":[{"start":{"line":5,"column":8},"end":{"line":5,"column":22}},{"start":{"line":5,"column":26},"end":{"line":5,"column":40}},{"start":{"line":5,"column":44},"end":{"line":5,"column":61}}],"line":5},"2":{"loc":{"start":{"line":21,"column":13},"end":{"line":21,"column":69}},"type":"cond-expr","locations":[{"start":{"line":21,"column":27},"end":{"line":21,"column":47}},{"start":{"line":21,"column":50},"end":{"line":21,"column":69}}],"line":21},"3":{"loc":{"start":{"line":35,"column":21},"end":{"line":35,"column":40}},"type":"binary-expr","locations":[{"start":{"line":35,"column":21},"end":{"line":35,"column":34}},{"start":{"line":35,"column":38},"end":{"line":35,"column":40}}],"line":35},"4":{"loc":{"start":{"line":49,"column":21},"end":{"line":49,"column":40}},"type":"binary-expr","locations":[{"start":{"line":49,"column":21},"end":{"line":49,"column":34}},{"start":{"line":49,"column":38},"end":{"line":49,"column":40}}],"line":49},"5":{"loc":{"start":{"line":63,"column":21},"end":{"line":63,"column":43}},"type":"binary-expr","locations":[{"start":{"line":63,"column":21},"end":{"line":63,"column":37}},{"start":{"line":63,"column":41},"end":{"line":63,"column":43}}],"line":63},"6":{"loc":{"start":{"line":77,"column":21},"end":{"line":77,"column":47}},"type":"binary-expr","locations":[{"start":{"line":77,"column":21},"end":{"line":77,"column":41}},{"start":{"line":77,"column":45},"end":{"line":77,"column":47}}],"line":77}},"s":{"0":2,"1":17,"2":5,"3":3,"4":3,"5":2,"6":17,"7":1,"8":1,"9":1,"10":1},"f":{"0":17,"1":5,"2":1,"3":1,"4":1,"5":1},"b":{"0":[3,2],"1":[5,4,3],"2":[1,16],"3":[17,12],"4":[17,12],"5":[17,12],"6":[17,16]},"_coverageSchema":"1a1c01bbd47fc00a2c39e90264f33305004495a9","hash":"0144a3f8810e744be54e289f0d3a55f74573e828"}
,"D:\\HOC_TAP\\QL-KhachSan\\frontend\\src\\components\\admin\\RoomModal.jsx": {"path":"D:\\HOC_TAP\\QL-KhachSan\\frontend\\src\\components\\admin\\RoomModal.jsx","statementMap":{"0":{"start":{"line":4,"column":18},"end":{"line":261,"column":1}},"1":{"start":{"line":5,"column":36},"end":{"line":5,"column":48}},"2":{"start":{"line":6,"column":30},"end":{"line":6,"column":42}},"3":{"start":{"line":7,"column":50},"end":{"line":7,"column":62}},"4":{"start":{"line":8,"column":40},"end":{"line":8,"column":52}},"5":{"start":{"line":9,"column":46},"end":{"line":9,"column":58}},"6":{"start":{"line":10,"column":48},"end":{"line":10,"column":63}},"7":{"start":{"line":12,"column":34},"end":{"line":19,"column":4}},"8":{"start":{"line":21,"column":2},"end":{"line":70,"column":29}},"9":{"start":{"line":22,"column":4},"end":{"line":69,"column":5}},"10":{"start":{"line":23,"column":23},"end":{"line":67,"column":7}},"11":{"start":{"line":24,"column":8},"end":{"line":66,"column":9}},"12":{"start":{"line":25,"column":40},"end":{"line":28,"column":12}},"13":{"start":{"line":29,"column":31},"end":{"line":29,"column":50}},"14":{"start":{"line":30,"column":32},"end":{"line":30,"column":52}},"15":{"start":{"line":32,"column":10},"end":{"line":32,"column":37}},"16":{"start":{"line":33,"column":10},"end":{"line":33,"column":35}},"17":{"start":{"line":35,"column":10},"end":{"line":62,"column":11}},"18":{"start":{"line":36,"column":12},"end":{"line":44,"column":15}},"19":{"start":{"line":45,"column":12},"end":{"line":45,"column":67}},"20":{"start":{"line":47,"column":33},"end":{"line":49,"column":13}},"21":{"start":{"line":48,"column":21},"end":{"line":48,"column":66}},"22":{"start":{"line":50,"column":12},"end":{"line":50,"column":66}},"23":{"start":{"line":52,"column":12},"end":{"line":59,"column":15}},"24":{"start":{"line":60,"column":12},"end":{"line":60,"column":36}},"25":{"start":{"line":61,"column":12},"end":{"line":61,"column":31}},"26":{"start":{"line":64,"column":10},"end":{"line":64,"column":27}},"27":{"start":{"line":65,"column":10},"end":{"line":65,"column":24}},"28":{"start":{"line":68,"column":6},"end":{"line":68,"column":17}},"29":{"start":{"line":72,"column":35},"end":{"line":74,"column":3}},"30":{"start":{"line":73,"column":11},"end":{"line":73,"column":57}},"31":{"start":{"line":76,"column":31},"end":{"line":85,"column":3}},"32":{"start":{"line":77,"column":17},"end":{"line":77,"column":31}},"33":{"start":{"line":78,"column":4},"end":{"line":78,"column":30}},"34":{"start":{"line":79,"column":4},"end":{"line":84,"column":7}},"35":{"start":{"line":87,"column":31},"end":{"line":100,"column":3}},"36":{"start":{"line":88,"column":23},"end":{"line":88,"column":37}},"37":{"start":{"line":89,"column":25},"end":{"line":91,"column":5}},"38":{"start":{"line":90,"column":16},"end":{"line":90,"column":49}},"39":{"start":{"line":92,"column":4},"end":{"line":99,"column":5}},"40":{"start":{"line":93,"column":6},"end":{"line":98,"column":9}},"41":{"start":{"line":102,"column":2},"end":{"line":102,"column":27}},"42":{"start":{"line":102,"column":15},"end":{"line":102,"column":27}},"43":{"start":{"line":104,"column":2},"end":{"line":260,"column":4}},"44":{"start":{"line":126,"column":32},"end":{"line":126,"column":46}},"45":{"start":{"line":127,"column":16},"end":{"line":133,"column":19}},"46":{"start":{"line":134,"column":16},"end":{"line":134,"column":40}},"47":{"start":{"line":139,"column":16},"end":{"line":141,"column":25}},"48":{"start":{"line":153,"column":16},"end":{"line":156,"column":18}},"49":{"start":{"line":168,"column":16},"end":{"line":168,"column":68}},"50":{"start":{"line":189,"column":63},"end":{"line":189,"column":69}},"51":{"start":{"line":191,"column":18},"end":{"line":193,"column":27}},"52":{"start":{"line":210,"column":31},"end":{"line":210,"column":58}},"53":{"start":{"line":212,"column":18},"end":{"line":214,"column":27}},"54":{"start":{"line":252,"column":27},"end":{"line":252,"column":43}}},"fnMap":{"0":{"name":"(anonymous_0)","decl":{"start":{"line":4,"column":18},"end":{"line":4,"column":19}},"loc":{"start":{"line":4,"column":65},"end":{"line":261,"column":1}},"line":4},"1":{"name":"(anonymous_1)","decl":{"start":{"line":21,"column":12},"end":{"line":21,"column":13}},"loc":{"start":{"line":21,"column":18},"end":{"line":70,"column":3}},"line":21},"2":{"name":"(anonymous_2)","decl":{"start":{"line":23,"column":23},"end":{"line":23,"column":24}},"loc":{"start":{"line":23,"column":35},"end":{"line":67,"column":7}},"line":23},"3":{"name":"(anonymous_3)","decl":{"start":{"line":48,"column":14},"end":{"line":48,"column":15}},"loc":{"start":{"line":48,"column":21},"end":{"line":48,"column":66}},"line":48},"4":{"name":"(anonymous_4)","decl":{"start":{"line":73,"column":4},"end":{"line":73,"column":5}},"loc":{"start":{"line":73,"column":11},"end":{"line":73,"column":57}},"line":73},"5":{"name":"(anonymous_5)","decl":{"start":{"line":76,"column":31},"end":{"line":76,"column":32}},"loc":{"start":{"line":76,"column":38},"end":{"line":85,"column":3}},"line":76},"6":{"name":"(anonymous_6)","decl":{"start":{"line":87,"column":31},"end":{"line":87,"column":32}},"loc":{"start":{"line":87,"column":38},"end":{"line":100,"column":3}},"line":87},"7":{"name":"(anonymous_7)","decl":{"start":{"line":90,"column":6},"end":{"line":90,"column":7}},"loc":{"start":{"line":90,"column":16},"end":{"line":90,"column":49}},"line":90},"8":{"name":"(anonymous_8)","decl":{"start":{"line":125,"column":24},"end":{"line":125,"column":25}},"loc":{"start":{"line":125,"column":31},"end":{"line":135,"column":15}},"line":125},"9":{"name":"(anonymous_9)","decl":{"start":{"line":138,"column":26},"end":{"line":138,"column":27}},"loc":{"start":{"line":139,"column":16},"end":{"line":141,"column":25}},"line":139},"10":{"name":"(anonymous_10)","decl":{"start":{"line":152,"column":24},"end":{"line":152,"column":25}},"loc":{"start":{"line":153,"column":16},"end":{"line":156,"column":18}},"line":153},"11":{"name":"(anonymous_11)","decl":{"start":{"line":167,"column":24},"end":{"line":167,"column":25}},"loc":{"start":{"line":168,"column":16},"end":{"line":168,"column":68}},"line":168},"12":{"name":"(anonymous_12)","decl":{"start":{"line":189,"column":56},"end":{"line":189,"column":57}},"loc":{"start":{"line":189,"column":63},"end":{"line":189,"column":69}},"line":189},"13":{"name":"(anonymous_13)","decl":{"start":{"line":190,"column":16},"end":{"line":190,"column":17}},"loc":{"start":{"line":191,"column":18},"end":{"line":193,"column":27}},"line":191},"14":{"name":"(anonymous_14)","decl":{"start":{"line":210,"column":24},"end":{"line":210,"column":25}},"loc":{"start":{"line":210,"column":31},"end":{"line":210,"column":58}},"line":210},"15":{"name":"(anonymous_15)","decl":{"start":{"line":211,"column":21},"end":{"line":211,"column":22}},"loc":{"start":{"line":212,"column":18},"end":{"line":214,"column":27}},"line":212},"16":{"name":"(anonymous_16)","decl":{"start":{"line":252,"column":21},"end":{"line":252,"column":22}},"loc":{"start":{"line":252,"column":27},"end":{"line":252,"column":43}},"line":252}},"branchMap":{"0":{"loc":{"start":{"line":22,"column":4},"end":{"line":69,"column":5}},"type":"if","locations":[{"start":{"line":22,"column":4},"end":{"line":69,"column":5}},{"start":{},"end":{}}],"line":22},"1":{"loc":{"start":{"line":29,"column":31},"end":{"line":29,"column":50}},"type":"binary-expr","locations":[{"start":{"line":29,"column":31},"end":{"line":29,"column":44}},{"start":{"line":29,"column":48},"end":{"line":29,"column":50}}],"line":29},"2":{"loc":{"start":{"line":30,"column":32},"end":{"line":30,"column":52}},"type":"binary-expr","locations":[{"start":{"line":30,"column":32},"end":{"line":30,"column":46}},{"start":{"line":30,"column":50},"end":{"line":30,"column":52}}],"line":30},"3":{"loc":{"start":{"line":35,"column":10},"end":{"line":62,"column":11}},"type":"if","locations":[{"start":{"line":35,"column":10},"end":{"line":62,"column":11}},{"start":{"line":51,"column":17},"end":{"line":62,"column":11}}],"line":35},"4":{"loc":{"start":{"line":38,"column":23},"end":{"line":38,"column":49}},"type":"binary-expr","locations":[{"start":{"line":38,"column":23},"end":{"line":38,"column":43}},{"start":{"line":38,"column":47},"end":{"line":38,"column":49}}],"line":38},"5":{"loc":{"start":{"line":40,"column":16},"end":{"line":42,"column":18}},"type":"binary-expr","locations":[{"start":{"line":40,"column":16},"end":{"line":40,"column":48}},{"start":{"line":41,"column":16},"end":{"line":41,"column":40}},{"start":{"line":42,"column":16},"end":{"line":42,"column":18}}],"line":40},"6":{"loc":{"start":{"line":43,"column":27},"end":{"line":43,"column":67}},"type":"binary-expr","locations":[{"start":{"line":43,"column":27},"end":{"line":43,"column":61}},{"start":{"line":43,"column":65},"end":{"line":43,"column":67}}],"line":43},"7":{"loc":{"start":{"line":45,"column":32},"end":{"line":45,"column":65}},"type":"binary-expr","locations":[{"start":{"line":45,"column":32},"end":{"line":45,"column":59}},{"start":{"line":45,"column":63},"end":{"line":45,"column":65}}],"line":45},"8":{"loc":{"start":{"line":50,"column":27},"end":{"line":50,"column":64}},"type":"cond-expr","locations":[{"start":{"line":50,"column":42},"end":{"line":50,"column":59}},{"start":{"line":50,"column":62},"end":{"line":50,"column":64}}],"line":50},"9":{"loc":{"start":{"line":92,"column":4},"end":{"line":99,"column":5}},"type":"if","locations":[{"start":{"line":92,"column":4},"end":{"line":99,"column":5}},{"start":{},"end":{}}],"line":92},"10":{"loc":{"start":{"line":102,"column":2},"end":{"line":102,"column":27}},"type":"if","locations":[{"start":{"line":102,"column":2},"end":{"line":102,"column":27}},{"start":{},"end":{}}],"line":102},"11":{"loc":{"start":{"line":112,"column":13},"end":{"line":112,"column":62}},"type":"cond-expr","locations":[{"start":{"line":112,"column":28},"end":{"line":112,"column":44}},{"start":{"line":112,"column":47},"end":{"line":112,"column":62}}],"line":112},"12":{"loc":{"start":{"line":204,"column":24},"end":{"line":204,"column":62}},"type":"binary-expr","locations":[{"start":{"line":204,"column":24},"end":{"line":204,"column":41}},{"start":{"line":204,"column":45},"end":{"line":204,"column":62}}],"line":204},"13":{"loc":{"start":{"line":205,"column":21},"end":{"line":205,"column":48}},"type":"binary-expr","locations":[{"start":{"line":205,"column":21},"end":{"line":205,"column":42}},{"start":{"line":205,"column":46},"end":{"line":205,"column":48}}],"line":205},"14":{"loc":{"start":{"line":225,"column":15},"end":{"line":225,"column":60}},"type":"binary-expr","locations":[{"start":{"line":225,"column":15},"end":{"line":225,"column":35}},{"start":{"line":225,"column":39},"end":{"line":225,"column":60}}],"line":225},"15":{"loc":{"start":{"line":235,"column":15},"end":{"line":237,"column":21}},"type":"cond-expr","locations":[{"start":{"line":236,"column":18},"end":{"line":236,"column":70}},{"start":{"line":237,"column":18},"end":{"line":237,"column":21}}],"line":235}},"s":{"0":1,"1":46,"2":46,"3":46,"4":46,"5":46,"6":46,"7":46,"8":46,"9":20,"10":19,"11":19,"12":19,"13":18,"14":18,"15":18,"16":18,"17":18,"18":6,"19":6,"20":6,"21":6,"22":6,"23":12,"24":12,"25":12,"26":1,"27":1,"28":19,"29":46,"30":104,"31":46,"32":3,"33":3,"34":3,"35":46,"36":2,"37":2,"38":2,"39":2,"40":2,"41":46,"42":1,"43":45,"44":5,"45":5,"46":5,"47":52,"48":1,"49":0,"50":43,"51":29,"52":43,"53":20,"54":1},"f":{"0":46,"1":20,"2":19,"3":6,"4":104,"5":3,"6":2,"7":2,"8":5,"9":52,"10":1,"11":0,"12":43,"13":29,"14":43,"15":20,"16":1},"b":{"0":[19,1],"1":[18,0],"2":[18,0],"3":[6,12],"4":[6,0],"5":[6,0,0],"6":[6,0],"7":[6,0],"8":[6,0],"9":[2,0],"10":[1,45],"11":[11,34],"12":[45,15],"13":[45,38],"14":[45,35],"15":[7,38]},"_coverageSchema":"1a1c01bbd47fc00a2c39e90264f33305004495a9","hash":"4cd720c90aedfb11e2c023bdc57968960383052a"}
,"D:\\HOC_TAP\\QL-KhachSan\\frontend\\src\\components\\booking\\BookingCard.jsx": {"path":"D:\\HOC_TAP\\QL-KhachSan\\frontend\\src\\components\\booking\\BookingCard.jsx","statementMap":{"0":{"start":{"line":4,"column":22},"end":{"line":4,"column":53}},"1":{"start":{"line":5,"column":20},"end":{"line":5,"column":48}},"2":{"start":{"line":6,"column":20},"end":{"line":6,"column":117}},"3":{"start":{"line":8,"column":2},"end":{"line":81,"column":4}},"4":{"start":{"line":58,"column":27},"end":{"line":58,"column":48}},"5":{"start":{"line":66,"column":27},"end":{"line":66,"column":49}},"6":{"start":{"line":74,"column":27},"end":{"line":74,"column":47}}},"fnMap":{"0":{"name":"BookingCard","decl":{"start":{"line":3,"column":24},"end":{"line":3,"column":35}},"loc":{"start":{"line":3,"column":82},"end":{"line":82,"column":1}},"line":3},"1":{"name":"(anonymous_1)","decl":{"start":{"line":58,"column":21},"end":{"line":58,"column":22}},"loc":{"start":{"line":58,"column":27},"end":{"line":58,"column":48}},"line":58},"2":{"name":"(anonymous_2)","decl":{"start":{"line":66,"column":21},"end":{"line":66,"column":22}},"loc":{"start":{"line":66,"column":27},"end":{"line":66,"column":49}},"line":66},"3":{"name":"(anonymous_3)","decl":{"start":{"line":74,"column":21},"end":{"line":74,"column":22}},"loc":{"start":{"line":74,"column":27},"end":{"line":74,"column":47}},"line":74}},"branchMap":{"0":{"loc":{"start":{"line":6,"column":20},"end":{"line":6,"column":117}},"type":"binary-expr","locations":[{"start":{"line":6,"column":20},"end":{"line":6,"column":48}},{"start":{"line":6,"column":52},"end":{"line":6,"column":82}},{"start":{"line":6,"column":86},"end":{"line":6,"column":117}}],"line":6},"1":{"loc":{"start":{"line":30,"column":9},"end":{"line":35,"column":9}},"type":"binary-expr","locations":[{"start":{"line":30,"column":9},"end":{"line":30,"column":27}},{"start":{"line":31,"column":10},"end":{"line":34,"column":16}}],"line":30},"2":{"loc":{"start":{"line":44,"column":9},"end":{"line":51,"column":9}},"type":"binary-expr","locations":[{"start":{"line":44,"column":9},"end":{"line":44,"column":27}},{"start":{"line":45,"column":10},"end":{"line":50,"column":16}}],"line":44},"3":{"loc":{"start":{"line":55,"column":9},"end":{"line":62,"column":9}},"type":"binary-expr","locations":[{"start":{"line":55,"column":9},"end":{"line":55,"column":18}},{"start":{"line":55,"column":22},"end":{"line":55,"column":31}},{"start":{"line":56,"column":10},"end":{"line":61,"column":19}}],"line":55},"4":{"loc":{"start":{"line":63,"column":9},"end":{"line":70,"column":9}},"type":"binary-expr","locations":[{"start":{"line":63,"column":9},"end":{"line":63,"column":20}},{"start":{"line":64,"column":10},"end":{"line":69,"column":19}}],"line":63},"5":{"loc":{"start":{"line":71,"column":9},"end":{"line":78,"column":9}},"type":"binary-expr","locations":[{"start":{"line":71,"column":9},"end":{"line":71,"column":18}},{"start":{"line":72,"column":10},"end":{"line":77,"column":19}}],"line":71}},"s":{"0":12,"1":12,"2":12,"3":12,"4":1,"5":1,"6":1},"f":{"0":12,"1":1,"2":1,"3":1},"b":{"0":[12,9,9],"1":[12,11],"2":[12,12],"3":[12,3,2],"4":[12,7],"5":[12,10]},"_coverageSchema":"1a1c01bbd47fc00a2c39e90264f33305004495a9","hash":"289ce10e8bc01c62aeea5ea950a3017040fc02fc"}
,"D:\\HOC_TAP\\QL-KhachSan\\frontend\\src\\components\\booking\\BookingStatusFilter.jsx": {"path":"D:\\HOC_TAP\\QL-KhachSan\\frontend\\src\\components\\booking\\BookingStatusFilter.jsx","statementMap":{"0":{"start":{"line":4,"column":18},"end":{"line":7,"column":3}},"1":{"start":{"line":6,"column":68},"end":{"line":6,"column":82}},"2":{"start":{"line":9,"column":2},"end":{"line":35,"column":4}},"3":{"start":{"line":12,"column":25},"end":{"line":12,"column":38}},"4":{"start":{"line":13,"column":22},"end":{"line":13,"column":48}},"5":{"start":{"line":15,"column":8},"end":{"line":32,"column":10}},"6":{"start":{"line":28,"column":27},"end":{"line":28,"column":40}}},"fnMap":{"0":{"name":"BookingStatusFilter","decl":{"start":{"line":3,"column":24},"end":{"line":3,"column":43}},"loc":{"start":{"line":3,"column":65},"end":{"line":36,"column":1}},"line":3},"1":{"name":"(anonymous_1)","decl":{"start":{"line":6,"column":49},"end":{"line":6,"column":50}},"loc":{"start":{"line":6,"column":68},"end":{"line":6,"column":82}},"line":6},"2":{"name":"(anonymous_2)","decl":{"start":{"line":11,"column":19},"end":{"line":11,"column":20}},"loc":{"start":{"line":11,"column":39},"end":{"line":33,"column":7}},"line":11},"3":{"name":"(anonymous_3)","decl":{"start":{"line":28,"column":21},"end":{"line":28,"column":22}},"loc":{"start":{"line":28,"column":27},"end":{"line":28,"column":40}},"line":28}},"branchMap":{"0":{"loc":{"start":{"line":19,"column":14},"end":{"line":21,"column":105}},"type":"cond-expr","locations":[{"start":{"line":20,"column":18},"end":{"line":20,"column":53}},{"start":{"line":21,"column":18},"end":{"line":21,"column":105}}],"line":19},"1":{"loc":{"start":{"line":24,"column":14},"end":{"line":26,"column":27}},"type":"cond-expr","locations":[{"start":{"line":25,"column":18},"end":{"line":25,"column":90}},{"start":{"line":26,"column":18},"end":{"line":26,"column":27}}],"line":24},"2":{"loc":{"start":{"line":25,"column":37},"end":{"line":25,"column":55}},"type":"binary-expr","locations":[{"start":{"line":25,"column":37},"end":{"line":25,"column":42}},{"start":{"line":25,"column":46},"end":{"line":25,"column":55}}],"line":25},"3":{"loc":{"start":{"line":25,"column":70},"end":{"line":25,"column":88}},"type":"binary-expr","locations":[{"start":{"line":25,"column":70},"end":{"line":25,"column":75}},{"start":{"line":25,"column":79},"end":{"line":25,"column":88}}],"line":25}},"s":{"0":24,"1":120,"2":24,"3":144,"4":144,"5":144,"6":1},"f":{"0":24,"1":120,"2":144,"3":1},"b":{"0":[24,120],"1":[24,120],"2":[24,23],"3":[24,23]},"_coverageSchema":"1a1c01bbd47fc00a2c39e90264f33305004495a9","hash":"e50115a2bb30e317126a5ea0304bbdb9ace6e877"}
,"D:\\HOC_TAP\\QL-KhachSan\\frontend\\src\\components\\booking\\BookingTable.jsx": {"path":"D:\\HOC_TAP\\QL-KhachSan\\frontend\\src\\components\\booking\\BookingTable.jsx","statementMap":{"0":{"start":{"line":5,"column":2},"end":{"line":5,"column":41}},"1":{"start":{"line":5,"column":29},"end":{"line":5,"column":41}},"2":{"start":{"line":7,"column":2},"end":{"line":103,"column":4}},"3":{"start":{"line":26,"column":32},"end":{"line":26,"column":60}},"4":{"start":{"line":27,"column":34},"end":{"line":27,"column":65}},"5":{"start":{"line":28,"column":34},"end":{"line":28,"column":64}},"6":{"start":{"line":30,"column":16},"end":{"line":30,"column":40}},"7":{"start":{"line":32,"column":14},"end":{"line":97,"column":16}},"8":{"start":{"line":65,"column":41},"end":{"line":65,"column":62}},"9":{"start":{"line":73,"column":41},"end":{"line":73,"column":62}},"10":{"start":{"line":81,"column":41},"end":{"line":81,"column":63}},"11":{"start":{"line":89,"column":41},"end":{"line":89,"column":61}}},"fnMap":{"0":{"name":"BookingTable","decl":{"start":{"line":4,"column":24},"end":{"line":4,"column":36}},"loc":{"start":{"line":4,"column":95},"end":{"line":104,"column":1}},"line":4},"1":{"name":"(anonymous_1)","decl":{"start":{"line":25,"column":26},"end":{"line":25,"column":27}},"loc":{"start":{"line":25,"column":39},"end":{"line":98,"column":13}},"line":25},"2":{"name":"(anonymous_2)","decl":{"start":{"line":65,"column":35},"end":{"line":65,"column":36}},"loc":{"start":{"line":65,"column":41},"end":{"line":65,"column":62}},"line":65},"3":{"name":"(anonymous_3)","decl":{"start":{"line":73,"column":35},"end":{"line":73,"column":36}},"loc":{"start":{"line":73,"column":41},"end":{"line":73,"column":62}},"line":73},"4":{"name":"(anonymous_4)","decl":{"start":{"line":81,"column":35},"end":{"line":81,"column":36}},"loc":{"start":{"line":81,"column":41},"end":{"line":81,"column":63}},"line":81},"5":{"name":"(anonymous_5)","decl":{"start":{"line":89,"column":35},"end":{"line":89,"column":36}},"loc":{"start":{"line":89,"column":41},"end":{"line":89,"column":61}},"line":89}},"branchMap":{"0":{"loc":{"start":{"line":5,"column":2},"end":{"line":5,"column":41}},"type":"if","locations":[{"start":{"line":5,"column":2},"end":{"line":5,"column":41}},{"start":{},"end":{}}],"line":5},"1":{"loc":{"start":{"line":30,"column":16},"end":{"line":30,"column":40}},"type":"binary-expr","locations":[{"start":{"line":30,"column":16},"end":{"line":30,"column":25}},{"start":{"line":30,"column":29},"end":{"line":30,"column":40}}],"line":30},"2":{"loc":{"start":{"line":43,"column":21},"end":{"line":43,"column":46}},"type":"binary-expr","locations":[{"start":{"line":43,"column":21},"end":{"line":43,"column":39}},{"start":{"line":43,"column":43},"end":{"line":43,"column":46}}],"line":43},"3":{"loc":{"start":{"line":48,"column":21},"end":{"line":50,"column":27}},"type":"cond-expr","locations":[{"start":{"line":49,"column":24},"end":{"line":49,"column":73}},{"start":{"line":50,"column":24},"end":{"line":50,"column":27}}],"line":48},"4":{"loc":{"start":{"line":62,"column":23},"end":{"line":69,"column":23}},"type":"binary-expr","locations":[{"start":{"line":62,"column":23},"end":{"line":62,"column":32}},{"start":{"line":62,"column":36},"end":{"line":62,"column":45}},{"start":{"line":63,"column":24},"end":{"line":68,"column":33}}],"line":62},"5":{"loc":{"start":{"line":70,"column":23},"end":{"line":77,"column":23}},"type":"binary-expr","locations":[{"start":{"line":70,"column":23},"end":{"line":70,"column":34}},{"start":{"line":71,"column":24},"end":{"line":76,"column":33}}],"line":70},"6":{"loc":{"start":{"line":78,"column":23},"end":{"line":85,"column":23}},"type":"binary-expr","locations":[{"start":{"line":78,"column":23},"end":{"line":78,"column":34}},{"start":{"line":79,"column":24},"end":{"line":84,"column":33}}],"line":78},"7":{"loc":{"start":{"line":86,"column":23},"end":{"line":93,"column":23}},"type":"binary-expr","locations":[{"start":{"line":86,"column":23},"end":{"line":86,"column":32}},{"start":{"line":87,"column":24},"end":{"line":92,"column":33}}],"line":86}},"s":{"0":8,"1":0,"2":8,"3":16,"4":16,"5":16,"6":16,"7":16,"8":0,"9":0,"10":1,"11":0},"f":{"0":8,"1":16,"2":0,"3":0,"4":1,"5":0},"b":{"0":[0,8],"1":[16,16],"2":[16,8],"3":[16,0],"4":[16,0,0],"5":[16,0],"6":[16,8],"7":[16,0]},"_coverageSchema":"1a1c01bbd47fc00a2c39e90264f33305004495a9","hash":"c1ada22c216f5888940a56675d4bd984e057f83c"}
,"D:\\HOC_TAP\\QL-KhachSan\\frontend\\src\\components\\booking\\CheckInForm.jsx": {"path":"D:\\HOC_TAP\\QL-KhachSan\\frontend\\src\\components\\booking\\CheckInForm.jsx","statementMap":{"0":{"start":{"line":15,"column":17},"end":{"line":25,"column":1}},"1":{"start":{"line":16,"column":17},"end":{"line":16,"column":19}},"2":{"start":{"line":17,"column":2},"end":{"line":17,"column":58}},"3":{"start":{"line":17,"column":20},"end":{"line":17,"column":58}},"4":{"start":{"line":18,"column":2},"end":{"line":18,"column":71}},"5":{"start":{"line":18,"column":22},"end":{"line":18,"column":71}},"6":{"start":{"line":19,"column":2},"end":{"line":20,"column":85}},"7":{"start":{"line":19,"column":30},"end":{"line":19,"column":81}},"8":{"start":{"line":20,"column":7},"end":{"line":20,"column":85}},"9":{"start":{"line":20,"column":45},"end":{"line":20,"column":85}},"10":{"start":{"line":21,"column":2},"end":{"line":23,"column":3}},"11":{"start":{"line":22,"column":4},"end":{"line":22,"column":68}},"12":{"start":{"line":24,"column":2},"end":{"line":24,"column":16}},"13":{"start":{"line":28,"column":19},"end":{"line":28,"column":28}},"14":{"start":{"line":29,"column":46},"end":{"line":29,"column":58}},"15":{"start":{"line":30,"column":34},"end":{"line":35,"column":4}},"16":{"start":{"line":36,"column":30},"end":{"line":36,"column":42}},"17":{"start":{"line":37,"column":36},"end":{"line":37,"column":51}},"18":{"start":{"line":39,"column":2},"end":{"line":53,"column":22}},"19":{"start":{"line":40,"column":23},"end":{"line":51,"column":5}},"20":{"start":{"line":41,"column":6},"end":{"line":41,"column":33}},"21":{"start":{"line":41,"column":26},"end":{"line":41,"column":33}},"22":{"start":{"line":42,"column":6},"end":{"line":50,"column":7}},"23":{"start":{"line":43,"column":35},"end":{"line":46,"column":10}},"24":{"start":{"line":47,"column":8},"end":{"line":47,"column":62}},"25":{"start":{"line":49,"column":8},"end":{"line":49,"column":30}},"26":{"start":{"line":52,"column":4},"end":{"line":52,"column":17}},"27":{"start":{"line":55,"column":23},"end":{"line":66,"column":3}},"28":{"start":{"line":56,"column":4},"end":{"line":56,"column":57}},"29":{"start":{"line":56,"column":27},"end":{"line":56,"column":54}},"30":{"start":{"line":57,"column":4},"end":{"line":65,"column":5}},"31":{"start":{"line":58,"column":6},"end":{"line":64,"column":9}},"32":{"start":{"line":59,"column":21},"end":{"line":59,"column":32}},"33":{"start":{"line":60,"column":27},"end":{"line":60,"column":75}},"34":{"start":{"line":61,"column":8},"end":{"line":62,"column":32}},"35":{"start":{"line":61,"column":24},"end":{"line":61,"column":49}},"36":{"start":{"line":62,"column":13},"end":{"line":62,"column":32}},"37":{"start":{"line":63,"column":8},"end":{"line":63,"column":20}},"38":{"start":{"line":68,"column":23},"end":{"line":83,"column":3}},"39":{"start":{"line":69,"column":4},"end":{"line":69,"column":23}},"40":{"start":{"line":70,"column":4},"end":{"line":70,"column":23}},"41":{"start":{"line":71,"column":17},"end":{"line":71,"column":35}},"42":{"start":{"line":72,"column":4},"end":{"line":75,"column":5}},"43":{"start":{"line":73,"column":6},"end":{"line":73,"column":22}},"44":{"start":{"line":74,"column":6},"end":{"line":74,"column":13}},"45":{"start":{"line":76,"column":4},"end":{"line":76,"column":18}},"46":{"start":{"line":77,"column":4},"end":{"line":82,"column":7}},"47":{"start":{"line":85,"column":16},"end":{"line":85,"column":54}},"48":{"start":{"line":86,"column":21},"end":{"line":87,"column":60}},"49":{"start":{"line":87,"column":4},"end":{"line":87,"column":60}},"50":{"start":{"line":89,"column":21},"end":{"line":95,"column":12}},"51":{"start":{"line":90,"column":4},"end":{"line":95,"column":12}},"52":{"start":{"line":97,"column":2},"end":{"line":177,"column":4}},"53":{"start":{"line":114,"column":29},"end":{"line":114,"column":67}},"54":{"start":{"line":118,"column":14},"end":{"line":120,"column":23}},"55":{"start":{"line":135,"column":29},"end":{"line":135,"column":69}},"56":{"start":{"line":149,"column":29},"end":{"line":149,"column":70}},"57":{"start":{"line":161,"column":29},"end":{"line":161,"column":71}}},"fnMap":{"0":{"name":"(anonymous_0)","decl":{"start":{"line":15,"column":17},"end":{"line":15,"column":18}},"loc":{"start":{"line":15,"column":27},"end":{"line":25,"column":1}},"line":15},"1":{"name":"CheckInForm","decl":{"start":{"line":27,"column":24},"end":{"line":27,"column":35}},"loc":{"start":{"line":27,"column":60},"end":{"line":178,"column":1}},"line":27},"2":{"name":"(anonymous_2)","decl":{"start":{"line":39,"column":12},"end":{"line":39,"column":13}},"loc":{"start":{"line":39,"column":18},"end":{"line":53,"column":3}},"line":39},"3":{"name":"(anonymous_3)","decl":{"start":{"line":40,"column":23},"end":{"line":40,"column":24}},"loc":{"start":{"line":40,"column":35},"end":{"line":51,"column":5}},"line":40},"4":{"name":"(anonymous_4)","decl":{"start":{"line":55,"column":23},"end":{"line":55,"column":24}},"loc":{"start":{"line":55,"column":41},"end":{"line":66,"column":3}},"line":55},"5":{"name":"(anonymous_5)","decl":{"start":{"line":56,"column":16},"end":{"line":56,"column":17}},"loc":{"start":{"line":56,"column":27},"end":{"line":56,"column":54}},"line":56},"6":{"name":"(anonymous_6)","decl":{"start":{"line":58,"column":16},"end":{"line":58,"column":17}},"loc":{"start":{"line":58,"column":26},"end":{"line":64,"column":7}},"line":58},"7":{"name":"(anonymous_7)","decl":{"start":{"line":68,"column":23},"end":{"line":68,"column":24}},"loc":{"start":{"line":68,"column":30},"end":{"line":83,"column":3}},"line":68},"8":{"name":"(anonymous_8)","decl":{"start":{"line":86,"column":21},"end":{"line":86,"column":22}},"loc":{"start":{"line":87,"column":4},"end":{"line":87,"column":60}},"line":87},"9":{"name":"(anonymous_9)","decl":{"start":{"line":89,"column":21},"end":{"line":89,"column":22}},"loc":{"start":{"line":90,"column":4},"end":{"line":95,"column":12}},"line":90},"10":{"name":"(anonymous_10)","decl":{"start":{"line":114,"column":22},"end":{"line":114,"column":23}},"loc":{"start":{"line":114,"column":29},"end":{"line":114,"column":67}},"line":114},"11":{"name":"(anonymous_11)","decl":{"start":{"line":117,"column":32},"end":{"line":117,"column":33}},"loc":{"start":{"line":118,"column":14},"end":{"line":120,"column":23}},"line":118},"12":{"name":"(anonymous_12)","decl":{"start":{"line":135,"column":22},"end":{"line":135,"column":23}},"loc":{"start":{"line":135,"column":29},"end":{"line":135,"column":69}},"line":135},"13":{"name":"(anonymous_13)","decl":{"start":{"line":149,"column":22},"end":{"line":149,"column":23}},"loc":{"start":{"line":149,"column":29},"end":{"line":149,"column":70}},"line":149},"14":{"name":"(anonymous_14)","decl":{"start":{"line":161,"column":22},"end":{"line":161,"column":23}},"loc":{"start":{"line":161,"column":29},"end":{"line":161,"column":71}},"line":161}},"branchMap":{"0":{"loc":{"start":{"line":17,"column":2},"end":{"line":17,"column":58}},"type":"if","locations":[{"start":{"line":17,"column":2},"end":{"line":17,"column":58}},{"start":{},"end":{}}],"line":17},"1":{"loc":{"start":{"line":18,"column":2},"end":{"line":18,"column":71}},"type":"if","locations":[{"start":{"line":18,"column":2},"end":{"line":18,"column":71}},{"start":{},"end":{}}],"line":18},"2":{"loc":{"start":{"line":19,"column":2},"end":{"line":20,"column":85}},"type":"if","locations":[{"start":{"line":19,"column":2},"end":{"line":20,"column":85}},{"start":{"line":20,"column":7},"end":{"line":20,"column":85}}],"line":19},"3":{"loc":{"start":{"line":20,"column":7},"end":{"line":20,"column":85}},"type":"if","locations":[{"start":{"line":20,"column":7},"end":{"line":20,"column":85}},{"start":{},"end":{}}],"line":20},"4":{"loc":{"start":{"line":21,"column":2},"end":{"line":23,"column":3}},"type":"if","locations":[{"start":{"line":21,"column":2},"end":{"line":23,"column":3}},{"start":{},"end":{}}],"line":21},"5":{"loc":{"start":{"line":21,"column":6},"end":{"line":21,"column":71}},"type":"binary-expr","locations":[{"start":{"line":21,"column":6},"end":{"line":21,"column":21}},{"start":{"line":21,"column":25},"end":{"line":21,"column":71}}],"line":21},"6":{"loc":{"start":{"line":41,"column":6},"end":{"line":41,"column":33}},"type":"if","locations":[{"start":{"line":41,"column":6},"end":{"line":41,"column":33}},{"start":{},"end":{}}],"line":41},"7":{"loc":{"start":{"line":57,"column":4},"end":{"line":65,"column":5}},"type":"if","locations":[{"start":{"line":57,"column":4},"end":{"line":65,"column":5}},{"start":{},"end":{}}],"line":57},"8":{"loc":{"start":{"line":61,"column":8},"end":{"line":62,"column":32}},"type":"if","locations":[{"start":{"line":61,"column":8},"end":{"line":62,"column":32}},{"start":{"line":62,"column":13},"end":{"line":62,"column":32}}],"line":61},"9":{"loc":{"start":{"line":72,"column":4},"end":{"line":75,"column":5}},"type":"if","locations":[{"start":{"line":72,"column":4},"end":{"line":75,"column":5}},{"start":{},"end":{}}],"line":72},"10":{"loc":{"start":{"line":81,"column":18},"end":{"line":81,"column":52}},"type":"binary-expr","locations":[{"start":{"line":81,"column":18},"end":{"line":81,"column":44}},{"start":{"line":81,"column":48},"end":{"line":81,"column":52}}],"line":81},"11":{"loc":{"start":{"line":87,"column":20},"end":{"line":87,"column":51}},"type":"cond-expr","locations":[{"start":{"line":87,"column":36},"end":{"line":87,"column":46}},{"start":{"line":87,"column":49},"end":{"line":87,"column":51}}],"line":87},"12":{"loc":{"start":{"line":90,"column":4},"end":{"line":95,"column":12}},"type":"cond-expr","locations":[{"start":{"line":91,"column":6},"end":{"line":94,"column":10}},{"start":{"line":95,"column":8},"end":{"line":95,"column":12}}],"line":90},"13":{"loc":{"start":{"line":119,"column":39},"end":{"line":119,"column":83}},"type":"cond-expr","locations":[{"start":{"line":119,"column":65},"end":{"line":119,"column":73}},{"start":{"line":119,"column":76},"end":{"line":119,"column":83}}],"line":119}},"s":{"0":2,"1":4,"2":4,"3":2,"4":4,"5":2,"6":4,"7":2,"8":2,"9":0,"10":4,"11":1,"12":4,"13":68,"14":68,"15":68,"16":68,"17":68,"18":68,"19":13,"20":13,"21":0,"22":13,"23":13,"24":13,"25":0,"26":13,"27":68,"28":30,"29":30,"30":30,"31":0,"32":0,"33":0,"34":0,"35":0,"36":0,"37":0,"38":68,"39":4,"40":4,"41":4,"42":4,"43":2,"44":2,"45":2,"46":2,"47":68,"48":68,"49":272,"50":68,"51":272,"52":68,"53":2,"54":80,"55":2,"56":20,"57":6},"f":{"0":4,"1":68,"2":13,"3":13,"4":30,"5":30,"6":0,"7":4,"8":272,"9":272,"10":2,"11":80,"12":2,"13":20,"14":6},"b":{"0":[2,2],"1":[2,2],"2":[2,2],"3":[0,2],"4":[1,3],"5":[4,1],"6":[0,13],"7":[0,30],"8":[0,0],"9":[2,2],"10":[2,2],"11":[7,265],"12":[7,265],"13":[0,80]},"_coverageSchema":"1a1c01bbd47fc00a2c39e90264f33305004495a9","hash":"cc2c57336dbe30589417ca3635466a1548148216"}
,"D:\\HOC_TAP\\QL-KhachSan\\frontend\\src\\components\\booking\\CreateBookingForm.jsx": {"path":"D:\\HOC_TAP\\QL-KhachSan\\frontend\\src\\components\\booking\\CreateBookingForm.jsx","statementMap":{"0":{"start":{"line":15,"column":17},"end":{"line":29,"column":1}},"1":{"start":{"line":16,"column":17},"end":{"line":16,"column":19}},"2":{"start":{"line":17,"column":2},"end":{"line":17,"column":58}},"3":{"start":{"line":17,"column":20},"end":{"line":17,"column":58}},"4":{"start":{"line":18,"column":2},"end":{"line":18,"column":70}},"5":{"start":{"line":18,"column":21},"end":{"line":18,"column":70}},"6":{"start":{"line":19,"column":2},"end":{"line":22,"column":3}},"7":{"start":{"line":19,"column":22},"end":{"line":19,"column":71}},"8":{"start":{"line":20,"column":7},"end":{"line":22,"column":3}},"9":{"start":{"line":21,"column":4},"end":{"line":21,"column":64}},"10":{"start":{"line":23,"column":2},"end":{"line":24,"column":85}},"11":{"start":{"line":23,"column":30},"end":{"line":23,"column":81}},"12":{"start":{"line":24,"column":7},"end":{"line":24,"column":85}},"13":{"start":{"line":24,"column":45},"end":{"line":24,"column":85}},"14":{"start":{"line":25,"column":2},"end":{"line":27,"column":3}},"15":{"start":{"line":26,"column":4},"end":{"line":26,"column":68}},"16":{"start":{"line":28,"column":2},"end":{"line":28,"column":16}},"17":{"start":{"line":32,"column":19},"end":{"line":32,"column":28}},"18":{"start":{"line":33,"column":46},"end":{"line":33,"column":58}},"19":{"start":{"line":34,"column":34},"end":{"line":40,"column":4}},"20":{"start":{"line":41,"column":30},"end":{"line":41,"column":42}},"21":{"start":{"line":42,"column":36},"end":{"line":42,"column":51}},"22":{"start":{"line":44,"column":2},"end":{"line":50,"column":22}},"23":{"start":{"line":45,"column":4},"end":{"line":49,"column":5}},"24":{"start":{"line":46,"column":6},"end":{"line":48,"column":44}},"25":{"start":{"line":47,"column":23},"end":{"line":47,"column":50}},"26":{"start":{"line":48,"column":21},"end":{"line":48,"column":42}},"27":{"start":{"line":52,"column":23},"end":{"line":63,"column":3}},"28":{"start":{"line":53,"column":4},"end":{"line":53,"column":57}},"29":{"start":{"line":53,"column":27},"end":{"line":53,"column":54}},"30":{"start":{"line":54,"column":4},"end":{"line":62,"column":5}},"31":{"start":{"line":55,"column":6},"end":{"line":61,"column":9}},"32":{"start":{"line":56,"column":21},"end":{"line":56,"column":32}},"33":{"start":{"line":57,"column":27},"end":{"line":57,"column":75}},"34":{"start":{"line":58,"column":8},"end":{"line":59,"column":32}},"35":{"start":{"line":58,"column":24},"end":{"line":58,"column":49}},"36":{"start":{"line":59,"column":13},"end":{"line":59,"column":32}},"37":{"start":{"line":60,"column":8},"end":{"line":60,"column":20}},"38":{"start":{"line":65,"column":23},"end":{"line":81,"column":3}},"39":{"start":{"line":66,"column":4},"end":{"line":66,"column":23}},"40":{"start":{"line":67,"column":4},"end":{"line":67,"column":23}},"41":{"start":{"line":68,"column":17},"end":{"line":68,"column":35}},"42":{"start":{"line":69,"column":4},"end":{"line":72,"column":5}},"43":{"start":{"line":70,"column":6},"end":{"line":70,"column":22}},"44":{"start":{"line":71,"column":6},"end":{"line":71,"column":13}},"45":{"start":{"line":73,"column":4},"end":{"line":73,"column":18}},"46":{"start":{"line":74,"column":4},"end":{"line":80,"column":7}},"47":{"start":{"line":83,"column":16},"end":{"line":83,"column":54}},"48":{"start":{"line":84,"column":21},"end":{"line":85,"column":60}},"49":{"start":{"line":85,"column":4},"end":{"line":85,"column":60}},"50":{"start":{"line":87,"column":21},"end":{"line":93,"column":12}},"51":{"start":{"line":88,"column":4},"end":{"line":93,"column":12}},"52":{"start":{"line":95,"column":2},"end":{"line":189,"column":4}},"53":{"start":{"line":112,"column":29},"end":{"line":112,"column":67}},"54":{"start":{"line":116,"column":14},"end":{"line":118,"column":23}},"55":{"start":{"line":133,"column":29},"end":{"line":133,"column":70}},"56":{"start":{"line":147,"column":29},"end":{"line":147,"column":68}},"57":{"start":{"line":161,"column":29},"end":{"line":161,"column":69}},"58":{"start":{"line":173,"column":29},"end":{"line":173,"column":71}}},"fnMap":{"0":{"name":"(anonymous_0)","decl":{"start":{"line":15,"column":17},"end":{"line":15,"column":18}},"loc":{"start":{"line":15,"column":27},"end":{"line":29,"column":1}},"line":15},"1":{"name":"CreateBookingForm","decl":{"start":{"line":31,"column":24},"end":{"line":31,"column":41}},"loc":{"start":{"line":31,"column":66},"end":{"line":190,"column":1}},"line":31},"2":{"name":"(anonymous_2)","decl":{"start":{"line":44,"column":12},"end":{"line":44,"column":13}},"loc":{"start":{"line":44,"column":18},"end":{"line":50,"column":3}},"line":44},"3":{"name":"(anonymous_3)","decl":{"start":{"line":47,"column":14},"end":{"line":47,"column":15}},"loc":{"start":{"line":47,"column":23},"end":{"line":47,"column":50}},"line":47},"4":{"name":"(anonymous_4)","decl":{"start":{"line":48,"column":15},"end":{"line":48,"column":16}},"loc":{"start":{"line":48,"column":21},"end":{"line":48,"column":42}},"line":48},"5":{"name":"(anonymous_5)","decl":{"start":{"line":52,"column":23},"end":{"line":52,"column":24}},"loc":{"start":{"line":52,"column":41},"end":{"line":63,"column":3}},"line":52},"6":{"name":"(anonymous_6)","decl":{"start":{"line":53,"column":16},"end":{"line":53,"column":17}},"loc":{"start":{"line":53,"column":27},"end":{"line":53,"column":54}},"line":53},"7":{"name":"(anonymous_7)","decl":{"start":{"line":55,"column":16},"end":{"line":55,"column":17}},"loc":{"start":{"line":55,"column":26},"end":{"line":61,"column":7}},"line":55},"8":{"name":"(anonymous_8)","decl":{"start":{"line":65,"column":23},"end":{"line":65,"column":24}},"loc":{"start":{"line":65,"column":30},"end":{"line":81,"column":3}},"line":65},"9":{"name":"(anonymous_9)","decl":{"start":{"line":84,"column":21},"end":{"line":84,"column":22}},"loc":{"start":{"line":85,"column":4},"end":{"line":85,"column":60}},"line":85},"10":{"name":"(anonymous_10)","decl":{"start":{"line":87,"column":21},"end":{"line":87,"column":22}},"loc":{"start":{"line":88,"column":4},"end":{"line":93,"column":12}},"line":88},"11":{"name":"(anonymous_11)","decl":{"start":{"line":112,"column":22},"end":{"line":112,"column":23}},"loc":{"start":{"line":112,"column":29},"end":{"line":112,"column":67}},"line":112},"12":{"name":"(anonymous_12)","decl":{"start":{"line":115,"column":32},"end":{"line":115,"column":33}},"loc":{"start":{"line":116,"column":14},"end":{"line":118,"column":23}},"line":116},"13":{"name":"(anonymous_13)","decl":{"start":{"line":133,"column":22},"end":{"line":133,"column":23}},"loc":{"start":{"line":133,"column":29},"end":{"line":133,"column":70}},"line":133},"14":{"name":"(anonymous_14)","decl":{"start":{"line":147,"column":22},"end":{"line":147,"column":23}},"loc":{"start":{"line":147,"column":29},"end":{"line":147,"column":68}},"line":147},"15":{"name":"(anonymous_15)","decl":{"start":{"line":161,"column":22},"end":{"line":161,"column":23}},"loc":{"start":{"line":161,"column":29},"end":{"line":161,"column":69}},"line":161},"16":{"name":"(anonymous_16)","decl":{"start":{"line":173,"column":22},"end":{"line":173,"column":23}},"loc":{"start":{"line":173,"column":29},"end":{"line":173,"column":71}},"line":173}},"branchMap":{"0":{"loc":{"start":{"line":17,"column":2},"end":{"line":17,"column":58}},"type":"if","locations":[{"start":{"line":17,"column":2},"end":{"line":17,"column":58}},{"start":{},"end":{}}],"line":17},"1":{"loc":{"start":{"line":18,"column":2},"end":{"line":18,"column":70}},"type":"if","locations":[{"start":{"line":18,"column":2},"end":{"line":18,"column":70}},{"start":{},"end":{}}],"line":18},"2":{"loc":{"start":{"line":19,"column":2},"end":{"line":22,"column":3}},"type":"if","locations":[{"start":{"line":19,"column":2},"end":{"line":22,"column":3}},{"start":{"line":20,"column":7},"end":{"line":22,"column":3}}],"line":19},"3":{"loc":{"start":{"line":20,"column":7},"end":{"line":22,"column":3}},"type":"if","locations":[{"start":{"line":20,"column":7},"end":{"line":22,"column":3}},{"start":{},"end":{}}],"line":20},"4":{"loc":{"start":{"line":20,"column":11},"end":{"line":20,"column":56}},"type":"binary-expr","locations":[{"start":{"line":20,"column":11},"end":{"line":20,"column":23}},{"start":{"line":20,"column":27},"end":{"line":20,"column":56}}],"line":20},"5":{"loc":{"start":{"line":23,"column":2},"end":{"line":24,"column":85}},"type":"if","locations":[{"start":{"line":23,"column":2},"end":{"line":24,"column":85}},{"start":{"line":24,"column":7},"end":{"line":24,"column":85}}],"line":23},"6":{"loc":{"start":{"line":24,"column":7},"end":{"line":24,"column":85}},"type":"if","locations":[{"start":{"line":24,"column":7},"end":{"line":24,"column":85}},{"start":{},"end":{}}],"line":24},"7":{"loc":{"start":{"line":25,"column":2},"end":{"line":27,"column":3}},"type":"if","locations":[{"start":{"line":25,"column":2},"end":{"line":27,"column":3}},{"start":{},"end":{}}],"line":25},"8":{"loc":{"start":{"line":25,"column":6},"end":{"line":25,"column":71}},"type":"binary-expr","locations":[{"start":{"line":25,"column":6},"end":{"line":25,"column":21}},{"start":{"line":25,"column":25},"end":{"line":25,"column":71}}],"line":25},"9":{"loc":{"start":{"line":45,"column":4},"end":{"line":49,"column":5}},"type":"if","locations":[{"start":{"line":45,"column":4},"end":{"line":49,"column":5}},{"start":{},"end":{}}],"line":45},"10":{"loc":{"start":{"line":54,"column":4},"end":{"line":62,"column":5}},"type":"if","locations":[{"start":{"line":54,"column":4},"end":{"line":62,"column":5}},{"start":{},"end":{}}],"line":54},"11":{"loc":{"start":{"line":58,"column":8},"end":{"line":59,"column":32}},"type":"if","locations":[{"start":{"line":58,"column":8},"end":{"line":59,"column":32}},{"start":{"line":59,"column":13},"end":{"line":59,"column":32}}],"line":58},"12":{"loc":{"start":{"line":69,"column":4},"end":{"line":72,"column":5}},"type":"if","locations":[{"start":{"line":69,"column":4},"end":{"line":72,"column":5}},{"start":{},"end":{}}],"line":69},"13":{"loc":{"start":{"line":79,"column":18},"end":{"line":79,"column":52}},"type":"binary-expr","locations":[{"start":{"line":79,"column":18},"end":{"line":79,"column":44}},{"start":{"line":79,"column":48},"end":{"line":79,"column":52}}],"line":79},"14":{"loc":{"start":{"line":85,"column":20},"end":{"line":85,"column":51}},"type":"cond-expr","locations":[{"start":{"line":85,"column":36},"end":{"line":85,"column":46}},{"start":{"line":85,"column":49},"end":{"line":85,"column":51}}],"line":85},"15":{"loc":{"start":{"line":88,"column":4},"end":{"line":93,"column":12}},"type":"cond-expr","locations":[{"start":{"line":89,"column":6},"end":{"line":92,"column":10}},{"start":{"line":93,"column":8},"end":{"line":93,"column":12}}],"line":88},"16":{"loc":{"start":{"line":160,"column":17},"end":{"line":160,"column":42}},"type":"binary-expr","locations":[{"start":{"line":160,"column":17},"end":{"line":160,"column":33}},{"start":{"line":160,"column":37},"end":{"line":160,"column":42}}],"line":160}},"s":{"0":2,"1":4,"2":4,"3":2,"4":4,"5":2,"6":4,"7":2,"8":2,"9":0,"10":4,"11":2,"12":2,"13":0,"14":4,"15":1,"16":4,"17":70,"18":70,"19":70,"20":70,"21":70,"22":70,"23":13,"24":13,"25":13,"26":0,"27":70,"28":32,"29":32,"30":32,"31":0,"32":0,"33":0,"34":0,"35":0,"36":0,"37":0,"38":70,"39":4,"40":4,"41":4,"42":4,"43":2,"44":2,"45":2,"46":2,"47":70,"48":70,"49":350,"50":70,"51":350,"52":70,"53":2,"54":84,"55":20,"56":2,"57":2,"58":6},"f":{"0":4,"1":70,"2":13,"3":13,"4":0,"5":32,"6":32,"7":0,"8":4,"9":350,"10":350,"11":2,"12":84,"13":20,"14":2,"15":2,"16":6},"b":{"0":[2,2],"1":[2,2],"2":[2,2],"3":[0,2],"4":[2,2],"5":[2,2],"6":[0,2],"7":[1,3],"8":[4,1],"9":[13,0],"10":[0,32],"11":[0,0],"12":[2,2],"13":[2,2],"14":[9,341],"15":[9,341],"16":[70,44]},"_coverageSchema":"1a1c01bbd47fc00a2c39e90264f33305004495a9","hash":"dadd88676e27db4d095882e762535aa70856b25c"}
,"D:\\HOC_TAP\\QL-KhachSan\\frontend\\src\\components\\customerBooking\\ConfirmScreen.jsx": {"path":"D:\\HOC_TAP\\QL-KhachSan\\frontend\\src\\components\\customerBooking\\ConfirmScreen.jsx","statementMap":{"0":{"start":{"line":5,"column":12},"end":{"line":6,"column":43}},"1":{"start":{"line":6,"column":4},"end":{"line":6,"column":43}},"2":{"start":{"line":8,"column":13},"end":{"line":8,"column":49}},"3":{"start":{"line":8,"column":20},"end":{"line":8,"column":49}},"4":{"start":{"line":10,"column":24},"end":{"line":13,"column":1}},"5":{"start":{"line":17,"column":28},"end":{"line":17,"column":79}},"6":{"start":{"line":17,"column":49},"end":{"line":17,"column":78}},"7":{"start":{"line":18,"column":20},"end":{"line":18,"column":75}},"8":{"start":{"line":18,"column":46},"end":{"line":18,"column":67}},"9":{"start":{"line":19,"column":17},"end":{"line":19,"column":65}},"10":{"start":{"line":21,"column":4},"end":{"line":94,"column":6}},"11":{"start":{"line":46,"column":28},"end":{"line":48,"column":76}},"12":{"start":{"line":98,"column":4},"end":{"line":103,"column":6}},"13":{"start":{"line":107,"column":4},"end":{"line":112,"column":6}}},"fnMap":{"0":{"name":"(anonymous_0)","decl":{"start":{"line":5,"column":12},"end":{"line":5,"column":13}},"loc":{"start":{"line":6,"column":4},"end":{"line":6,"column":43}},"line":6},"1":{"name":"(anonymous_1)","decl":{"start":{"line":8,"column":13},"end":{"line":8,"column":14}},"loc":{"start":{"line":8,"column":20},"end":{"line":8,"column":49}},"line":8},"2":{"name":"ConfirmScreen","decl":{"start":{"line":15,"column":24},"end":{"line":15,"column":37}},"loc":{"start":{"line":16,"column":70},"end":{"line":95,"column":1}},"line":16},"3":{"name":"(anonymous_3)","decl":{"start":{"line":17,"column":44},"end":{"line":17,"column":45}},"loc":{"start":{"line":17,"column":49},"end":{"line":17,"column":78}},"line":17},"4":{"name":"(anonymous_4)","decl":{"start":{"line":18,"column":41},"end":{"line":18,"column":42}},"loc":{"start":{"line":18,"column":46},"end":{"line":18,"column":67}},"line":18},"5":{"name":"(anonymous_5)","decl":{"start":{"line":45,"column":45},"end":{"line":45,"column":46}},"loc":{"start":{"line":46,"column":28},"end":{"line":48,"column":76}},"line":46},"6":{"name":"Section","decl":{"start":{"line":97,"column":9},"end":{"line":97,"column":16}},"loc":{"start":{"line":97,"column":38},"end":{"line":104,"column":1}},"line":97},"7":{"name":"Row","decl":{"start":{"line":106,"column":9},"end":{"line":106,"column":12}},"loc":{"start":{"line":106,"column":31},"end":{"line":113,"column":1}},"line":106}},"branchMap":{"0":{"loc":{"start":{"line":17,"column":50},"end":{"line":17,"column":73}},"type":"binary-expr","locations":[{"start":{"line":17,"column":50},"end":{"line":17,"column":68}},{"start":{"line":17,"column":72},"end":{"line":17,"column":73}}],"line":17},"1":{"loc":{"start":{"line":19,"column":28},"end":{"line":19,"column":64}},"type":"binary-expr","locations":[{"start":{"line":19,"column":28},"end":{"line":19,"column":56}},{"start":{"line":19,"column":60},"end":{"line":19,"column":64}}],"line":19},"2":{"loc":{"start":{"line":28,"column":47},"end":{"line":28,"column":67}},"type":"binary-expr","locations":[{"start":{"line":28,"column":47},"end":{"line":28,"column":60}},{"start":{"line":28,"column":64},"end":{"line":28,"column":67}}],"line":28},"3":{"loc":{"start":{"line":29,"column":46},"end":{"line":29,"column":63}},"type":"binary-expr","locations":[{"start":{"line":29,"column":46},"end":{"line":29,"column":56}},{"start":{"line":29,"column":60},"end":{"line":29,"column":63}}],"line":29},"4":{"loc":{"start":{"line":30,"column":44},"end":{"line":30,"column":61}},"type":"binary-expr","locations":[{"start":{"line":30,"column":44},"end":{"line":30,"column":54}},{"start":{"line":30,"column":58},"end":{"line":30,"column":61}}],"line":30},"5":{"loc":{"start":{"line":43,"column":17},"end":{"line":51,"column":17}},"type":"binary-expr","locations":[{"start":{"line":43,"column":17},"end":{"line":43,"column":43}},{"start":{"line":44,"column":20},"end":{"line":50,"column":30}}],"line":43},"6":{"loc":{"start":{"line":57,"column":21},"end":{"line":57,"column":84}},"type":"binary-expr","locations":[{"start":{"line":57,"column":21},"end":{"line":57,"column":34}},{"start":{"line":57,"column":38},"end":{"line":57,"column":84}}],"line":57},"7":{"loc":{"start":{"line":80,"column":21},"end":{"line":90,"column":21}},"type":"cond-expr","locations":[{"start":{"line":81,"column":24},"end":{"line":84,"column":27}},{"start":{"line":86,"column":24},"end":{"line":89,"column":27}}],"line":80}},"s":{"0":1,"1":59,"2":1,"3":50,"4":1,"5":25,"6":75,"7":25,"8":27,"9":25,"10":25,"11":8,"12":80,"13":259},"f":{"0":59,"1":50,"2":25,"3":75,"4":27,"5":8,"6":80,"7":259},"b":{"0":[75,66],"1":[25,1],"2":[25,1],"3":[25,2],"4":[25,2],"5":[25,5],"6":[25,1],"7":[2,23]},"_coverageSchema":"1a1c01bbd47fc00a2c39e90264f33305004495a9","hash":"2f51f18bf0fbc7e60e5dab0163c1570c0b2018ac"}
,"D:\\HOC_TAP\\QL-KhachSan\\frontend\\src\\components\\customerBooking\\CusTomerRoomCard.jsx": {"path":"D:\\HOC_TAP\\QL-KhachSan\\frontend\\src\\components\\customerBooking\\CusTomerRoomCard.jsx","statementMap":{"0":{"start":{"line":7,"column":19},"end":{"line":7,"column":32}},"1":{"start":{"line":9,"column":22},"end":{"line":14,"column":69}},"2":{"start":{"line":16,"column":22},"end":{"line":22,"column":31}},"3":{"start":{"line":24,"column":21},"end":{"line":24,"column":48}},"4":{"start":{"line":26,"column":21},"end":{"line":35,"column":3}},"5":{"start":{"line":27,"column":18},"end":{"line":27,"column":53}},"6":{"start":{"line":28,"column":4},"end":{"line":32,"column":5}},"7":{"start":{"line":29,"column":6},"end":{"line":29,"column":47}},"8":{"start":{"line":30,"column":6},"end":{"line":30,"column":25}},"9":{"start":{"line":31,"column":6},"end":{"line":31,"column":13}},"10":{"start":{"line":34,"column":4},"end":{"line":34,"column":56}},"11":{"start":{"line":37,"column":2},"end":{"line":88,"column":4}},"12":{"start":{"line":73,"column":24},"end":{"line":73,"column":69}}},"fnMap":{"0":{"name":"CusTomerRoomCard","decl":{"start":{"line":6,"column":24},"end":{"line":6,"column":40}},"loc":{"start":{"line":6,"column":51},"end":{"line":89,"column":1}},"line":6},"1":{"name":"(anonymous_1)","decl":{"start":{"line":26,"column":21},"end":{"line":26,"column":22}},"loc":{"start":{"line":26,"column":27},"end":{"line":35,"column":3}},"line":26},"2":{"name":"(anonymous_2)","decl":{"start":{"line":73,"column":19},"end":{"line":73,"column":20}},"loc":{"start":{"line":73,"column":24},"end":{"line":73,"column":69}},"line":73}},"branchMap":{"0":{"loc":{"start":{"line":9,"column":22},"end":{"line":14,"column":69}},"type":"binary-expr","locations":[{"start":{"line":9,"column":22},"end":{"line":14,"column":16}},{"start":{"line":14,"column":20},"end":{"line":14,"column":69}}],"line":9},"1":{"loc":{"start":{"line":16,"column":22},"end":{"line":22,"column":31}},"type":"binary-expr","locations":[{"start":{"line":16,"column":22},"end":{"line":22,"column":16}},{"start":{"line":22,"column":20},"end":{"line":22,"column":31}}],"line":16},"2":{"loc":{"start":{"line":28,"column":4},"end":{"line":32,"column":5}},"type":"if","locations":[{"start":{"line":28,"column":4},"end":{"line":32,"column":5}},{"start":{},"end":{}}],"line":28},"3":{"loc":{"start":{"line":49,"column":13},"end":{"line":54,"column":13}},"type":"binary-expr","locations":[{"start":{"line":49,"column":13},"end":{"line":49,"column":27}},{"start":{"line":50,"column":14},"end":{"line":53,"column":21}}],"line":49}},"s":{"0":28,"1":28,"2":28,"3":28,"4":28,"5":4,"6":4,"7":1,"8":1,"9":1,"10":3,"11":28,"12":2},"f":{"0":28,"1":4,"2":2},"b":{"0":[28,3],"1":[28,1],"2":[1,3],"3":[28,27]},"_coverageSchema":"1a1c01bbd47fc00a2c39e90264f33305004495a9","hash":"d5487af17682133375b78c13526647a716106eb2"}
,"D:\\HOC_TAP\\QL-KhachSan\\frontend\\src\\components\\customerBooking\\DatePickerCard.jsx": {"path":"D:\\HOC_TAP\\QL-KhachSan\\frontend\\src\\components\\customerBooking\\DatePickerCard.jsx","statementMap":{"0":{"start":{"line":4,"column":13},"end":{"line":4,"column":49}},"1":{"start":{"line":4,"column":20},"end":{"line":4,"column":49}},"2":{"start":{"line":7,"column":21},"end":{"line":7,"column":59}},"3":{"start":{"line":9,"column":4},"end":{"line":58,"column":6}},"4":{"start":{"line":23,"column":28},"end":{"line":23,"column":55}},"5":{"start":{"line":24,"column":28},"end":{"line":28,"column":29}},"6":{"start":{"line":25,"column":45},"end":{"line":25,"column":69}},"7":{"start":{"line":26,"column":32},"end":{"line":26,"column":65}},"8":{"start":{"line":27,"column":32},"end":{"line":27,"column":78}},"9":{"start":{"line":41,"column":39},"end":{"line":41,"column":66}}},"fnMap":{"0":{"name":"(anonymous_0)","decl":{"start":{"line":4,"column":13},"end":{"line":4,"column":14}},"loc":{"start":{"line":4,"column":20},"end":{"line":4,"column":49}},"line":4},"1":{"name":"DatePickerCard","decl":{"start":{"line":6,"column":24},"end":{"line":6,"column":38}},"loc":{"start":{"line":6,"column":95},"end":{"line":59,"column":1}},"line":6},"2":{"name":"(anonymous_2)","decl":{"start":{"line":22,"column":34},"end":{"line":22,"column":35}},"loc":{"start":{"line":22,"column":39},"end":{"line":29,"column":25}},"line":22},"3":{"name":"(anonymous_3)","decl":{"start":{"line":41,"column":34},"end":{"line":41,"column":35}},"loc":{"start":{"line":41,"column":39},"end":{"line":41,"column":66}},"line":41}},"branchMap":{"0":{"loc":{"start":{"line":24,"column":28},"end":{"line":28,"column":29}},"type":"if","locations":[{"start":{"line":24,"column":28},"end":{"line":28,"column":29}},{"start":{},"end":{}}],"line":24}},"s":{"0":1,"1":36,"2":18,"3":18,"4":6,"5":6,"6":5,"7":5,"8":5,"9":2},"f":{"0":36,"1":18,"2":6,"3":2},"b":{"0":[5,1]},"_coverageSchema":"1a1c01bbd47fc00a2c39e90264f33305004495a9","hash":"50e80e25fd455505749692925d9ac71cc5ddaeb7"}
,"D:\\HOC_TAP\\QL-KhachSan\\frontend\\src\\components\\customerBooking\\OderSummary.jsx": {"path":"D:\\HOC_TAP\\QL-KhachSan\\frontend\\src\\components\\customerBooking\\OderSummary.jsx","statementMap":{"0":{"start":{"line":4,"column":12},"end":{"line":5,"column":43}},"1":{"start":{"line":5,"column":4},"end":{"line":5,"column":43}},"2":{"start":{"line":7,"column":13},"end":{"line":7,"column":49}},"3":{"start":{"line":7,"column":20},"end":{"line":7,"column":49}},"4":{"start":{"line":10,"column":29},"end":{"line":10,"column":80}},"5":{"start":{"line":10,"column":50},"end":{"line":10,"column":79}},"6":{"start":{"line":12,"column":4},"end":{"line":81,"column":6}},"7":{"start":{"line":35,"column":40},"end":{"line":35,"column":58}},"8":{"start":{"line":36,"column":28},"end":{"line":41,"column":30}},"9":{"start":{"line":75,"column":20},"end":{"line":77,"column":24}}},"fnMap":{"0":{"name":"(anonymous_0)","decl":{"start":{"line":4,"column":12},"end":{"line":4,"column":13}},"loc":{"start":{"line":5,"column":4},"end":{"line":5,"column":43}},"line":5},"1":{"name":"(anonymous_1)","decl":{"start":{"line":7,"column":13},"end":{"line":7,"column":14}},"loc":{"start":{"line":7,"column":20},"end":{"line":7,"column":49}},"line":7},"2":{"name":"OrderSummary","decl":{"start":{"line":9,"column":24},"end":{"line":9,"column":36}},"loc":{"start":{"line":9,"column":132},"end":{"line":82,"column":1}},"line":9},"3":{"name":"(anonymous_3)","decl":{"start":{"line":10,"column":45},"end":{"line":10,"column":46}},"loc":{"start":{"line":10,"column":50},"end":{"line":10,"column":79}},"line":10},"4":{"name":"(anonymous_4)","decl":{"start":{"line":34,"column":46},"end":{"line":34,"column":47}},"loc":{"start":{"line":34,"column":51},"end":{"line":42,"column":25}},"line":34},"5":{"name":"(anonymous_5)","decl":{"start":{"line":74,"column":119},"end":{"line":74,"column":120}},"loc":{"start":{"line":75,"column":20},"end":{"line":77,"column":24}},"line":75}},"branchMap":{"0":{"loc":{"start":{"line":10,"column":51},"end":{"line":10,"column":74}},"type":"binary-expr","locations":[{"start":{"line":10,"column":51},"end":{"line":10,"column":69}},{"start":{"line":10,"column":73},"end":{"line":10,"column":74}}],"line":10},"1":{"loc":{"start":{"line":29,"column":13},"end":{"line":45,"column":13}},"type":"binary-expr","locations":[{"start":{"line":29,"column":13},"end":{"line":29,"column":40}},{"start":{"line":30,"column":16},"end":{"line":44,"column":19}}],"line":29},"2":{"loc":{"start":{"line":65,"column":17},"end":{"line":69,"column":17}},"type":"binary-expr","locations":[{"start":{"line":65,"column":17},"end":{"line":65,"column":30}},{"start":{"line":66,"column":20},"end":{"line":68,"column":24}}],"line":65}},"s":{"0":1,"1":79,"2":1,"3":44,"4":22,"5":66,"6":22,"7":11,"8":11,"9":44},"f":{"0":79,"1":44,"2":22,"3":66,"4":11,"5":44},"b":{"0":[66,54],"1":[22,8],"2":[22,2]},"_coverageSchema":"1a1c01bbd47fc00a2c39e90264f33305004495a9","hash":"6f36a1f1e8a488f2b481f565a45ce3c8388a0ac5"}
,"D:\\HOC_TAP\\QL-KhachSan\\frontend\\src\\components\\customerBooking\\ServiceCard.jsx": {"path":"D:\\HOC_TAP\\QL-KhachSan\\frontend\\src\\components\\customerBooking\\ServiceCard.jsx","statementMap":{"0":{"start":{"line":4,"column":12},"end":{"line":5,"column":43}},"1":{"start":{"line":5,"column":4},"end":{"line":5,"column":43}},"2":{"start":{"line":8,"column":4},"end":{"line":75,"column":6}},"3":{"start":{"line":18,"column":24},"end":{"line":18,"column":82}},"4":{"start":{"line":29,"column":36},"end":{"line":29,"column":57}},"5":{"start":{"line":30,"column":40},"end":{"line":30,"column":47}},"6":{"start":{"line":31,"column":24},"end":{"line":70,"column":26}},"7":{"start":{"line":37,"column":47},"end":{"line":37,"column":63}},"8":{"start":{"line":55,"column":54},"end":{"line":55,"column":73}},"9":{"start":{"line":57,"column":59},"end":{"line":57,"column":87}},"10":{"start":{"line":63,"column":59},"end":{"line":63,"column":87}}},"fnMap":{"0":{"name":"(anonymous_0)","decl":{"start":{"line":4,"column":12},"end":{"line":4,"column":13}},"loc":{"start":{"line":5,"column":4},"end":{"line":5,"column":43}},"line":5},"1":{"name":"ServicesCard","decl":{"start":{"line":7,"column":24},"end":{"line":7,"column":36}},"loc":{"start":{"line":7,"column":93},"end":{"line":76,"column":1}},"line":7},"2":{"name":"(anonymous_2)","decl":{"start":{"line":17,"column":32},"end":{"line":17,"column":33}},"loc":{"start":{"line":18,"column":24},"end":{"line":18,"column":82}},"line":18},"3":{"name":"(anonymous_3)","decl":{"start":{"line":28,"column":34},"end":{"line":28,"column":35}},"loc":{"start":{"line":28,"column":41},"end":{"line":71,"column":21}},"line":28},"4":{"name":"(anonymous_4)","decl":{"start":{"line":37,"column":41},"end":{"line":37,"column":42}},"loc":{"start":{"line":37,"column":47},"end":{"line":37,"column":63}},"line":37},"5":{"name":"(anonymous_5)","decl":{"start":{"line":55,"column":49},"end":{"line":55,"column":50}},"loc":{"start":{"line":55,"column":54},"end":{"line":55,"column":73}},"line":55},"6":{"name":"(anonymous_6)","decl":{"start":{"line":57,"column":53},"end":{"line":57,"column":54}},"loc":{"start":{"line":57,"column":59},"end":{"line":57,"column":87}},"line":57},"7":{"name":"(anonymous_7)","decl":{"start":{"line":63,"column":53},"end":{"line":63,"column":54}},"loc":{"start":{"line":63,"column":59},"end":{"line":63,"column":87}},"line":63}},"branchMap":{"0":{"loc":{"start":{"line":15,"column":13},"end":{"line":73,"column":13}},"type":"cond-expr","locations":[{"start":{"line":16,"column":16},"end":{"line":20,"column":22}},{"start":{"line":21,"column":16},"end":{"line":73,"column":13}}],"line":15},"1":{"loc":{"start":{"line":21,"column":16},"end":{"line":73,"column":13}},"type":"cond-expr","locations":[{"start":{"line":22,"column":16},"end":{"line":25,"column":22}},{"start":{"line":27,"column":16},"end":{"line":72,"column":22}}],"line":21},"2":{"loc":{"start":{"line":29,"column":36},"end":{"line":29,"column":57}},"type":"binary-expr","locations":[{"start":{"line":29,"column":36},"end":{"line":29,"column":52}},{"start":{"line":29,"column":56},"end":{"line":29,"column":57}}],"line":29},"3":{"loc":{"start":{"line":34,"column":20},"end":{"line":36,"column":84}},"type":"cond-expr","locations":[{"start":{"line":35,"column":42},"end":{"line":35,"column":65}},{"start":{"line":36,"column":42},"end":{"line":36,"column":84}}],"line":34},"4":{"loc":{"start":{"line":42,"column":22},"end":{"line":42,"column":113}},"type":"cond-expr","locations":[{"start":{"line":42,"column":32},"end":{"line":42,"column":65}},{"start":{"line":42,"column":68},"end":{"line":42,"column":113}}],"line":42},"5":{"loc":{"start":{"line":43,"column":41},"end":{"line":43,"column":128}},"type":"binary-expr","locations":[{"start":{"line":43,"column":41},"end":{"line":43,"column":48}},{"start":{"line":43,"column":52},"end":{"line":43,"column":128}}],"line":43},"6":{"loc":{"start":{"line":53,"column":33},"end":{"line":68,"column":33}},"type":"binary-expr","locations":[{"start":{"line":53,"column":33},"end":{"line":53,"column":40}},{"start":{"line":54,"column":36},"end":{"line":67,"column":42}}],"line":53}},"s":{"0":1,"1":48,"2":21,"3":6,"4":48,"5":48,"6":48,"7":3,"8":5,"9":3,"10":2},"f":{"0":48,"1":21,"2":6,"3":48,"4":3,"5":5,"6":3,"7":2},"b":{"0":[3,18],"1":[2,16],"2":[48,37],"3":[11,37],"4":[11,37],"5":[48,11],"6":[48,11]},"_coverageSchema":"1a1c01bbd47fc00a2c39e90264f33305004495a9","hash":"da4d0ae9e42ba0951e4995bb8ca6d8276c24a6f5"}
,"D:\\HOC_TAP\\QL-KhachSan\\frontend\\src\\components\\layout\\AdminLayout.jsx": {"path":"D:\\HOC_TAP\\QL-KhachSan\\frontend\\src\\components\\layout\\AdminLayout.jsx","statementMap":{"0":{"start":{"line":15,"column":17},"end":{"line":21,"column":1}},"1":{"start":{"line":24,"column":2},"end":{"line":38,"column":4}},"2":{"start":{"line":42,"column":2},"end":{"line":65,"column":4}},"3":{"start":{"line":46,"column":10},"end":{"line":47,"column":64}},"4":{"start":{"line":49,"column":8},"end":{"line":62,"column":10}},"5":{"start":{"line":52,"column":27},"end":{"line":52,"column":43}},"6":{"start":{"line":69,"column":2},"end":{"line":92,"column":4}},"7":{"start":{"line":73,"column":10},"end":{"line":74,"column":64}},"8":{"start":{"line":76,"column":8},"end":{"line":89,"column":10}},"9":{"start":{"line":79,"column":27},"end":{"line":79,"column":43}},"10":{"start":{"line":96,"column":15},"end":{"line":96,"column":44}},"11":{"start":{"line":97,"column":16},"end":{"line":97,"column":49}},"12":{"start":{"line":99,"column":2},"end":{"line":110,"column":4}},"13":{"start":{"line":114,"column":27},"end":{"line":114,"column":36}},"14":{"start":{"line":115,"column":33},"end":{"line":115,"column":43}},"15":{"start":{"line":116,"column":19},"end":{"line":116,"column":32}},"16":{"start":{"line":117,"column":19},"end":{"line":117,"column":32}},"17":{"start":{"line":119,"column":23},"end":{"line":122,"column":3}},"18":{"start":{"line":120,"column":4},"end":{"line":120,"column":13}},"19":{"start":{"line":121,"column":4},"end":{"line":121,"column":23}},"20":{"start":{"line":124,"column":2},"end":{"line":177,"column":4}}},"fnMap":{"0":{"name":"Brand","decl":{"start":{"line":23,"column":9},"end":{"line":23,"column":14}},"loc":{"start":{"line":23,"column":17},"end":{"line":39,"column":1}},"line":23},"1":{"name":"DesktopNav","decl":{"start":{"line":41,"column":9},"end":{"line":41,"column":19}},"loc":{"start":{"line":41,"column":46},"end":{"line":66,"column":1}},"line":41},"2":{"name":"(anonymous_2)","decl":{"start":{"line":44,"column":20},"end":{"line":44,"column":21}},"loc":{"start":{"line":44,"column":47},"end":{"line":63,"column":7}},"line":44},"3":{"name":"(anonymous_3)","decl":{"start":{"line":52,"column":21},"end":{"line":52,"column":22}},"loc":{"start":{"line":52,"column":27},"end":{"line":52,"column":43}},"line":52},"4":{"name":"MobileNav","decl":{"start":{"line":68,"column":9},"end":{"line":68,"column":18}},"loc":{"start":{"line":68,"column":45},"end":{"line":93,"column":1}},"line":68},"5":{"name":"(anonymous_5)","decl":{"start":{"line":71,"column":20},"end":{"line":71,"column":21}},"loc":{"start":{"line":71,"column":47},"end":{"line":90,"column":7}},"line":71},"6":{"name":"(anonymous_6)","decl":{"start":{"line":79,"column":21},"end":{"line":79,"column":22}},"loc":{"start":{"line":79,"column":27},"end":{"line":79,"column":43}},"line":79},"7":{"name":"ThemeButton","decl":{"start":{"line":95,"column":9},"end":{"line":95,"column":20}},"loc":{"start":{"line":95,"column":62},"end":{"line":111,"column":1}},"line":95},"8":{"name":"AdminLayout","decl":{"start":{"line":113,"column":24},"end":{"line":113,"column":35}},"loc":{"start":{"line":113,"column":50},"end":{"line":178,"column":1}},"line":113},"9":{"name":"(anonymous_9)","decl":{"start":{"line":119,"column":23},"end":{"line":119,"column":24}},"loc":{"start":{"line":119,"column":29},"end":{"line":122,"column":3}},"line":119}},"branchMap":{"0":{"loc":{"start":{"line":46,"column":10},"end":{"line":47,"column":64}},"type":"binary-expr","locations":[{"start":{"line":46,"column":10},"end":{"line":46,"column":27}},{"start":{"line":47,"column":11},"end":{"line":47,"column":28}},{"start":{"line":47,"column":32},"end":{"line":47,"column":63}}],"line":46},"1":{"loc":{"start":{"line":54,"column":14},"end":{"line":56,"column":104}},"type":"cond-expr","locations":[{"start":{"line":55,"column":18},"end":{"line":55,"column":103}},{"start":{"line":56,"column":18},"end":{"line":56,"column":104}}],"line":54},"2":{"loc":{"start":{"line":73,"column":10},"end":{"line":74,"column":64}},"type":"binary-expr","locations":[{"start":{"line":73,"column":10},"end":{"line":73,"column":27}},{"start":{"line":74,"column":11},"end":{"line":74,"column":28}},{"start":{"line":74,"column":32},"end":{"line":74,"column":63}}],"line":73},"3":{"loc":{"start":{"line":81,"column":14},"end":{"line":83,"column":60}},"type":"cond-expr","locations":[{"start":{"line":82,"column":18},"end":{"line":82,"column":49}},{"start":{"line":83,"column":18},"end":{"line":83,"column":60}}],"line":81},"4":{"loc":{"start":{"line":95,"column":43},"end":{"line":95,"column":58}},"type":"default-arg","locations":[{"start":{"line":95,"column":53},"end":{"line":95,"column":58}}],"line":95},"5":{"loc":{"start":{"line":96,"column":15},"end":{"line":96,"column":44}},"type":"cond-expr","locations":[{"start":{"line":96,"column":34},"end":{"line":96,"column":37}},{"start":{"line":96,"column":40},"end":{"line":96,"column":44}}],"line":96},"6":{"loc":{"start":{"line":97,"column":16},"end":{"line":97,"column":49}},"type":"cond-expr","locations":[{"start":{"line":97,"column":35},"end":{"line":97,"column":41}},{"start":{"line":97,"column":44},"end":{"line":97,"column":49}}],"line":97},"7":{"loc":{"start":{"line":104,"column":8},"end":{"line":104,"column":85}},"type":"cond-expr","locations":[{"start":{"line":104,"column":18},"end":{"line":104,"column":44}},{"start":{"line":104,"column":47},"end":{"line":104,"column":85}}],"line":104},"8":{"loc":{"start":{"line":108,"column":7},"end":{"line":108,"column":24}},"type":"binary-expr","locations":[{"start":{"line":108,"column":7},"end":{"line":108,"column":15}},{"start":{"line":108,"column":19},"end":{"line":108,"column":24}}],"line":108}},"s":{"0":1,"1":48,"2":24,"3":120,"4":120,"5":3,"6":24,"7":120,"8":120,"9":0,"10":48,"11":48,"12":48,"13":24,"14":24,"15":24,"16":24,"17":24,"18":3,"19":3,"20":24},"f":{"0":48,"1":24,"2":120,"3":3,"4":24,"5":120,"6":0,"7":48,"8":24,"9":3},"b":{"0":[120,97,94],"1":[24,96],"2":[120,97,94],"3":[24,96],"4":[24],"5":[2,46],"6":[2,46],"7":[24,24],"8":[48,24]},"_coverageSchema":"1a1c01bbd47fc00a2c39e90264f33305004495a9","hash":"a07658770d94142536e3eccf112b706f6f406aca"}
,"D:\\HOC_TAP\\QL-KhachSan\\frontend\\src\\components\\layout\\CustomerLayout.jsx": {"path":"D:\\HOC_TAP\\QL-KhachSan\\frontend\\src\\components\\layout\\CustomerLayout.jsx","statementMap":{"0":{"start":{"line":15,"column":17},"end":{"line":20,"column":1}},"1":{"start":{"line":22,"column":20},"end":{"line":22,"column":84}},"2":{"start":{"line":25,"column":2},"end":{"line":39,"column":4}},"3":{"start":{"line":43,"column":2},"end":{"line":66,"column":4}},"4":{"start":{"line":47,"column":10},"end":{"line":48,"column":68}},"5":{"start":{"line":50,"column":8},"end":{"line":63,"column":10}},"6":{"start":{"line":53,"column":27},"end":{"line":53,"column":43}},"7":{"start":{"line":70,"column":2},"end":{"line":93,"column":4}},"8":{"start":{"line":74,"column":10},"end":{"line":75,"column":68}},"9":{"start":{"line":77,"column":8},"end":{"line":90,"column":10}},"10":{"start":{"line":80,"column":27},"end":{"line":80,"column":43}},"11":{"start":{"line":97,"column":15},"end":{"line":97,"column":44}},"12":{"start":{"line":98,"column":16},"end":{"line":98,"column":49}},"13":{"start":{"line":100,"column":2},"end":{"line":111,"column":4}},"14":{"start":{"line":115,"column":27},"end":{"line":115,"column":36}},"15":{"start":{"line":116,"column":33},"end":{"line":116,"column":43}},"16":{"start":{"line":117,"column":19},"end":{"line":117,"column":32}},"17":{"start":{"line":118,"column":19},"end":{"line":118,"column":32}},"18":{"start":{"line":120,"column":23},"end":{"line":123,"column":3}},"19":{"start":{"line":121,"column":4},"end":{"line":121,"column":13}},"20":{"start":{"line":122,"column":4},"end":{"line":122,"column":23}},"21":{"start":{"line":125,"column":2},"end":{"line":178,"column":4}}},"fnMap":{"0":{"name":"Brand","decl":{"start":{"line":24,"column":9},"end":{"line":24,"column":14}},"loc":{"start":{"line":24,"column":25},"end":{"line":40,"column":1}},"line":24},"1":{"name":"DesktopNav","decl":{"start":{"line":42,"column":9},"end":{"line":42,"column":19}},"loc":{"start":{"line":42,"column":46},"end":{"line":67,"column":1}},"line":42},"2":{"name":"(anonymous_2)","decl":{"start":{"line":45,"column":20},"end":{"line":45,"column":21}},"loc":{"start":{"line":45,"column":47},"end":{"line":64,"column":7}},"line":45},"3":{"name":"(anonymous_3)","decl":{"start":{"line":53,"column":21},"end":{"line":53,"column":22}},"loc":{"start":{"line":53,"column":27},"end":{"line":53,"column":43}},"line":53},"4":{"name":"MobileNav","decl":{"start":{"line":69,"column":9},"end":{"line":69,"column":18}},"loc":{"start":{"line":69,"column":45},"end":{"line":94,"column":1}},"line":69},"5":{"name":"(anonymous_5)","decl":{"start":{"line":72,"column":20},"end":{"line":72,"column":21}},"loc":{"start":{"line":72,"column":47},"end":{"line":91,"column":7}},"line":72},"6":{"name":"(anonymous_6)","decl":{"start":{"line":80,"column":21},"end":{"line":80,"column":22}},"loc":{"start":{"line":80,"column":27},"end":{"line":80,"column":43}},"line":80},"7":{"name":"ThemeButton","decl":{"start":{"line":96,"column":9},"end":{"line":96,"column":20}},"loc":{"start":{"line":96,"column":62},"end":{"line":112,"column":1}},"line":96},"8":{"name":"Cus
[...]
d":{"line":155,"column":45}},"type":"cond-expr","locations":[{"start":{"line":155,"column":24},"end":{"line":155,"column":30}},{"start":{"line":155,"column":33},"end":{"line":155,"column":45}}],"line":155},"16":{"loc":{"start":{"line":160,"column":9},"end":{"line":170,"column":9}},"type":"binary-expr","locations":[{"start":{"line":160,"column":9},"end":{"line":160,"column":14}},{"start":{"line":161,"column":10},"end":{"line":169,"column":16}}],"line":160},"17":{"loc":{"start":{"line":178,"column":30},"end":{"line":178,"column":56}},"type":"cond-expr","locations":[{"start":{"line":178,"column":43},"end":{"line":178,"column":48}},{"start":{"line":178,"column":51},"end":{"line":178,"column":56}}],"line":178},"18":{"loc":{"start":{"line":179,"column":21},"end":{"line":179,"column":39}},"type":"cond-expr","locations":[{"start":{"line":179,"column":34},"end":{"line":179,"column":35}},{"start":{"line":179,"column":38},"end":{"line":179,"column":39}}],"line":179},"19":{"loc":{"start":{"line":190,"column":9},"end":{"line":195,"column":9}},"type":"binary-expr","locations":[{"start":{"line":190,"column":9},"end":{"line":190,"column":17}},{"start":{"line":190,"column":21},"end":{"line":190,"column":37}},{"start":{"line":191,"column":10},"end":{"line":194,"column":14}}],"line":190},"20":{"loc":{"start":{"line":197,"column":9},"end":{"line":253,"column":9}},"type":"cond-expr","locations":[{"start":{"line":198,"column":10},"end":{"line":201,"column":16}},{"start":{"line":202,"column":12},"end":{"line":253,"column":9}}],"line":197},"21":{"loc":{"start":{"line":202,"column":12},"end":{"line":253,"column":9}},"type":"cond-expr","locations":[{"start":{"line":203,"column":10},"end":{"line":209,"column":16}},{"start":{"line":210,"column":12},"end":{"line":253,"column":9}}],"line":202},"22":{"loc":{"start":{"line":210,"column":12},"end":{"line":253,"column":9}},"type":"cond-expr","locations":[{"start":{"line":211,"column":10},"end":{"line":222,"column":16}},{"start":{"line":224,"column":10},"end":{"line":252,"column":16}}],"line":210},"23":{"loc":{"start":{"line":256,"column":7},"end":{"line":369,"column":7}},"type":"binary-expr","locations":[{"start":{"line":256,"column":7},"end":{"line":256,"column":17}},{"start":{"line":257,"column":8},"end":{"line":368,"column":14}}],"line":256},"24":{"loc":{"start":{"line":259,"column":13},"end":{"line":304,"column":13}},"type":"binary-expr","locations":[{"start":{"line":259,"column":13},"end":{"line":259,"column":30}},{"start":{"line":260,"column":14},"end":{"line":303,"column":20}}],"line":259},"25":{"loc":{"start":{"line":275,"column":26},"end":{"line":275,"column":63}},"type":"if","locations":[{"start":{"line":275,"column":26},"end":{"line":275,"column":63}},{"start":{},"end":{}}],"line":275},"26":{"loc":{"start":{"line":295,"column":23},"end":{"line":299,"column":23}},"type":"binary-expr","locations":[{"start":{"line":295,"column":23},"end":{"line":295,"column":36}},{"start":{"line":296,"column":24},"end":{"line":298,"column":31}}],"line":295},"27":{"loc":{"start":{"line":317,"column":16},"end":{"line":320,"column":17}},"type":"if","locations":[{"start":{"line":317,"column":16},"end":{"line":320,"column":17}},{"start":{},"end":{}}],"line":317},"28":{"loc":{"start":{"line":327,"column":13},"end":{"line":338,"column":13}},"type":"binary-expr","locations":[{"start":{"line":327,"column":13},"end":{"line":327,"column":29}},{"start":{"line":328,"column":14},"end":{"line":337,"column":20}}],"line":327}},"s":{"0":1,"1":21,"2":21,"3":21,"4":21,"5":21,"6":21,"7":21,"8":21,"9":21,"10":21,"11":21,"12":21,"13":21,"14":0,"15":0,"16":0,"17":0,"18":0,"19":0,"20":21,"21":1,"22":1,"23":1,"24":0,"25":0,"26":1,"27":1,"28":0,"29":21,"30":7,"31":7,"32":7,"33":7,"34":6,"35":1,"36":7,"37":21,"38":6,"39":21,"40":0,"41":0,"42":0,"43":0,"44":21,"45":10,"46":12,"47":0,"48":12,"49":0,"50":12,"51":0,"52":0,"53":0,"54":12,"55":0,"56":12,"57":21,"58":10,"59":10,"60":12,"61":12,"62":8,"63":12,"64":10,"65":4,"66":21,"67":1,"68":1,"69":1,"70":1,"71":0,"72":21,"73":0,"74":0,"75":0,"76":0,"77":21,"78":0,"79":0,"80":0,"81":0,"82":0,"83":21,"84":3,"85":0,"86":0,"87":0,"88":16,"89":24,"90":0,"91":0,"92":0,"93":0,"94":0,"95":0,"96":0,"97":0,"98":0,"99":0,"100":0,"101":0,"102":0,"103":0,"104":0,"105":0,"106":0,"107":0,"108":0,"109":0,"110":0,"111":0,"112":0,"113":0,"114":0},"f":{"0":21,"1":0,"2":1,"3":0,"4":7,"5":6,"6":0,"7":0,"8":10,"9":12,"10":10,"11":12,"12":4,"13":1,"14":0,"15":0,"16":3,"17":0,"18":0,"19":0,"20":16,"21":24,"22":0,"23":0,"24":0,"25":0,"26":0,"27":0,"28":0,"29":0,"30":0},"b":{"0":[0,0],"1":[1,1,0],"2":[0,1],"3":[7,7],"4":[0,0],"5":[0,12],"6":[12,0],"7":[0,12],"8":[12,0],"9":[0,12],"10":[0,0],"11":[0,12],"12":[12,0],"13":[8,4],"14":[2,19],"15":[2,19],"16":[21,1],"17":[2,19],"18":[2,19],"19":[21,15,8],"20":[6,15],"21":[7,8],"22":[0,8],"23":[21,0],"24":[0,0],"25":[0,0],"26":[0,0],"27":[0,0],"28":[0,0]},"_coverageSchema":"1a1c01bbd47fc00a2c39e90264f33305004495a9","hash":"ae662618a1a3359a0f969a83c644d24bc732efbb"}
,"D:\\HOC_TAP\\QL-KhachSan\\frontend\\src\\services\\adminApi.js": {"path":"D:\\HOC_TAP\\QL-KhachSan\\frontend\\src\\services\\adminApi.js","statementMap":{"0":{"start":{"line":3,"column":16},"end":{"line":3,"column":49}},"1":{"start":{"line":5,"column":24},"end":{"line":59,"column":1}},"2":{"start":{"line":7,"column":24},"end":{"line":7,"column":56}},"3":{"start":{"line":10,"column":8},"end":{"line":12,"column":9}},"4":{"start":{"line":11,"column":12},"end":{"line":11,"column":69}},"5":{"start":{"line":13,"column":8},"end":{"line":13,"column":55}},"6":{"start":{"line":16,"column":28},"end":{"line":16,"column":69}},"7":{"start":{"line":19,"column":23},"end":{"line":19,"column":50}},"8":{"start":{"line":22,"column":8},"end":{"line":24,"column":9}},"9":{"start":{"line":23,"column":12},"end":{"line":23,"column":64}},"10":{"start":{"line":25,"column":8},"end":{"line":25,"column":50}},"11":{"start":{"line":28,"column":24},"end":{"line":28,"column":60}},"12":{"start":{"line":30,"column":29},"end":{"line":30,"column":84}},"13":{"start":{"line":33,"column":20},"end":{"line":33,"column":47}},"14":{"start":{"line":36,"column":8},"end":{"line":38,"column":9}},"15":{"start":{"line":37,"column":12},"end":{"line":37,"column":64}},"16":{"start":{"line":39,"column":8},"end":{"line":39,"column":50}},"17":{"start":{"line":42,"column":24},"end":{"line":42,"column":60}},"18":{"start":{"line":45,"column":21},"end":{"line":45,"column":49}},"19":{"start":{"line":47,"column":25},"end":{"line":47,"column":64}},"20":{"start":{"line":51,"column":8},"end":{"line":53,"column":9}},"21":{"start":{"line":52,"column":12},"end":{"line":52,"column":67}},"22":{"start":{"line":55,"column":8},"end":{"line":55,"column":53}},"23":{"start":{"line":58,"column":29},"end":{"line":58,"column":71}}},"fnMap":{"0":{"name":"(anonymous_0)","decl":{"start":{"line":7,"column":18},"end":{"line":7,"column":19}},"loc":{"start":{"line":7,"column":24},"end":{"line":7,"column":56}},"line":7},"1":{"name":"(anonymous_1)","decl":{"start":{"line":9,"column":4},"end":{"line":9,"column":5}},"loc":{"start":{"line":9,"column":23},"end":{"line":14,"column":5}},"line":9},"2":{"name":"(anonymous_2)","decl":{"start":{"line":16,"column":20},"end":{"line":16,"column":21}},"loc":{"start":{"line":16,"column":28},"end":{"line":16,"column":69}},"line":16},"3":{"name":"(anonymous_3)","decl":{"start":{"line":19,"column":17},"end":{"line":19,"column":18}},"loc":{"start":{"line":19,"column":23},"end":{"line":19,"column":50}},"line":19},"4":{"name":"(anonymous_4)","decl":{"start":{"line":21,"column":14},"end":{"line":21,"column":15}},"loc":{"start":{"line":21,"column":24},"end":{"line":26,"column":5}},"line":21},"5":{"name":"(anonymous_5)","decl":{"start":{"line":28,"column":16},"end":{"line":28,"column":17}},"loc":{"start":{"line":28,"column":24},"end":{"line":28,"column":60}},"line":28},"6":{"name":"(anonymous_6)","decl":{"start":{"line":30,"column":17},"end":{"line":30,"column":18}},"loc":{"start":{"line":30,"column":29},"end":{"line":30,"column":84}},"line":30},"7":{"name":"(anonymous_7)","decl":{"start":{"line":33,"column":14},"end":{"line":33,"column":15}},"loc":{"start":{"line":33,"column":20},"end":{"line":33,"column":47}},"line":33},"8":{"name":"(anonymous_8)","decl":{"start":{"line":35,"column":14},"end":{"line":35,"column":15}},"loc":{"start":{"line":35,"column":24},"end":{"line":40,"column":5}},"line":35},"9":{"name":"(anonymous_9)","decl":{"start":{"line":42,"column":16},"end":{"line":42,"column":17}},"loc":{"start":{"line":42,"column":24},"end":{"line":42,"column":60}},"line":42},"10":{"name":"(anonymous_10)","decl":{"start":{"line":45,"column":15},"end":{"line":45,"column":16}},"loc":{"start":{"line":45,"column":21},"end":{"line":45,"column":49}},"line":45},"11":{"name":"(anonymous_11)","decl":{"start":{"line":47,"column":17},"end":{"line":47,"column":18}},"loc":{"start":{"line":47,"column":25},"end":{"line":47,"column":64}},"line":47},"12":{"name":"(anonymous_12)","decl":{"start":{"line":49,"column":15},"end":{"line":49,"column":16}},"loc":{"start":{"line":49,"column":25},"end":{"line":56,"column":5}},"line":49},"13":{"name":"(anonymous_13)","decl":{"start":{"line":58,"column":17},"end":{"line":58,"column":18}},"loc":{"start":{"line":58,"column":29},"end":{"line":58,"column":71}},"line":58}},"branchMap":{"0":{"loc":{"start":{"line":10,"column":8},"end":{"line":12,"column":9}},"type":"if","locations":[{"start":{"line":10,"column":8},"end":{"line":12,"column":9}},{"start":{},"end":{}}],"line":10},"1":{"loc":{"start":{"line":22,"column":8},"end":{"line":24,"column":9}},"type":"if","locations":[{"start":{"line":22,"column":8},"end":{"line":24,"column":9}},{"start":{},"end":{}}],"line":22},"2":{"loc":{"start":{"line":36,"column":8},"end":{"line":38,"column":9}},"type":"if","locations":[{"start":{"line":36,"column":8},"end":{"line":38,"column":9}},{"start":{},"end":{}}],"line":36},"3":{"loc":{"start":{"line":51,"column":8},"end":{"line":53,"column":9}},"type":"if","locations":[{"start":{"line":51,"column":8},"end":{"line":53,"column":9}},{"start":{},"end":{}}],"line":51}},"s":{"0":2,"1":2,"2":1,"3":2,"4":1,"5":1,"6":1,"7":1,"8":2,"9":1,"10":1,"11":1,"12":1,"13":1,"14":2,"15":1,"16":1,"17":1,"18":1,"19":1,"20":2,"21":1,"22":1,"23":1},"f":{"0":1,"1":2,"2":1,"3":1,"4":2,"5":1,"6":1,"7":1,"8":2,"9":1,"10":1,"11":1,"12":2,"13":1},"b":{"0":[1,1],"1":[1,1],"2":[1,1],"3":[1,1]},"_coverageSchema":"1a1c01bbd47fc00a2c39e90264f33305004495a9","hash":"afc871c12f5d2b1f0d0790e9136694abecc25aac"}
,"D:\\HOC_TAP\\QL-KhachSan\\frontend\\src\\services\\api.js": {"path":"D:\\HOC_TAP\\QL-KhachSan\\frontend\\src\\services\\api.js","statementMap":{"0":{"start":{"line":4,"column":12},"end":{"line":7,"column":2}},"1":{"start":{"line":10,"column":0},"end":{"line":14,"column":3}},"2":{"start":{"line":11,"column":16},"end":{"line":11,"column":51}},"3":{"start":{"line":12,"column":2},"end":{"line":12,"column":62}},"4":{"start":{"line":12,"column":13},"end":{"line":12,"column":62}},"5":{"start":{"line":13,"column":2},"end":{"line":13,"column":16}},"6":{"start":{"line":17,"column":0},"end":{"line":41,"column":2}},"7":{"start":{"line":18,"column":11},"end":{"line":18,"column":14}},"8":{"start":{"line":20,"column":21},"end":{"line":20,"column":33}},"9":{"start":{"line":21,"column":4},"end":{"line":38,"column":5}},"10":{"start":{"line":22,"column":6},"end":{"line":22,"column":29}},"11":{"start":{"line":23,"column":6},"end":{"line":37,"column":7}},"12":{"start":{"line":24,"column":29},"end":{"line":24,"column":65}},"13":{"start":{"line":25,"column":8},"end":{"line":25,"column":63}},"14":{"start":{"line":25,"column":27},"end":{"line":25,"column":63}},"15":{"start":{"line":26,"column":25},"end":{"line":29,"column":9}},"16":{"start":{"line":30,"column":8},"end":{"line":30,"column":62}},"17":{"start":{"line":31,"column":8},"end":{"line":31,"column":64}},"18":{"start":{"line":32,"column":8},"end":{"line":32,"column":70}},"19":{"start":{"line":33,"column":8},"end":{"line":33,"column":29}},"20":{"start":{"line":35,"column":8},"end":{"line":35,"column":27}},"21":{"start":{"line":36,"column":8},"end":{"line":36,"column":40}},"22":{"start":{"line":39,"column":4},"end":{"line":39,"column":33}}},"fnMap":{"0":{"name":"(anonymous_0)","decl":{"start":{"line":10,"column":29},"end":{"line":10,"column":30}},"loc":{"start":{"line":10,"column":41},"end":{"line":14,"column":1}},"line":10},"1":{"name":"(anonymous_1)","decl":{"start":{"line":18,"column":2},"end":{"line":18,"column":3}},"loc":{"start":{"line":18,"column":11},"end":{"line":18,"column":14}},"line":18},"2":{"name":"(anonymous_2)","decl":{"start":{"line":19,"column":2},"end":{"line":19,"column":3}},"loc":{"start":{"line":19,"column":19},"end":{"line":40,"column":3}},"line":19}},"branchMap":{"0":{"loc":{"start":{"line":12,"column":2},"end":{"line":12,"column":62}},"type":"if","locations":[{"start":{"line":12,"column":2},"end":{"line":12,"column":62}},{"start":{},"end":{}}],"line":12},"1":{"loc":{"start":{"line":21,"column":4},"end":{"line":38,"column":5}},"type":"if","locations":[{"start":{"line":21,"column":4},"end":{"line":38,"column":5}},{"start":{},"end":{}}],"line":21},"2":{"loc":{"start":{"line":21,"column":8},"end":{"line":21,"column":58}},"type":"binary-expr","locations":[{"start":{"line":21,"column":8},"end":{"line":21,"column":38}},{"start":{"line":21,"column":42},"end":{"line":21,"column":58}}],"line":21},"3":{"loc":{"start":{"line":25,"column":8},"end":{"line":25,"column":63}},"type":"if","locations":[{"start":{"line":25,"column":8},"end":{"line":25,"column":63}},{"start":{},"end":{}}],"line":25}},"s":{"0":2,"1":2,"2":0,"3":0,"4":0,"5":0,"6":2,"7":0,"8":0,"9":0,"10":0,"11":0,"12":0,"13":0,"14":0,"15":0,"16":0,"17":0,"18":0,"19":0,"20":0,"21":0,"22":0},"f":{"0":0,"1":0,"2":0},"b":{"0":[0,0],"1":[0,0],"2":[0,0],"3":[0,0]},"_coverageSchema":"1a1c01bbd47fc00a2c39e90264f33305004495a9","hash":"6689c9670f8665c426f8a63eea45c082d06060e8"}
,"D:\\HOC_TAP\\QL-KhachSan\\frontend\\src\\services\\reviewApi.js": {"path":"D:\\HOC_TAP\\QL-KhachSan\\frontend\\src\\services\\reviewApi.js","statementMap":{"0":{"start":{"line":3,"column":25},"end":{"line":21,"column":1}},"1":{"start":{"line":5,"column":20},"end":{"line":5,"column":46}},"2":{"start":{"line":8,"column":31},"end":{"line":8,"column":62}},"3":{"start":{"line":11,"column":22},"end":{"line":11,"column":52}},"4":{"start":{"line":14,"column":32},"end":{"line":14,"column":68}},"5":{"start":{"line":17,"column":31},"end":{"line":17,"column":74}},"6":{"start":{"line":20,"column":24},"end":{"line":20,"column":52}}},"fnMap":{"0":{"name":"(anonymous_0)","decl":{"start":{"line":5,"column":10},"end":{"line":5,"column":11}},"loc":{"start":{"line":5,"column":20},"end":{"line":5,"column":46}},"line":5},"1":{"name":"(anonymous_1)","decl":{"start":{"line":8,"column":25},"end":{"line":8,"column":26}},"loc":{"start":{"line":8,"column":31},"end":{"line":8,"column":62}},"line":8},"2":{"name":"(anonymous_2)","decl":{"start":{"line":11,"column":16},"end":{"line":11,"column":17}},"loc":{"start":{"line":11,"column":22},"end":{"line":11,"column":52}},"line":11},"3":{"name":"(anonymous_3)","decl":{"start":{"line":14,"column":19},"end":{"line":14,"column":20}},"loc":{"start":{"line":14,"column":32},"end":{"line":14,"column":68}},"line":14},"4":{"name":"(anonymous_4)","decl":{"start":{"line":17,"column":18},"end":{"line":17,"column":19}},"loc":{"start":{"line":17,"column":31},"end":{"line":17,"column":74}},"line":17},"5":{"name":"(anonymous_5)","decl":{"start":{"line":20,"column":16},"end":{"line":20,"column":17}},"loc":{"start":{"line":20,"column":24},"end":{"line":20,"column":52}},"line":20}},"branchMap":{},"s":{"0":2,"1":3,"2":3,"3":3,"4":4,"5":4,"6":5},"f":{"0":3,"1":3,"2":3,"3":4,"4":4,"5":5},"b":{},"_coverageSchema":"1a1c01bbd47fc00a2c39e90264f33305004495a9","hash":"596190842b2ab8df5fb17290477723c288a00c39"}
,"D:\\HOC_TAP\\QL-KhachSan\\frontend\\src\\utils\\authStorage.js": {"path":"D:\\HOC_TAP\\QL-KhachSan\\frontend\\src\\utils\\authStorage.js","statementMap":{"0":{"start":{"line":1,"column":18},"end":{"line":1,"column":57}},"1":{"start":{"line":4,"column":2},"end":{"line":4,"column":59}},"2":{"start":{"line":4,"column":29},"end":{"line":4,"column":57}},"3":{"start":{"line":8,"column":22},"end":{"line":8,"column":57}},"4":{"start":{"line":9,"column":23},"end":{"line":9,"column":59}},"5":{"start":{"line":10,"column":18},"end":{"line":10,"column":46}},"6":{"start":{"line":12,"column":2},"end":{"line":15,"column":3}},"7":{"start":{"line":13,"column":4},"end":{"line":13,"column":23}},"8":{"start":{"line":14,"column":4},"end":{"line":14,"column":16}},"9":{"start":{"line":17,"column":2},"end":{"line":22,"column":3}},"10":{"start":{"line":18,"column":4},"end":{"line":18,"column":31}},"11":{"start":{"line":20,"column":4},"end":{"line":20,"column":23}},"12":{"start":{"line":21,"column":4},"end":{"line":21,"column":16}}},"fnMap":{"0":{"name":"clearAuthStorage","decl":{"start":{"line":3,"column":16},"end":{"line":3,"column":32}},"loc":{"start":{"line":3,"column":35},"end":{"line":5,"column":1}},"line":3},"1":{"name":"(anonymous_1)","decl":{"start":{"line":4,"column":20},"end":{"line":4,"column":21}},"loc":{"start":{"line":4,"column":29},"end":{"line":4,"column":57}},"line":4},"2":{"name":"getStoredUser","decl":{"start":{"line":7,"column":16},"end":{"line":7,"column":29}},"loc":{"start":{"line":7,"column":32},"end":{"line":23,"column":1}},"line":7}},"branchMap":{"0":{"loc":{"start":{"line":12,"column":2},"end":{"line":15,"column":3}},"type":"if","locations":[{"start":{"line":12,"column":2},"end":{"line":15,"column":3}},{"start":{},"end":{}}],"line":12},"1":{"loc":{"start":{"line":12,"column":6},"end":{"line":12,"column":47}},"type":"binary-expr","locations":[{"start":{"line":12,"column":6},"end":{"line":12,"column":18}},{"start":{"line":12,"column":22},"end":{"line":12,"column":35}},{"start":{"line":12,"column":39},"end":{"line":12,"column":47}}],"line":12}},"s":{"0":3,"1":5,"2":15,"3":5,"4":5,"5":5,"6":5,"7":3,"8":3,"9":2,"10":2,"11":1,"12":1},"f":{"0":5,"1":15,"2":5},"b":{"0":[3,2],"1":[5,4,3]},"_coverageSchema":"1a1c01bbd47fc00a2c39e90264f33305004495a9","hash":"964b4dae425e71e64ecde88312c55df17a6bec88"}
,"D:\\HOC_TAP\\QL-KhachSan\\frontend\\src\\utils\\cls.js": {"path":"D:\\HOC_TAP\\QL-KhachSan\\frontend\\src\\utils\\cls.js","statementMap":{"0":{"start":{"line":2,"column":2},"end":{"line":2,"column":49}},"1":{"start":{"line":4,"column":28},"end":{"line":4,"column":48}},"2":{"start":{"line":7,"column":2},"end":{"line":7,"column":72}},"3":{"start":{"line":10,"column":2},"end":{"line":10,"column":77}},"4":{"start":{"line":12,"column":25},"end":{"line":12,"column":43}},"5":{"start":{"line":14,"column":30},"end":{"line":14,"column":76}},"6":{"start":{"line":17,"column":2},"end":{"line":17,"column":200}},"7":{"start":{"line":20,"column":2},"end":{"line":20,"column":60}},"8":{"start":{"line":23,"column":2},"end":{"line":23,"column":74}},"9":{"start":{"line":26,"column":2},"end":{"line":26,"column":87}},"10":{"start":{"line":29,"column":2},"end":{"line":29,"column":90}},"11":{"start":{"line":32,"column":2},"end":{"line":32,"column":234}},"12":{"start":{"line":35,"column":2},"end":{"line":35,"column":233}},"13":{"start":{"line":38,"column":2},"end":{"line":38,"column":222}},"14":{"start":{"line":41,"column":2},"end":{"line":41,"column":254}},"15":{"start":{"line":44,"column":2},"end":{"line":44,"column":239}},"16":{"start":{"line":47,"column":2},"end":{"line":47,"column":236}},"17":{"start":{"line":49,"column":24},"end":{"line":49,"column":42}},"18":{"start":{"line":51,"column":26},"end":{"line":51,"column":73}},"19":{"start":{"line":54,"column":2},"end":{"line":54,"column":73}}},"fnMap":{},"branchMap":{},"s":{"0":9,"1":9,"2":9,"3":9,"4":9,"5":9,"6":9,"7":9,"8":9,"9":9,"10":9,"11":9,"12":9,"13":9,"14":9,"15":9,"16":9,"17":9,"18":9,"19":9},"f":{},"b":{},"_coverageSchema":"1a1c01bbd47fc00a2c39e90264f33305004495a9","hash":"1b57f67b8dc90797dcaebf9c481983e74d35861c"}
}
