TN:
SF:src\components\ConfirmDialog.jsx
FN:4,ConfirmDialog
FN:16,(anonymous_1)
FN:20,(anonymous_2)
FN:22,(anonymous_3)
FN:26,(anonymous_4)
FN:57,(anonymous_5)
FNF:6
FNH:5
FNDA:42,ConfirmDialog
FNDA:14,(anonymous_1)
FNDA:42,(anonymous_2)
FNDA:0,(anonymous_3)
FNDA:1,(anonymous_4)
FNDA:1,(anonymous_5)
DA:12,42
DA:13,42
DA:14,42
DA:16,42
DA:17,14
DA:20,42
DA:21,42
DA:22,1
DA:23,0
DA:25,1
DA:26,1
DA:29,42
DA:31,1
DA:42,1
DA:44,1
DA:57,1
LF:16
LH:15
BRDA:10,0,0,20
BRDA:17,1,0,1
BRDA:17,1,1,13
BRDA:21,2,0,41
BRDA:21,2,1,1
BRDA:23,3,0,0
BRDA:23,3,1,0
BRDA:29,4,0,41
BRDA:29,4,1,1
BRDA:42,5,0,1
BRDA:42,5,1,0
BRF:11
BRH:8
end_of_record
TN:
SF:src\components\admin\HotelModal.jsx
FN:3,(anonymous_0)
FN:4,(anonymous_1)
FN:36,(anonymous_2)
FN:50,(anonymous_3)
FN:64,(anonymous_4)
FN:78,(anonymous_5)
FNF:6
FNH:6
FNDA:17,(anonymous_0)
FNDA:5,(anonymous_1)
FNDA:1,(anonymous_2)
FNDA:1,(anonymous_3)
FNDA:1,(anonymous_4)
FNDA:1,(anonymous_5)
DA:3,2
DA:4,17
DA:5,5
DA:6,3
DA:7,3
DA:9,2
DA:12,17
DA:37,1
DA:51,1
DA:65,1
DA:79,1
LF:11
LH:11
BRDA:5,0,0,3
BRDA:5,0,1,2
BRDA:5,1,0,5
BRDA:5,1,1,4
BRDA:5,1,2,3
BRDA:21,2,0,1
BRDA:21,2,1,16
BRDA:35,3,0,17
BRDA:35,3,1,12
BRDA:49,4,0,17
BRDA:49,4,1,12
BRDA:63,5,0,17
BRDA:63,5,1,12
BRDA:77,6,0,17
BRDA:77,6,1,16
BRF:15
BRH:15
end_of_record
TN:
SF:src\components\admin\RoomModal.jsx
FN:4,(anonymous_0)
FN:21,(anonymous_1)
FN:23,(anonymous_2)
FN:48,(anonymous_3)
FN:73,(anonymous_4)
FN:76,(anonymous_5)
FN:87,(anonymous_6)
FN:90,(anonymous_7)
FN:125,(anonymous_8)
FN:138,(anonymous_9)
FN:152,(anonymous_10)
FN:167,(anonymous_11)
FN:189,(anonymous_12)
FN:190,(anonymous_13)
FN:210,(anonymous_14)
FN:211,(anonymous_15)
FN:252,(anonymous_16)
FNF:17
FNH:16
FNDA:46,(anonymous_0)
FNDA:20,(anonymous_1)
FNDA:19,(anonymous_2)
FNDA:6,(anonymous_3)
FNDA:104,(anonymous_4)
FNDA:3,(anonymous_5)
FNDA:2,(anonymous_6)
FNDA:2,(anonymous_7)
FNDA:5,(anonymous_8)
FNDA:52,(anonymous_9)
FNDA:1,(anonymous_10)
FNDA:0,(anonymous_11)
FNDA:43,(anonymous_12)
FNDA:29,(anonymous_13)
FNDA:43,(anonymous_14)
FNDA:20,(anonymous_15)
FNDA:1,(anonymous_16)
DA:4,1
DA:5,46
DA:6,46
DA:7,46
DA:8,46
DA:9,46
DA:10,46
DA:12,46
DA:21,46
DA:22,20
DA:23,19
DA:24,19
DA:25,19
DA:29,18
DA:30,18
DA:32,18
DA:33,18
DA:35,18
DA:36,6
DA:45,6
DA:47,6
DA:48,6
DA:50,6
DA:52,12
DA:60,12
DA:61,12
DA:64,1
DA:65,1
DA:68,19
DA:72,46
DA:73,104
DA:76,46
DA:77,3
DA:78,3
DA:79,3
DA:87,46
DA:88,2
DA:89,2
DA:90,2
DA:92,2
DA:93,2
DA:102,46
DA:104,45
DA:126,5
DA:127,5
DA:134,5
DA:139,52
DA:153,1
DA:168,0
DA:189,43
DA:191,29
DA:210,43
DA:212,20
DA:252,1
LF:54
LH:53
BRDA:22,0,0,19
BRDA:22,0,1,1
BRDA:29,1,0,18
BRDA:29,1,1,0
BRDA:30,2,0,18
BRDA:30,2,1,0
BRDA:35,3,0,6
BRDA:35,3,1,12
BRDA:38,4,0,6
BRDA:38,4,1,0
BRDA:40,5,0,6
BRDA:40,5,1,0
BRDA:40,5,2,0
BRDA:43,6,0,6
BRDA:43,6,1,0
BRDA:45,7,0,6
BRDA:45,7,1,0
BRDA:50,8,0,6
BRDA:50,8,1,0
BRDA:92,9,0,2
BRDA:92,9,1,0
BRDA:102,10,0,1
BRDA:102,10,1,45
BRDA:112,11,0,11
BRDA:112,11,1,34
BRDA:204,12,0,45
BRDA:204,12,1,15
BRDA:205,13,0,45
BRDA:205,13,1,38
BRDA:225,14,0,45
BRDA:225,14,1,35
BRDA:235,15,0,7
BRDA:235,15,1,38
BRF:33
BRH:24
end_of_record
TN:
SF:src\components\booking\BookingCard.jsx
FN:3,BookingCard
FN:58,(anonymous_1)
FN:66,(anonymous_2)
FN:74,(anonymous_3)
FNF:4
FNH:4
FNDA:12,BookingCard
FNDA:1,(anonymous_1)
FNDA:1,(anonymous_2)
FNDA:1,(anonymous_3)
DA:4,12
DA:5,12
DA:6,12
DA:8,12
DA:58,1
DA:66,1
DA:74,1
LF:7
LH:7
BRDA:6,0,0,12
BRDA:6,0,1,9
BRDA:6,0,2,9
BRDA:30,1,0,12
BRDA:30,1,1,11
BRDA:44,2,0,12
BRDA:44,2,1,12
BRDA:55,3,0,12
BRDA:55,3,1,3
BRDA:55,3,2,2
BRDA:63,4,0,12
BRDA:63,4,1,7
BRDA:71,5,0,12
BRDA:71,5,1,10
BRF:14
BRH:14
end_of_record
TN:
SF:src\components\booking\BookingStatusFilter.jsx
FN:3,BookingStatusFilter
FN:6,(anonymous_1)
FN:11,(anonymous_2)
FN:28,(anonymous_3)
FNF:4
FNH:4
FNDA:24,BookingStatusFilter
FNDA:120,(anonymous_1)
FNDA:144,(anonymous_2)
FNDA:1,(anonymous_3)
DA:4,24
DA:6,120
DA:9,24
DA:12,144
DA:13,144
DA:15,144
DA:28,1
LF:7
LH:7
BRDA:19,0,0,24
BRDA:19,0,1,120
BRDA:24,1,0,24
BRDA:24,1,1,120
BRDA:25,2,0,24
BRDA:25,2,1,23
BRDA:25,3,0,24
BRDA:25,3,1,23
BRF:8
BRH:8
end_of_record
TN:
SF:src\components\booking\BookingTable.jsx
FN:4,BookingTable
FN:25,(anonymous_1)
FN:65,(anonymous_2)
FN:73,(anonymous_3)
FN:81,(anonymous_4)
FN:89,(anonymous_5)
FNF:6
FNH:3
FNDA:8,BookingTable
FNDA:16,(anonymous_1)
FNDA:0,(anonymous_2)
FNDA:0,(anonymous_3)
FNDA:1,(anonymous_4)
FNDA:0,(anonymous_5)
DA:5,8
DA:7,8
DA:26,16
DA:27,16
DA:28,16
DA:30,16
DA:32,16
DA:65,0
DA:73,0
DA:81,1
DA:89,0
LF:11
LH:8
BRDA:5,0,0,0
BRDA:5,0,1,8
BRDA:30,1,0,16
BRDA:30,1,1,16
BRDA:43,2,0,16
BRDA:43,2,1,8
BRDA:48,3,0,16
BRDA:48,3,1,0
BRDA:62,4,0,16
BRDA:62,4,1,0
BRDA:62,4,2,0
BRDA:70,5,0,16
BRDA:70,5,1,0
BRDA:78,6,0,16
BRDA:78,6,1,8
BRDA:86,7,0,16
BRDA:86,7,1,0
BRF:17
BRH:11
end_of_record
TN:
SF:src\components\booking\CheckInForm.jsx
FN:15,(anonymous_0)
FN:27,CheckInForm
FN:39,(anonymous_2)
FN:40,(anonymous_3)
FN:55,(anonymous_4)
FN:56,(anonymous_5)
FN:58,(anonymous_6)
FN:68,(anonymous_7)
FN:86,(anonymous_8)
FN:89,(anonymous_9)
FN:114,(anonymous_10)
FN:117,(anonymous_11)
FN:135,(anonymous_12)
FN:149,(anonymous_13)
FN:161,(anonymous_14)
FNF:15
FNH:14
FNDA:4,(anonymous_0)
FNDA:68,CheckInForm
FNDA:13,(anonymous_2)
FNDA:13,(anonymous_3)
FNDA:30,(anonymous_4)
FNDA:30,(anonymous_5)
FNDA:0,(anonymous_6)
FNDA:4,(anonymous_7)
FNDA:272,(anonymous_8)
FNDA:272,(anonymous_9)
FNDA:2,(anonymous_10)
FNDA:80,(anonymous_11)
FNDA:2,(anonymous_12)
FNDA:20,(anonymous_13)
FNDA:6,(anonymous_14)
DA:15,2
DA:16,4
DA:17,4
DA:18,4
DA:19,4
DA:20,2
DA:21,4
DA:22,1
DA:24,4
DA:28,68
DA:29,68
DA:30,68
DA:36,68
DA:37,68
DA:39,68
DA:40,13
DA:41,13
DA:42,13
DA:43,13
DA:47,13
DA:49,0
DA:52,13
DA:55,68
DA:56,30
DA:57,30
DA:58,0
DA:59,0
DA:60,0
DA:61,0
DA:62,0
DA:63,0
DA:68,68
DA:69,4
DA:70,4
DA:71,4
DA:72,4
DA:73,2
DA:74,2
DA:76,2
DA:77,2
DA:85,68
DA:86,68
DA:87,272
DA:89,68
DA:90,272
DA:97,68
DA:114,2
DA:118,80
DA:135,2
DA:149,20
DA:161,6
LF:51
LH:44
BRDA:17,0,0,2
BRDA:17,0,1,2
BRDA:18,1,0,2
BRDA:18,1,1,2
BRDA:19,2,0,2
BRDA:19,2,1,2
BRDA:20,3,0,0
BRDA:20,3,1,2
BRDA:21,4,0,1
BRDA:21,4,1,3
BRDA:21,5,0,4
BRDA:21,5,1,1
BRDA:41,6,0,0
BRDA:41,6,1,13
BRDA:57,7,0,0
BRDA:57,7,1,30
BRDA:61,8,0,0
BRDA:61,8,1,0
BRDA:72,9,0,2
BRDA:72,9,1,2
BRDA:81,10,0,2
BRDA:81,10,1,2
BRDA:87,11,0,7
BRDA:87,11,1,265
BRDA:90,12,0,7
BRDA:90,12,1,265
BRDA:119,13,0,0
BRDA:119,13,1,80
BRF:28
BRH:22
end_of_record
TN:
SF:src\components\booking\CreateBookingForm.jsx
FN:15,(anonymous_0)
FN:31,CreateBookingForm
FN:44,(anonymous_2)
FN:47,(anonymous_3)
FN:48,(anonymous_4)
FN:52,(anonymous_5)
FN:53,(anonymous_6)
FN:55,(anonymous_7)
FN:65,(anonymous_8)
FN:84,(anonymous_9)
FN:87,(anonymous_10)
FN:112,(anonymous_11)
FN:115,(anonymous_12)
FN:133,(anonymous_13)
FN:147,(anonymous_14)
FN:161,(anonymous_15)
FN:173,(anonymous_16)
FNF:17
FNH:15
FNDA:4,(anonymous_0)
FNDA:70,CreateBookingForm
FNDA:13,(anonymous_2)
FNDA:13,(anonymous_3)
FNDA:0,(anonymous_4)
FNDA:32,(anonymous_5)
FNDA:32,(anonymous_6)
FNDA:0,(anonymous_7)
FNDA:4,(anonymous_8)
FNDA:350,(anonymous_9)
FNDA:350,(anonymous_10)
FNDA:2,(anonymous_11)
FNDA:84,(anonymous_12)
FNDA:20,(anonymous_13)
FNDA:2,(anonymous_14)
FNDA:2,(anonymous_15)
FNDA:6,(anonymous_16)
DA:15,2
DA:16,4
DA:17,4
DA:18,4
DA:19,4
DA:20,2
DA:21,0
DA:23,4
DA:24,2
DA:25,4
DA:26,1
DA:28,4
DA:32,70
DA:33,70
DA:34,70
DA:41,70
DA:42,70
DA:44,70
DA:45,13
DA:46,13
DA:47,13
DA:48,0
DA:52,70
DA:53,32
DA:54,32
DA:55,0
DA:56,0
DA:57,0
DA:58,0
DA:59,0
DA:60,0
DA:65,70
DA:66,4
DA:67,4
DA:68,4
DA:69,4
DA:70,2
DA:71,2
DA:73,2
DA:74,2
DA:83,70
DA:84,70
DA:85,350
DA:87,70
DA:88,350
DA:95,70
DA:112,2
DA:116,84
DA:133,20
DA:147,2
DA:161,2
DA:173,6
LF:52
LH:44
BRDA:17,0,0,2
BRDA:17,0,1,2
BRDA:18,1,0,2
BRDA:18,1,1,2
BRDA:19,2,0,2
BRDA:19,2,1,2
BRDA:20,3,0,0
BRDA:20,3,1,2
BRDA:20,4,0,2
BRDA:20,4,1,2
BRDA:23,5,0,2
BRDA:23,5,1,2
BRDA:24,6,0,0
BRDA:24,6,1,2
BRDA:25,7,0,1
BRDA:25,7,1,3
BRDA:25,8,0,4
BRDA:25,8,1,1
BRDA:45,9,0,13
BRDA:45,9,1,0
BRDA:54,10,0,0
BRDA:54,10,1,32
BRDA:58,11,0,0
BRDA:58,11,1,0
BRDA:69,12,0,2
BRDA:69,12,1,2
BRDA:79,13,0,2
BRDA:79,13,1,2
BRDA:85,14,0,9
BRDA:85,14,1,341
BRDA:88,15,0,9
BRDA:88,15,1,341
BRDA:160,16,0,70
BRDA:160,16,1,44
BRF:34
BRH:28
end_of_record
TN:
SF:src\components\customerBooking\ConfirmScreen.jsx
FN:5,(anonymous_0)
FN:8,(anonymous_1)
FN:15,ConfirmScreen
FN:17,(anonymous_3)
FN:18,(anonymous_4)
FN:45,(anonymous_5)
FN:97,Section
FN:106,Row
FNF:8
FNH:8
FNDA:59,(anonymous_0)
FNDA:50,(anonymous_1)
FNDA:25,ConfirmScreen
FNDA:75,(anonymous_3)
FNDA:27,(anonymous_4)
FNDA:8,(anonymous_5)
FNDA:80,Section
FNDA:259,Row
DA:5,1
DA:6,59
DA:8,50
DA:10,1
DA:17,75
DA:18,27
DA:19,25
DA:21,25
DA:46,8
DA:98,80
DA:107,259
LF:11
LH:11
BRDA:17,0,0,75
BRDA:17,0,1,66
BRDA:19,1,0,25
BRDA:19,1,1,1
BRDA:28,2,0,25
BRDA:28,2,1,1
BRDA:29,3,0,25
BRDA:29,3,1,2
BRDA:30,4,0,25
BRDA:30,4,1,2
BRDA:43,5,0,25
BRDA:43,5,1,5
BRDA:57,6,0,25
BRDA:57,6,1,1
BRDA:80,7,0,2
BRDA:80,7,1,23
BRF:16
BRH:16
end_of_record
TN:
SF:src\components\customerBooking\CusTomerRoomCard.jsx
FN:6,CusTomerRoomCard
FN:26,(anonymous_1)
FN:73,(anonymous_2)
FNF:3
FNH:3
FNDA:28,CusTomerRoomCard
FNDA:4,(anonymous_1)
FNDA:2,(anonymous_2)
DA:7,28
DA:9,28
DA:16,28
DA:24,28
DA:26,28
DA:27,4
DA:28,4
DA:29,1
DA:30,1
DA:31,1
DA:34,3
DA:37,28
DA:73,2
LF:13
LH:13
BRDA:9,0,0,28
BRDA:9,0,1,3
BRDA:16,1,0,28
BRDA:16,1,1,1
BRDA:28,2,0,1
BRDA:28,2,1,3
BRDA:49,3,0,28
BRDA:49,3,1,27
BRF:8
BRH:8
end_of_record
TN:
SF:src\components\customerBooking\DatePickerCard.jsx
FN:4,(anonymous_0)
FN:6,DatePickerCard
FN:22,(anonymous_2)
FN:41,(anonymous_3)
FNF:4
FNH:4
FNDA:36,(anonymous_0)
FNDA:18,DatePickerCard
FNDA:6,(anonymous_2)
FNDA:2,(anonymous_3)
DA:4,36
DA:7,18
DA:9,18
DA:23,6
DA:24,6
DA:25,5
DA:26,5
DA:27,5
DA:41,2
LF:9
LH:9
BRDA:24,0,0,5
BRDA:24,0,1,1
BRF:2
BRH:2
end_of_record
TN:
SF:src\components\customerBooking\OderSummary.jsx
FN:4,(anonymous_0)
FN:7,(anonymous_1)
FN:9,OrderSummary
FN:10,(anonymous_3)
FN:34,(anonymous_4)
FN:74,(anonymous_5)
FNF:6
FNH:6
FNDA:79,(anonymous_0)
FNDA:44,(anonymous_1)
FNDA:22,OrderSummary
FNDA:66,(anonymous_3)
FNDA:11,(anonymous_4)
FNDA:44,(anonymous_5)
DA:4,1
DA:5,79
DA:7,44
DA:10,66
DA:12,22
DA:35,11
DA:36,11
DA:75,44
LF:8
LH:8
BRDA:10,0,0,66
BRDA:10,0,1,54
BRDA:29,1,0,22
BRDA:29,1,1,8
BRDA:65,2,0,22
BRDA:65,2,1,2
BRF:6
BRH:6
end_of_record
TN:
SF:src\components\customerBooking\ServiceCard.jsx
FN:4,(anonymous_0)
FN:7,ServicesCard
FN:17,(anonymous_2)
FN:28,(anonymous_3)
FN:37,(anonymous_4)
FN:55,(anonymous_5)
FN:57,(anonymous_6)
FN:63,(anonymous_7)
FNF:8
FNH:8
FNDA:48,(anonymous_0)
FNDA:21,ServicesCard
FNDA:6,(anonymous_2)
FNDA:48,(anonymous_3)
FNDA:3,(anonymous_4)
FNDA:5,(anonymous_5)
FNDA:3,(anonymous_6)
FNDA:2,(anonymous_7)
DA:4,1
DA:5,48
DA:8,21
DA:18,6
DA:29,48
DA:30,48
DA:31,48
DA:37,3
DA:55,5
DA:57,3
DA:63,2
LF:11
LH:11
BRDA:15,0,0,3
BRDA:15,0,1,18
BRDA:21,1,0,2
BRDA:21,1,1,16
BRDA:29,2,0,48
BRDA:29,2,1,37
BRDA:34,3,0,11
BRDA:34,3,1,37
BRDA:42,4,0,11
BRDA:42,4,1,37
BRDA:43,5,0,48
BRDA:43,5,1,11
BRDA:53,6,0,48
BRDA:53,6,1,11
BRF:14
BRH:14
end_of_record
TN:
SF:src\components\layout\AdminLayout.jsx
FN:23,Brand
FN:41,DesktopNav
FN:44,(anonymous_2)
FN:52,(anonymous_3)
FN:68,MobileNav
FN:71,(anonymous_5)
FN:79,(anonymous_6)
FN:95,ThemeButton
FN:113,AdminLayout
FN:119,(anonymous_9)
FNF:10
FNH:9
FNDA:48,Brand
FNDA:24,DesktopNav
FNDA:120,(anonymous_2)
FNDA:3,(anonymous_3)
FNDA:24,MobileNav
FNDA:120,(anonymous_5)
FNDA:0,(anonymous_6)
FNDA:48,ThemeButton
FNDA:24,AdminLayout
FNDA:3,(anonymous_9)
DA:15,1
DA:24,48
DA:42,24
DA:46,120
DA:49,120
DA:52,3
DA:69,24
DA:73,120
DA:76,120
DA:79,0
DA:96,48
DA:97,48
DA:99,48
DA:114,24
DA:115,24
DA:116,24
DA:117,24
DA:119,24
DA:120,3
DA:121,3
DA:124,24
LF:21
LH:20
BRDA:46,0,0,120
BRDA:46,0,1,97
BRDA:46,0,2,94
BRDA:54,1,0,24
BRDA:54,1,1,96
BRDA:73,2,0,120
BRDA:73,2,1,97
BRDA:73,2,2,94
BRDA:81,3,0,24
BRDA:81,3,1,96
BRDA:95,4,0,24
BRDA:96,5,0,2
BRDA:96,5,1,46
BRDA:97,6,0,2
BRDA:97,6,1,46
BRDA:104,7,0,24
BRDA:104,7,1,24
BRDA:108,8,0,48
BRDA:108,8,1,24
BRF:19
BRH:19
end_of_record
TN:
SF:src\components\layout\CustomerLayout.jsx
FN:24,Brand
FN:42,DesktopNav
FN:45,(anonymous_2)
FN:53,(anonymous_3)
FN:69,MobileNav
FN:72,(anonymous_5)
FN:80,(anonymous_6)
FN:96,ThemeButton
FN:114,CustomerLayout
FN:120,(anonymous_9)
FNF:10
FNH:9
FNDA:60,Brand
FNDA:30,DesktopNav
FNDA:120,(anonymous_2)
FNDA:4,(anonymous_3)
FNDA:30,MobileNav
FNDA:120,(anonymous_5)
FNDA:0,(anonymous_6)
FNDA:60,ThemeButton
FNDA:30,CustomerLayout
FNDA:3,(anonymous_9)
DA:15,1
DA:22,1
DA:25,60
DA:43,30
DA:47,120
DA:50,120
DA:53,4
DA:70,30
DA:74,120
DA:77,120
DA:80,0
DA:97,60
DA:98,60
DA:100,60
DA:115,30
DA:116,30
DA:117,30
DA:118,30
DA:120,30
DA:121,3
DA:122,3
DA:125,30
LF:22
LH:21
BRDA:35,0,0,60
BRDA:35,0,1,4
BRDA:47,1,0,120
BRDA:47,1,1,91
BRDA:47,1,2,85
BRDA:55,2,0,30
BRDA:55,2,1,90
BRDA:74,3,0,120
BRDA:74,3,1,91
BRDA:74,3,2,85
BRDA:82,4,0,30
BRDA:82,4,1,90
BRDA:96,5,0,30
BRDA:97,6,0,58
BRDA:97,6,1,2
BRDA:98,7,0,58
BRDA:98,7,1,2
BRDA:105,8,0,30
BRDA:105,8,1,30
BRDA:109,9,0,60
BRDA:109,9,1,30
BRF:21
BRH:21
end_of_record
TN:
SF:src\components\layout\ReceptionLayout.jsx
FN:22,Brand
FN:40,DesktopNav
FN:43,(anonymous_2)
FN:51,(anonymous_3)
FN:67,MobileNav
FN:70,(anonymous_5)
FN:78,(anonymous_6)
FN:94,ThemeButton
FN:112,ReceptionLayout
FN:120,(anonymous_9)
FN:143,(anonymous_10)
FN:158,(anonymous_11)
FN:185,(anonymous_12)
FNF:13
FNH:11
FNDA:24,Brand
FNDA:12,DesktopNav
FNDA:36,(anonymous_2)
FNDA:1,(anonymous_3)
FNDA:12,MobileNav
FNDA:36,(anonymous_5)
FNDA:0,(anonymous_6)
FNDA:24,ThemeButton
FNDA:12,ReceptionLayout
FNDA:1,(anonymous_9)
FNDA:3,(anonymous_10)
FNDA:0,(anonymous_11)
FNDA:1,(anonymous_12)
DA:16,1
DA:23,24
DA:41,12
DA:45,36
DA:48,36
DA:51,1
DA:68,12
DA:72,36
DA:75,36
DA:78,0
DA:95,24
DA:96,24
DA:98,24
DA:113,12
DA:114,12
DA:115,12
DA:116,12
DA:118,12
DA:120,12
DA:121,1
DA:122,1
DA:125,12
DA:143,3
DA:158,0
DA:185,1
LF:25
LH:23
BRDA:45,0,0,36
BRDA:45,0,1,24
BRDA:45,0,2,12
BRDA:53,1,0,12
BRDA:53,1,1,24
BRDA:72,2,0,36
BRDA:72,2,1,24
BRDA:72,2,2,12
BRDA:80,3,0,12
BRDA:80,3,1,24
BRDA:94,4,0,12
BRDA:95,5,0,2
BRDA:95,5,1,22
BRDA:96,6,0,2
BRDA:96,6,1,22
BRDA:103,7,0,12
BRDA:103,7,1,12
BRDA:107,8,0,24
BRDA:107,8,1,12
BRF:19
BRH:19
end_of_record
TN:
SF:src\components\profile\BookingHistory.jsx
FN:12,BookingHistory
FN:17,(anonymous_1)
FN:23,(anonymous_2)
FN:25,(anonymous_3)
FN:27,(anonymous_4)
FN:46,(anonymous_5)
FN:54,BookingCard
FN:56,(anonymous_7)
FN:106,(anonymous_8)
FNF:9
FNH:9
FNDA:20,BookingHistory
FNDA:21,(anonymous_1)
FNDA:120,(anonymous_2)
FNDA:285,(anonymous_3)
FNDA:7,(anonymous_4)
FNDA:42,(anonymous_5)
FNDA:42,BookingCard
FNDA:42,(anonymous_7)
FNDA:1,(anonymous_8)
DA:4,1
DA:13,20
DA:15,20
DA:17,21
DA:19,20
DA:24,120
DA:25,285
DA:26,120
DA:27,7
DA:46,42
DA:55,42
DA:56,42
DA:57,42
DA:58,42
DA:59,42
DA:60,42
DA:63,42
DA:106,1
LF:18
LH:18
BRDA:15,0,0,13
BRDA:15,0,1,7
BRDA:24,1,0,120
BRDA:24,1,1,20
BRDA:25,2,0,20
BRDA:25,2,1,100
BRDA:28,3,0,20
BRDA:28,3,1,100
BRDA:31,4,0,20
BRDA:31,4,1,100
BRDA:32,5,0,120
BRDA:32,5,1,76
BRDA:39,6,0,2
BRDA:39,6,1,18
BRDA:55,7,0,42
BRDA:55,7,1,0
BRDA:75,8,0,42
BRDA:75,8,1,29
BRDA:81,9,0,42
BRDA:81,9,1,42
BRDA:81,9,2,29
BRDA:100,10,0,42
BRDA:100,10,1,29
BRDA:105,11,0,42
BRDA:105,11,1,15
BRF:25
BRH:24
end_of_record
TN:
SF:src\components\profile\ChangePasswordForm.jsx
FN:6,(anonymous_0)
FN:15,ChangePasswordForm
FN:21,(anonymous_2)
FN:21,(anonymous_3)
FN:21,(anonymous_4)
FN:23,(anonymous_5)
FN:32,(anonymous_6)
FN:44,(anonymous_7)
FN:103,(anonymous_8)
FN:140,PwInput
FN:148,(anonymous_10)
FN:154,(anonymous_11)
FN:154,(anonymous_12)
FNF:13
FNH:13
FNDA:147,(anonymous_0)
FNDA:49,ChangePasswordForm
FNDA:23,(anonymous_2)
FNDA:23,(anonymous_3)
FNDA:23,(anonymous_4)
FNDA:49,(anonymous_5)
FNDA:9,(anonymous_6)
FNDA:9,(anonymous_7)
FNDA:96,(anonymous_8)
FNDA:147,PwInput
FNDA:23,(anonymous_10)
FNDA:1,(anonymous_11)
FNDA:1,(anonymous_12)
DA:6,1
DA:7,147
DA:13,1
DA:16,49
DA:17,49
DA:18,49
DA:19,49
DA:21,49
DA:23,49
DA:24,49
DA:25,49
DA:26,49
DA:27,49
DA:28,49
DA:29,49
DA:32,49
DA:33,9
DA:34,9
DA:35,9
DA:36,7
DA:37,6
DA:38,1
DA:39,9
DA:40,7
DA:41,9
DA:44,49
DA:45,9
DA:46,9
DA:47,9
DA:48,4
DA:49,4
DA:50,4
DA:51,2
DA:52,2
DA:54,2
DA:56,4
DA:60,49
DA:61,49
DA:68,49
DA:104,96
DA:141,147
DA:148,23
DA:154,1
LF:43
LH:43
BRDA:9,0,0,11
BRDA:9,0,1,136
BRDA:25,1,0,21
BRDA:25,1,1,28
BRDA:26,2,0,21
BRDA:26,2,1,28
BRDA:27,3,0,21
BRDA:27,3,1,28
BRDA:28,4,0,1
BRDA:28,4,1,48
BRDA:34,5,0,2
BRDA:34,5,1,7
BRDA:35,6,0,2
BRDA:35,6,1,7
BRDA:36,7,0,1
BRDA:36,7,1,6
BRDA:37,8,0,1
BRDA:37,8,1,5
BRDA:39,9,0,2
BRDA:39,9,1,7
BRDA:40,10,0,1
BRDA:40,10,1,6
BRDA:47,11,0,5
BRDA:47,11,1,4
BRDA:54,12,0,2
BRDA:54,12,1,1
BRDA:100,13,0,49
BRDA:100,13,1,24
BRDA:104,14,0,64
BRDA:104,14,1,32
BRDA:104,15,0,64
BRDA:104,15,1,0
BRDA:107,16,0,24
BRDA:107,16,1,0
BRDA:129,17,0,4
BRDA:129,17,1,45
BRDA:146,18,0,1
BRDA:146,18,1,146
BRDA:157,19,0,1
BRDA:157,19,1,146
BRDA:160,20,0,147
BRDA:160,20,1,11
BRF:42
BRH:40
end_of_record
TN:
SF:src\components\profile\EditProfileForm.jsx
FN:4,(anonymous_0)
FN:13,EditProfileForm
FN:18,(anonymous_2)
FN:27,(anonymous_3)
FN:64,(anonymous_4)
FN:64,(anonymous_5)
FN:64,(anonymous_6)
FN:76,(anonymous_7)
FN:76,(anonymous_8)
FN:76,(anonymous_9)
FNF:10
FNH:10
FNDA:70,(anonymous_0)
FNDA:35,EditProfileForm
FNDA:9,(anonymous_2)
FNDA:9,(anonymous_3)
FNDA:5,(anonymous_4)
FNDA:5,(anonymous_5)
FNDA:5,(anonymous_6)
FNDA:5,(anonymous_7)
FNDA:5,(anonymous_8)
FNDA:5,(anonymous_9)
DA:4,1
DA:5,70
DA:11,1
DA:14,35
DA:15,35
DA:16,35
DA:18,35
DA:19,9
DA:20,9
DA:21,7
DA:22,9
DA:23,2
DA:24,9
DA:27,35
DA:28,9
DA:29,9
DA:30,9
DA:31,4
DA:32,4
DA:33,4
DA:37,2
DA:39,2
DA:41,4
DA:45,35
DA:64,5
DA:76,5
LF:26
LH:26
BRDA:7,0,0,5
BRDA:7,0,1,65
BRDA:14,1,0,35
BRDA:14,1,1,1
BRDA:14,2,0,35
BRDA:14,2,1,1
BRDA:20,3,0,2
BRDA:20,3,1,7
BRDA:21,4,0,1
BRDA:21,4,1,6
BRDA:22,5,0,2
BRDA:22,5,1,7
BRDA:22,6,0,9
BRDA:22,6,1,8
BRDA:30,7,0,5
BRDA:30,7,1,4
BRDA:35,8,0,4
BRDA:35,8,1,1
BRDA:39,9,0,2
BRDA:39,9,1,1
BRDA:55,10,0,35
BRDA:55,10,1,1
BRDA:68,11,0,35
BRDA:68,11,1,3
BRDA:80,12,0,35
BRDA:80,12,1,2
BRDA:99,13,0,4
BRDA:99,13,1,31
BRF:28
BRH:28
end_of_record
TN:
SF:src\components\review\PendingCard.jsx
FN:4,PendingCard
FNF:1
FNH:1
FNDA:3,PendingCard
DA:5,3
LF:1
LH:1
BRF:0
BRH:0
end_of_record
TN:
SF:src\components\review\ReviewCard.jsx
FN:5,ReviewCard
FN:6,(anonymous_1)
FN:8,(anonymous_2)
FNF:3
FNH:3
FNDA:6,ReviewCard
FNDA:6,(anonymous_1)
FNDA:6,(anonymous_2)
DA:6,6
DA:8,6
DA:9,6
DA:10,6
DA:16,6
LF:5
LH:5
BRDA:9,0,0,0
BRDA:9,0,1,6
BRDA:25,1,0,6
BRDA:25,1,1,0
BRDA:55,2,0,6
BRDA:55,2,1,5
BRF:6
BRH:4
end_of_record
TN:
SF:src\components\review\ReviewModal.jsx
FN:6,ReviewModal
FN:12,(anonymous_1)
FN:42,(anonymous_2)
FN:103,(anonymous_3)
FNF:4
FNH:4
FNDA:28,ReviewModal
FNDA:4,(anonymous_1)
FNDA:12,(anonymous_2)
FNDA:3,(anonymous_3)
DA:7,28
DA:8,28
DA:9,28
DA:10,28
DA:12,28
DA:13,4
DA:14,4
DA:15,4
DA:16,4
DA:17,4
DA:18,4
DA:23,2
DA:25,2
DA:27,4
DA:31,28
DA:33,28
DA:42,12
DA:103,3
LF:18
LH:18
BRDA:14,0,0,0
BRDA:14,0,1,4
BRDA:21,1,0,4
BRDA:21,1,1,3
BRDA:25,2,0,2
BRDA:25,2,1,1
BRDA:31,3,0,28
BRDA:31,3,1,13
BRDA:84,4,0,9
BRDA:84,4,1,19
BRDA:85,5,0,3
BRDA:85,5,1,16
BRDA:86,6,0,3
BRDA:86,6,1,13
BRDA:115,7,0,28
BRDA:115,7,1,2
BRDA:133,8,0,28
BRDA:133,8,1,24
BRDA:139,9,0,4
BRDA:139,9,1,24
BRF:20
BRH:19
end_of_record
TN:
SF:src\components\review\RoomDetailReview.jsx
FN:7,Stars
FN:11,(anonymous_1)
FN:21,RatingBar
FN:41,SkeletonCard
FN:61,RoomDetailReview
FN:74,(anonymous_5)
FN:83,(anonymous_6)
FN:87,(anonymous_7)
FN:88,(anonymous_8)
FN:92,(anonymous_9)
FN:94,(anonymous_10)
FN:99,(anonymous_11)
FN:100,(anonymous_12)
FN:148,(anonymous_13)
FN:154,(anonymous_14)
FN:163,(anonymous_15)
FN:163,(anonymous_16)
FN:163,(anonymous_17)
FN:163,(anonymous_18)
FN:206,(anonymous_19)
FN:213,(anonymous_20)
FN:213,(anonymous_21)
FN:224,(anonymous_22)
FN:233,(anonymous_23)
FN:233,(anonymous_24)
FN:236,(anonymous_25)
FN:236,(anonymous_26)
FN:253,(anonymous_27)
FN:270,(anonymous_28)
FN:278,(anonymous_29)
FNF:30
FNH:28
FNDA:63,Stars
FNDA:315,(anonymous_1)
FNDA:160,RatingBar
FNDA:132,SkeletonCard
FNDA:70,RoomDetailReview
FNDA:32,(anonymous_5)
FNDA:26,(anonymous_6)
FNDA:3,(anonymous_7)
FNDA:29,(anonymous_8)
FNDA:350,(anonymous_9)
FNDA:640,(anonymous_10)
FNDA:128,(anonymous_11)
FNDA:140,(anonymous_12)
FNDA:165,(anonymous_13)
FNDA:132,(anonymous_14)
FNDA:1,(anonymous_15)
FNDA:1,(anonymous_16)
FNDA:0,(anonymous_17)
FNDA:1,(anonymous_18)
FNDA:160,(anonymous_19)
FNDA:1,(anonymous_20)
FNDA:1,(anonymous_21)
FNDA:1,(anonymous_22)
FNDA:160,(anonymous_23)
FNDA:96,(anonymous_24)
FNDA:5,(anonymous_25)
FNDA:5,(anonymous_26)
FNDA:2,(anonymous_27)
FNDA:0,(anonymous_28)
FNDA:118,(anonymous_29)
DA:8,63
DA:9,63
DA:12,315
DA:22,160
DA:23,160
DA:42,132
DA:62,70
DA:63,70
DA:64,70
DA:65,70
DA:68,70
DA:69,70
DA:71,70
DA:74,70
DA:75,32
DA:76,31
DA:77,31
DA:79,31
DA:84,26
DA:85,26
DA:87,3
DA:88,29
DA:92,350
DA:94,640
DA:98,70
DA:99,128
DA:101,140
DA:102,10
DA:103,5
DA:104,0
DA:108,70
DA:109,70
DA:110,70
DA:113,70
DA:119,70
DA:149,165
DA:154,132
DA:163,1
DA:207,160
DA:213,1
DA:224,1
DA:233,160
DA:234,96
DA:236,5
DA:253,2
DA:270,0
DA:279,118
LF:47
LH:45
BRDA:7,0,0,0
BRDA:12,1,0,238
BRDA:12,1,1,77
BRDA:22,2,0,155
BRDA:22,2,1,5
BRDA:26,3,0,140
BRDA:26,3,1,20
BRDA:32,4,0,140
BRDA:32,4,1,20
BRDA:75,5,0,1
BRDA:75,5,1,31
BRDA:84,6,0,26
BRDA:84,6,1,0
BRDA:85,7,0,26
BRDA:85,7,1,0
BRDA:99,8,0,128
BRDA:99,8,1,20
BRDA:101,9,0,130
BRDA:101,9,1,10
BRDA:102,10,0,5
BRDA:102,10,1,5
BRDA:103,11,0,5
BRDA:103,11,1,0
BRDA:108,12,0,70
BRDA:108,12,1,37
BRDA:109,13,0,70
BRDA:109,13,1,37
BRDA:110,14,0,30
BRDA:110,14,1,40
BRDA:113,15,0,1
BRDA:113,15,1,69
BRDA:114,16,0,26
BRDA:114,16,1,43
BRDA:115,17,0,1
BRDA:115,17,1,42
BRDA:116,18,0,1
BRDA:116,18,1,41
BRDA:117,19,0,1
BRDA:117,19,1,40
BRDA:128,20,0,70
BRDA:128,20,1,68
BRDA:133,21,0,70
BRDA:133,21,1,31
BRDA:142,22,0,33
BRDA:142,22,1,37
BRDA:157,23,0,3
BRDA:157,23,1,34
BRDA:169,24,0,2
BRDA:169,24,1,32
BRDA:181,25,0,2
BRDA:181,25,1,1
BRDA:196,26,0,32
BRDA:196,26,1,30
BRDA:212,27,0,160
BRDA:212,27,1,155
BRDA:213,28,0,0
BRDA:213,28,1,1
BRDA:226,29,0,27
BRDA:226,29,1,5
BRDA:236,30,0,1
BRDA:236,30,1,4
BRDA:238,31,0,5
BRDA:238,31,1,91
BRDA:264,32,0,0
BRDA:264,32,1,32
BRDA:287,33,0,32
BRDA:287,33,1,5
BRF:67
BRH:61
end_of_record
TN:
SF:src\components\review\RoomDetailReviewCard.jsx
FN:4,Avatar
FN:9,(anonymous_1)
FN:20,(anonymous_2)
FN:29,RoomDetailReviewCard
FN:34,(anonymous_4)
FN:76,(anonymous_5)
FN:76,(anonymous_6)
FNF:7
FNH:7
FNDA:29,Avatar
FNDA:54,(anonymous_1)
FNDA:330,(anonymous_2)
FNDA:29,RoomDetailReviewCard
FNDA:29,(anonymous_4)
FNDA:6,(anonymous_5)
FNDA:6,(anonymous_6)
DA:5,29
DA:9,54
DA:13,29
DA:20,330
DA:22,29
DA:30,29
DA:31,29
DA:32,29
DA:34,29
DA:35,29
DA:36,28
DA:41,29
DA:76,6
LF:13
LH:13
BRDA:5,0,0,29
BRDA:5,0,1,3
BRDA:20,1,0,29
BRDA:20,1,1,3
BRDA:31,2,0,29
BRDA:31,2,1,1
BRDA:32,3,0,21
BRDA:32,3,1,8
BRDA:32,4,0,29
BRDA:32,4,1,12
BRDA:35,5,0,1
BRDA:35,5,1,28
BRDA:53,6,0,29
BRDA:53,6,1,3
BRDA:71,7,0,26
BRDA:71,7,1,3
BRDA:74,8,0,26
BRDA:74,8,1,12
BRDA:79,9,0,4
BRDA:79,9,1,8
BRF:20
BRH:20
end_of_record
TN:
SF:src\components\review\Toast.jsx
FN:5,useToast
FN:8,(anonymous_1)
FN:10,(anonymous_2)
FN:11,(anonymous_3)
FN:12,(anonymous_4)
FN:12,(anonymous_5)
FN:16,(anonymous_6)
FN:16,(anonymous_7)
FN:16,(anonymous_8)
FN:18,(anonymous_9)
FN:20,(anonymous_10)
FN:21,(anonymous_11)
FN:29,Toast
FN:32,(anonymous_13)
FN:34,(anonymous_14)
FN:35,(anonymous_15)
FNF:16
FNH:16
FNDA:16,useToast
FNDA:7,(anonymous_1)
FNDA:7,(anonymous_2)
FNDA:7,(anonymous_3)
FNDA:2,(anonymous_4)
FNDA:2,(anonymous_5)
FNDA:1,(anonymous_6)
FNDA:1,(anonymous_7)
FNDA:1,(anonymous_8)
FNDA:16,(anonymous_9)
FNDA:7,(anonymous_10)
FNDA:1,(anonymous_11)
FNDA:8,Toast
FNDA:7,(anonymous_13)
FNDA:6,(anonymous_14)
FNDA:7,(anonymous_15)
DA:6,16
DA:8,16
DA:9,7
DA:10,7
DA:11,7
DA:12,7
DA:16,16
DA:18,16
DA:19,16
DA:21,7
DA:26,16
DA:30,8
DA:32,8
DA:34,7
DA:35,7
DA:38,8
DA:59,8
DA:61,8
LF:18
LH:18
BRDA:8,0,0,0
BRDA:59,1,0,8
BRDA:59,1,1,1
BRDA:63,2,0,1
BRDA:63,2,1,7
BRF:5
BRH:4
end_of_record
TN:
SF:src\components\room\CreateRoomForm.jsx
FN:15,(anonymous_0)
FN:26,CreateRoomForm
FN:38,(anonymous_2)
FN:40,(anonymous_3)
FN:41,(anonymous_4)
FN:44,(anonymous_5)
FN:52,(anonymous_6)
FN:54,(anonymous_7)
FN:55,(anonymous_8)
FN:61,(anonymous_9)
FN:62,(anonymous_10)
FN:64,(anonymous_11)
FN:74,(anonymous_12)
FN:91,(anonymous_13)
FN:94,(anonymous_14)
FN:119,(anonymous_15)
FN:122,(anonymous_16)
FN:138,(anonymous_17)
FN:142,(anonymous_18)
FN:160,(anonymous_19)
FNF:20
FNH:19
FNDA:4,(anonymous_0)
FNDA:139,CreateRoomForm
FNDA:139,(anonymous_2)
FNDA:139,(anonymous_3)
FNDA:139,(anonymous_4)
FNDA:120,(anonymous_5)
FNDA:33,(anonymous_6)
FNDA:18,(anonymous_7)
FNDA:13,(anonymous_8)
FNDA:21,(anonymous_9)
FNDA:21,(anonymous_10)
FNDA:0,(anonymous_11)
FNDA:4,(anonymous_12)
FNDA:417,(anonymous_13)
FNDA:417,(anonymous_14)
FNDA:3,(anonymous_15)
FNDA:109,(anonymous_16)
FNDA:3,(anonymous_17)
FNDA:161,(anonymous_18)
FNDA:15,(anonymous_19)
DA:15,2
DA:16,4
DA:17,4
DA:18,4
DA:19,4
DA:20,3
DA:21,1
DA:23,4
DA:27,139
DA:28,139
DA:29,139
DA:30,139
DA:35,139
DA:36,139
DA:38,139
DA:39,139
DA:40,139
DA:41,139
DA:42,139
DA:44,139
DA:52,139
DA:53,33
DA:54,18
DA:55,18
DA:57,15
DA:61,139
DA:62,21
DA:63,21
DA:64,0
DA:65,0
DA:66,0
DA:67,0
DA:68,0
DA:69,0
DA:74,139
DA:75,4
DA:76,4
DA:77,4
DA:78,4
DA:79,2
DA:80,2
DA:83,2
DA:84,2
DA:91,139
DA:92,417
DA:94,139
DA:95,417
DA:102,139
DA:119,3
DA:123,109
DA:138,3
DA:143,161
DA:160,15
LF:53
LH:47
BRDA:17,0,0,0
BRDA:17,0,1,4
BRDA:18,1,0,1
BRDA:18,1,1,3
BRDA:19,2,0,1
BRDA:19,2,1,3
BRDA:20,3,0,1
BRDA:20,3,1,2
BRDA:39,4,0,139
BRDA:39,4,1,0
BRDA:42,5,0,139
BRDA:42,5,1,0
BRDA:53,6,0,18
BRDA:53,6,1,15
BRDA:63,7,0,0
BRDA:63,7,1,21
BRDA:67,8,0,0
BRDA:67,8,1,0
BRDA:78,9,0,2
BRDA:78,9,1,2
BRDA:92,10,0,9
BRDA:92,10,1,408
BRDA:95,11,0,9
BRDA:95,11,1,408
BRDA:124,12,0,109
BRDA:124,12,1,109
BRF:26
BRH:20
end_of_record
TN:
SF:src\components\room\RoomCard.jsx
FN:5,RoomCard
FN:51,(anonymous_1)
FN:62,(anonymous_2)
FN:73,(anonymous_3)
FN:81,(anonymous_4)
FNF:5
FNH:3
FNDA:32,RoomCard
FNDA:1,(anonymous_1)
FNDA:79,(anonymous_2)
FNDA:0,(anonymous_3)
FNDA:0,(anonymous_4)
DA:6,32
DA:7,32
DA:9,32
DA:51,1
DA:63,79
DA:73,0
DA:81,0
LF:7
LH:5
BRDA:6,0,0,32
BRDA:6,0,1,0
BRDA:7,1,0,32
BRDA:7,1,1,32
BRDA:7,1,2,0
BRDA:30,2,0,32
BRDA:30,2,1,32
BRDA:30,2,2,32
BRDA:40,3,0,32
BRDA:40,3,1,0
BRDA:40,3,2,0
BRDA:48,4,0,32
BRDA:48,4,1,32
BRDA:70,5,0,32
BRDA:70,5,1,23
BRDA:70,5,2,17
BRF:16
BRH:12
end_of_record
TN:
SF:src\components\room\RoomFilterBar.jsx
FN:10,(anonymous_0)
FN:15,RoomFilterBar
FN:16,(anonymous_2)
FN:19,(anonymous_3)
FN:20,(anonymous_4)
FN:23,(anonymous_5)
FN:26,(anonymous_6)
FN:27,(anonymous_7)
FN:28,(anonymous_8)
FN:42,(anonymous_9)
FN:51,(anonymous_10)
FN:59,(anonymous_11)
FN:71,(anonymous_12)
FN:74,(anonymous_13)
FN:86,(anonymous_14)
FN:89,(anonymous_15)
FN:99,(anonymous_16)
FNF:17
FNH:11
FNDA:63,(anonymous_0)
FNDA:21,RoomFilterBar
FNDA:10,(anonymous_2)
FNDA:12,(anonymous_3)
FNDA:12,(anonymous_4)
FNDA:10,(anonymous_5)
FNDA:12,(anonymous_6)
FNDA:12,(anonymous_7)
FNDA:4,(anonymous_8)
FNDA:0,(anonymous_9)
FNDA:0,(anonymous_10)
FNDA:105,(anonymous_11)
FNDA:0,(anonymous_12)
FNDA:0,(anonymous_13)
FNDA:0,(anonymous_14)
FNDA:16,(anonymous_15)
FNDA:0,(anonymous_16)
DA:10,1
DA:11,63
DA:16,21
DA:17,10
DA:18,10
DA:19,12
DA:20,12
DA:23,21
DA:24,10
DA:25,10
DA:26,12
DA:27,12
DA:28,4
DA:32,21
DA:34,21
DA:42,0
DA:51,0
DA:60,105
DA:71,0
DA:75,0
DA:86,0
DA:90,16
DA:99,0
LF:23
LH:17
BRDA:12,0,0,0
BRDA:12,0,1,63
BRDA:20,1,0,12
BRDA:20,1,1,0
BRDA:20,1,2,0
BRDA:27,2,0,12
BRDA:27,2,1,12
BRDA:27,2,2,12
BRDA:27,2,3,8
BRDA:32,3,0,21
BRDA:32,3,1,21
BRDA:32,3,2,21
BRDA:32,3,3,21
BRDA:53,4,0,0
BRDA:53,4,1,21
BRDA:97,5,0,21
BRDA:97,5,1,0
BRF:17
BRH:12
end_of_record
TN:
SF:src\components\room\RoomStatusFilter.jsx
FN:3,RoomStatusFilter
FN:6,(anonymous_1)
FN:14,(anonymous_2)
FN:18,(anonymous_3)
FNF:4
FNH:4
FNDA:4,RoomStatusFilter
FNDA:20,(anonymous_1)
FNDA:1,(anonymous_2)
FNDA:24,(anonymous_3)
DA:4,4
DA:6,20
DA:9,4
DA:11,4
DA:14,1
DA:19,24
LF:6
LH:6
BRDA:9,0,0,4
BRDA:9,0,1,3
BRDA:16,1,0,1
BRDA:16,1,1,3
BRF:4
BRH:4
end_of_record
TN:
SF:src\components\room\RoomStatusSummary.jsx
FN:4,RoomStatusSummary
FN:7,(anonymous_1)
FN:19,(anonymous_2)
FNF:3
FNH:3
FNDA:25,RoomStatusSummary
FNDA:175,(anonymous_1)
FNDA:125,(anonymous_2)
DA:5,25
DA:6,25
DA:7,175
DA:10,25
DA:20,125
LF:5
LH:5
BRF:0
BRH:0
end_of_record
TN:
SF:src\constants\bookingStatus.js
FNF:0
FNH:0
DA:1,3
DA:9,3
LF:2
LH:2
BRF:0
BRH:0
end_of_record
TN:
SF:src\constants\roomStatus.js
FNF:0
FNH:0
DA:1,4
DA:9,4
DA:17,4
LF:3
LH:3
BRF:0
BRH:0
end_of_record
TN:
SF:src\hooks\useForm.js
FN:3,useForm
FN:8,(anonymous_1)
FN:10,(anonymous_2)
FN:13,(anonymous_3)
FN:17,(anonymous_4)
FN:19,(anonymous_5)
FN:22,(anonymous_6)
FN:26,(anonymous_7)
FN:27,(anonymous_8)
FN:30,(anonymous_9)
FN:31,(anonymous_10)
FN:34,(anonymous_11)
FN:38,(anonymous_12)
FN:39,(anonymous_13)
FN:42,(anonymous_14)
FNF:15
FNH:15
FNDA:95,useForm
FNDA:29,(anonymous_1)
FNDA:29,(anonymous_2)
FNDA:1,(anonymous_3)
FNDA:16,(anonymous_4)
FNDA:16,(anonymous_5)
FNDA:16,(anonymous_6)
FNDA:1,(anonymous_7)
FNDA:1,(anonymous_8)
FNDA:1,(anonymous_9)
FNDA:1,(anonymous_10)
FNDA:11,(anonymous_11)
FNDA:29,(anonymous_12)
FNDA:21,(anonymous_13)
FNDA:1,(anonymous_14)
DA:4,95
DA:5,95
DA:6,95
DA:8,95
DA:9,29
DA:10,29
DA:11,29
DA:12,1
DA:13,1
DA:17,95
DA:18,16
DA:19,16
DA:20,16
DA:21,16
DA:22,16
DA:26,95
DA:27,1
DA:30,95
DA:31,1
DA:34,95
DA:35,11
DA:36,10
DA:37,10
DA:38,29
DA:39,21
DA:42,95
DA:43,1
DA:44,1
DA:45,1
DA:48,95
LF:30
LH:30
BRDA:11,0,0,1
BRDA:11,0,1,28
BRDA:11,1,0,29
BRDA:11,1,1,1
BRDA:13,2,0,1
BRDA:13,2,1,0
BRDA:20,3,0,16
BRDA:20,3,1,0
BRDA:22,4,0,16
BRDA:22,4,1,0
BRDA:31,5,0,1
BRDA:31,5,1,0
BRDA:35,6,0,1
BRDA:35,6,1,10
BRF:14
BRH:10
end_of_record
TN:
SF:src\pages\LoginPage.jsx
FN:7,(anonymous_0)
FN:13,(anonymous_1)
FN:16,LoginPage
FN:23,(anonymous_3)
FNF:4
FNH:4
FNDA:8,(anonymous_0)
FNDA:3,(anonymous_1)
FNDA:28,LoginPage
FNDA:5,(anonymous_3)
DA:7,8
DA:13,1
DA:14,3
DA:17,28
DA:18,28
DA:19,28
DA:21,28
DA:23,28
DA:24,5
DA:25,5
DA:26,5
DA:27,4
DA:28,4
DA:29,3
DA:31,1
DA:35,28
LF:16
LH:16
BRDA:8,0,0,3
BRDA:8,0,1,5
BRDA:9,1,0,1
BRDA:9,1,1,4
BRDA:10,2,0,4
BRDA:10,2,1,4
BRDA:14,3,0,3
BRDA:14,3,1,1
BRDA:26,4,0,1
BRDA:26,4,1,4
BRDA:82,5,0,28
BRDA:82,5,1,1
BRDA:93,6,0,4
BRDA:93,6,1,24
BRDA:93,7,0,28
BRDA:93,7,1,9
BRDA:94,8,0,28
BRDA:94,8,1,9
BRDA:94,8,2,4
BRDA:101,9,0,2
BRDA:101,9,1,26
BRDA:101,10,0,28
BRDA:101,10,1,7
BRDA:102,11,0,28
BRDA:102,11,1,7
BRDA:102,11,2,2
BRDA:107,12,0,1
BRDA:107,12,1,27
BRF:28
BRH:28
end_of_record
TN:
SF:src\pages\RegisterPage.jsx
FN:7,(anonymous_0)
FN:20,(anonymous_1)
FN:38,(anonymous_2)
FN:44,RegisterPage
FN:54,(anonymous_4)
FN:92,(anonymous_5)
FN:167,(anonymous_6)
FNF:7
FNH:7
FNDA:13,(anonymous_0)
FNDA:45,(anonymous_1)
FNDA:225,(anonymous_2)
FNDA:45,RegisterPage
FNDA:3,(anonymous_4)
FNDA:135,(anonymous_5)
FNDA:60,(anonymous_6)
DA:7,13
DA:20,1
DA:21,45
DA:22,15
DA:23,15
DA:24,15
DA:25,15
DA:26,15
DA:27,15
DA:30,1
DA:38,1
DA:39,225
DA:45,45
DA:46,45
DA:47,45
DA:49,45
DA:51,45
DA:52,45
DA:54,45
DA:55,3
DA:56,3
DA:57,3
DA:58,2
DA:59,2
DA:60,2
DA:61,1
DA:63,1
DA:64,1
DA:68,45
DA:93,135
DA:168,60
LF:31
LH:31
BRDA:8,0,0,10
BRDA:8,0,1,3
BRDA:9,1,0,1
BRDA:9,1,1,2
BRDA:10,2,0,10
BRDA:10,2,1,3
BRDA:11,3,0,1
BRDA:11,3,1,2
BRDA:12,4,0,8
BRDA:12,4,1,5
BRDA:13,5,0,1
BRDA:13,5,1,4
BRDA:14,6,0,1
BRDA:14,6,1,3
BRDA:15,7,0,10
BRDA:15,7,1,3
BRDA:16,8,0,1
BRDA:16,8,1,2
BRDA:17,9,0,1
BRDA:17,9,1,12
BRDA:17,10,0,13
BRDA:17,10,1,2
BRDA:21,11,0,30
BRDA:21,11,1,15
BRDA:23,12,0,13
BRDA:23,12,1,2
BRDA:24,13,0,13
BRDA:24,13,1,2
BRDA:25,14,0,13
BRDA:25,14,1,2
BRDA:26,15,0,1
BRDA:26,15,1,14
BRDA:39,16,0,20
BRDA:39,16,1,205
BRDA:57,17,0,1
BRDA:57,17,1,2
BRDA:64,18,0,0
BRDA:64,18,1,1
BRDA:120,19,0,45
BRDA:120,19,1,1
BRDA:133,20,0,45
BRDA:133,20,1,9
BRDA:134,21,0,45
BRDA:134,21,1,9
BRDA:134,21,2,6
BRDA:142,22,0,45
BRDA:142,22,1,5
BRDA:143,23,0,45
BRDA:143,23,1,5
BRDA:143,23,2,1
BRDA:152,24,0,45
BRDA:152,24,1,8
BRDA:153,25,0,45
BRDA:153,25,1,8
BRDA:153,25,2,5
BRDA:161,26,0,45
BRDA:161,26,1,8
BRDA:164,27,0,45
BRDA:164,27,1,15
BRDA:168,28,0,40
BRDA:168,28,1,20
BRDA:176,29,0,45
BRDA:176,29,1,8
BRDA:176,29,2,5
BRDA:184,30,0,45
BRDA:184,30,1,6
BRDA:185,31,0,45
BRDA:185,31,1,6
BRDA:185,31,2,3
BRDA:190,32,0,1
BRDA:190,32,1,44
BRF:71
BRH:70
end_of_record
TN:
SF:src\pages\admin\AdminRoomManagement.jsx
FN:7,(anonymous_0)
FN:12,(anonymous_1)
FN:20,(anonymous_2)
FN:30,(anonymous_3)
FN:32,(anonymous_4)
FN:43,(anonymous_5)
FN:48,(anonymous_6)
FN:73,(anonymous_7)
FN:85,(anonymous_8)
FN:100,(anonymous_9)
FN:109,(anonymous_10)
FN:112,(anonymous_11)
FN:136,(anonymous_12)
FN:138,(anonymous_13)
FN:189,(anonymous_14)
FN:197,(anonymous_15)
FN:215,(anonymous_16)
FNF:17
FNH:15
FNDA:21,(anonymous_0)
FNDA:19,(anonymous_1)
FNDA:9,(anonymous_2)
FNDA:8,(anonymous_3)
FNDA:2,(anonymous_4)
FNDA:2,(anonymous_5)
FNDA:0,(anonymous_6)
FNDA:20,(anonymous_7)
FNDA:1,(anonymous_8)
FNDA:1,(anonymous_9)
FNDA:1,(anonymous_10)
FNDA:20,(anonymous_11)
FNDA:18,(anonymous_12)
FNDA:26,(anonymous_13)
FNDA:1,(anonymous_14)
FNDA:2,(anonymous_15)
FNDA:0,(anonymous_16)
DA:7,1
DA:8,21
DA:9,21
DA:12,1
DA:13,19
DA:14,19
DA:15,19
DA:16,19
DA:17,19
DA:18,19
DA:20,19
DA:21,9
DA:26,9
DA:27,9
DA:30,19
DA:32,19
DA:33,2
DA:34,1
DA:35,1
DA:36,1
DA:38,0
DA:43,19
DA:44,2
DA:45,2
DA:48,19
DA:49,0
DA:50,0
DA:51,0
DA:54,0
DA:55,0
DA:61,0
DA:62,0
DA:63,0
DA:64,0
DA:66,0
DA:73,19
DA:74,20
DA:75,20
DA:76,20
DA:79,19
DA:85,1
DA:100,1
DA:109,1
DA:113,20
DA:137,18
DA:138,26
DA:141,18
DA:189,1
DA:197,2
DA:215,0
LF:50
LH:38
BRDA:9,0,0,21
BRDA:9,0,1,1
BRDA:26,1,0,9
BRDA:26,1,1,0
BRDA:27,2,0,9
BRDA:27,2,1,0
BRDA:33,3,0,1
BRDA:33,3,1,1
BRDA:43,4,0,1
BRDA:49,5,0,0
BRDA:49,5,1,0
BRDA:49,6,0,0
BRDA:49,6,1,0
BRDA:49,6,2,0
BRDA:58,7,0,0
BRDA:58,7,1,0
BRDA:62,8,0,0
BRDA:62,8,1,0
BRDA:75,9,0,20
BRDA:75,9,1,2
BRDA:76,10,0,20
BRDA:76,10,1,19
BRDA:168,11,0,18
BRDA:168,11,1,0
BRDA:174,12,0,10
BRDA:174,12,1,8
BRF:26
BRH:14
end_of_record
TN:
SF:src\pages\admin\HotelManagement.jsx
FN:6,(anonymous_0)
FN:17,(anonymous_1)
FN:20,(anonymous_2)
FN:22,(anonymous_3)
FN:23,(anonymous_4)
FN:32,(anonymous_5)
FN:34,(anonymous_6)
FN:48,(anonymous_7)
FN:59,(anonymous_8)
FN:75,(anonymous_9)
FN:93,(anonymous_10)
FN:109,(anonymous_11)
FN:118,(anonymous_12)
FN:121,(anonymous_13)
FN:144,(anonymous_14)
FN:180,(anonymous_15)
FN:188,(anonymous_16)
FN:215,(anonymous_17)
FNF:18
FNH:15
FNDA:13,(anonymous_0)
FNDA:46,(anonymous_1)
FNDA:92,(anonymous_2)
FNDA:16,(anonymous_3)
FNDA:6,(anonymous_4)
FNDA:5,(anonymous_5)
FNDA:1,(anonymous_6)
FNDA:1,(anonymous_7)
FNDA:0,(anonymous_8)
FNDA:16,(anonymous_9)
FNDA:1,(anonymous_10)
FNDA:1,(anonymous_11)
FNDA:1,(anonymous_12)
FNDA:16,(anonymous_13)
FNDA:14,(anonymous_14)
FNDA:0,(anonymous_15)
FNDA:1,(anonymous_16)
FNDA:0,(anonymous_17)
DA:6,1
DA:7,13
DA:8,13
DA:9,13
DA:10,13
DA:11,13
DA:13,13
DA:17,13
DA:18,46
DA:20,92
DA:22,16
DA:23,13
DA:24,6
DA:25,6
DA:26,6
DA:28,0
DA:32,13
DA:34,13
DA:35,1
DA:36,1
DA:38,1
DA:39,1
DA:40,1
DA:43,0
DA:48,13
DA:49,1
DA:50,0
DA:51,0
DA:53,1
DA:54,1
DA:56,1
DA:59,13
DA:60,0
DA:61,0
DA:63,0
DA:65,0
DA:66,0
DA:67,0
DA:69,0
DA:70,0
DA:75,13
DA:76,16
DA:80,16
DA:81,16
DA:83,16
DA:86,13
DA:93,1
DA:109,1
DA:118,1
DA:122,16
DA:145,14
DA:180,0
DA:188,1
DA:215,0
LF:54
LH:40
BRDA:18,0,0,0
BRDA:18,0,1,46
BRDA:26,1,0,6
BRDA:26,1,1,0
BRDA:35,2,0,1
BRDA:35,2,1,0
BRDA:43,3,0,0
BRDA:43,3,1,0
BRDA:48,4,0,1
BRDA:49,5,0,0
BRDA:49,5,1,1
BRDA:70,6,0,0
BRDA:70,6,1,0
BRDA:76,7,0,16
BRDA:76,7,1,2
BRDA:81,8,0,16
BRDA:81,8,1,2
BRDA:83,9,0,16
BRDA:83,9,1,15
BRDA:203,10,0,13
BRDA:203,10,1,5
BRDA:210,11,0,13
BRDA:210,11,1,1
BRF:23
BRH:15
end_of_record
TN:
SF:src\pages\customer\BookingPage.jsx
FN:15,(anonymous_0)
FN:21,(anonymous_1)
FN:23,(anonymous_2)
FN:26,BookingPage
FN:50,(anonymous_4)
FN:55,(anonymous_5)
FN:59,(anonymous_6)
FN:60,(anonymous_7)
FN:61,(anonymous_8)
FN:66,(anonymous_9)
FN:71,(anonymous_10)
FN:75,(anonymous_11)
FN:76,(anonymous_12)
FN:86,(anonymous_13)
FN:87,(anonymous_14)
FN:88,(anonymous_15)
FN:92,(anonymous_16)
FN:94,(anonymous_17)
FN:96,(anonymous_18)
FN:101,(anonymous_19)
FN:110,(anonymous_20)
FN:132,(anonymous_21)
FN:133,(anonymous_22)
FN:136,(anonymous_23)
FN:173,(anonymous_24)
FN:195,(anonymous_25)
FN:233,(anonymous_26)
FN:251,(anonymous_27)
FNF:28
FNH:14
FNDA:10,(anonymous_0)
FNDA:10,(anonymous_1)
FNDA:2,(anonymous_2)
FNDA:5,BookingPage
FNDA:1,(anonymous_4)
FNDA:1,(anonymous_5)
FNDA:1,(anonymous_6)
FNDA:0,(anonymous_7)
FNDA:1,(anonymous_8)
FNDA:2,(anonymous_9)
FNDA:2,(anonymous_10)
FNDA:2,(anonymous_11)
FNDA:2,(anonymous_12)
FNDA:0,(anonymous_13)
FNDA:0,(anonymous_14)
FNDA:0,(anonymous_15)
FNDA:0,(anonymous_16)
FNDA:0,(anonymous_17)
FNDA:0,(anonymous_18)
FNDA:1,(anonymous_19)
FNDA:0,(anonymous_20)
FNDA:0,(anonymous_21)
FNDA:0,(anonymous_22)
FNDA:0,(anonymous_23)
FNDA:0,(anonymous_24)
FNDA:0,(anonymous_25)
FNDA:1,(anonymous_26)
FNDA:0,(anonymous_27)
DA:15,1
DA:16,10
DA:17,10
DA:18,10
DA:21,10
DA:23,1
DA:24,2
DA:27,5
DA:28,5
DA:29,5
DA:31,5
DA:32,5
DA:34,5
DA:35,5
DA:36,5
DA:38,5
DA:39,5
DA:40,5
DA:42,5
DA:43,5
DA:44,5
DA:47,5
DA:50,5
DA:51,1
DA:55,5
DA:56,1
DA:57,1
DA:58,1
DA:59,1
DA:60,0
DA:61,1
DA:65,5
DA:66,2
DA:70,5
DA:71,2
DA:75,5
DA:76,2
DA:77,2
DA:78,2
DA:83,5
DA:86,5
DA:87,0
DA:88,0
DA:92,5
DA:93,0
DA:94,0
DA:96,0
DA:101,5
DA:102,1
DA:103,1
DA:104,1
DA:105,0
DA:106,0
DA:110,5
DA:111,0
DA:112,0
DA:113,0
DA:115,0
DA:116,0
DA:119,0
DA:128,0
DA:131,0
DA:132,0
DA:133,0
DA:136,0
DA:139,0
DA:140,0
DA:144,0
DA:146,0
DA:147,0
DA:148,0
DA:152,0
DA:159,0
DA:161,0
DA:162,0
DA:166,5
DA:168,5
DA:173,0
DA:195,0
DA:234,1
DA:235,1
DA:236,0
DA:251,0
LF:83
LH:50
BRDA:47,0,0,5
BRDA:47,0,1,0
BRDA:51,1,0,0
BRDA:51,1,1,1
BRDA:56,2,0,0
BRDA:56,2,1,1
BRDA:59,3,0,1
BRDA:59,3,1,0
BRDA:71,4,0,2
BRDA:71,4,1,0
BRDA:77,5,0,2
BRDA:77,5,1,2
BRDA:88,6,0,0
BRDA:88,6,1,0
BRDA:93,7,0,0
BRDA:93,7,1,0
BRDA:104,8,0,1
BRDA:104,8,1,0
BRDA:105,9,0,0
BRDA:105,9,1,0
BRDA:112,10,0,0
BRDA:112,10,1,0
BRDA:116,11,0,0
BRDA:116,11,1,0
BRDA:136,12,0,0
BRDA:136,12,1,0
BRDA:139,13,0,0
BRDA:139,13,1,0
BRDA:144,14,0,0
BRDA:144,14,1,0
BRDA:156,15,0,0
BRDA:156,15,1,0
BRDA:161,16,0,0
BRDA:161,16,1,0
BRDA:161,16,2,0
BRDA:166,17,0,0
BRDA:166,17,1,5
BRDA:179,18,0,5
BRDA:179,18,1,0
BRDA:187,19,0,5
BRDA:187,19,1,0
BRDA:190,20,0,5
BRDA:190,20,1,0
BRDA:203,21,0,5
BRDA:203,21,1,0
BRDA:203,21,2,5
BRDA:208,22,0,5
BRDA:208,22,1,0
BRDA:235,23,0,1
BRDA:235,23,1,0
BRF:50
BRH:16
end_of_record
TN:
SF:src\pages\customer\HotelRoomApp.jsx
FN:5,EmptyState
FN:15,HotelRoomsApp
FN:23,(anonymous_2)
FN:25,(anonymous_3)
FN:26,(anonymous_4)
FN:27,(anonymous_5)
FN:28,(anonymous_6)
FN:32,(anonymous_7)
FN:39,(anonymous_8)
FN:44,(anonymous_9)
FN:46,(anonymous_10)
FN:50,(anonymous_11)
FN:58,(anonymous_12)
FN:73,(anonymous_13)
FN:77,(anonymous_14)
FN:82,(anonymous_15)
FN:91,(anonymous_16)
FN:110,(anonymous_17)
FN:123,(anonymous_18)
FN:133,(anonymous_19)
FNF:20
FNH:20
FNDA:2,EmptyState
FNDA:24,HotelRoomsApp
FNDA:10,(anonymous_2)
FNDA:8,(anonymous_3)
FNDA:8,(anonymous_4)
FNDA:1,(anonymous_5)
FNDA:9,(anonymous_6)
FNDA:2,(anonymous_7)
FNDA:8,(anonymous_8)
FNDA:6,(anonymous_9)
FNDA:6,(anonymous_10)
FNDA:38,(anonymous_11)
FNDA:42,(anonymous_12)
FNDA:3,(anonymous_13)
FNDA:33,(anonymous_14)
FNDA:1,(anonymous_15)
FNDA:1,(anonymous_16)
FNDA:30,(anonymous_17)
FNDA:30,(anonymous_18)
FNDA:38,(anonymous_19)
DA:6,2
DA:16,24
DA:17,24
DA:18,24
DA:19,24
DA:20,24
DA:23,24
DA:24,10
DA:25,8
DA:26,8
DA:27,1
DA:28,9
DA:32,24
DA:33,2
DA:37,24
DA:40,8
DA:43,24
DA:44,6
DA:45,23
DA:46,6
DA:50,24
DA:51,38
DA:52,38
DA:53,38
DA:54,38
DA:58,42
DA:60,24
DA:73,3
DA:77,33
DA:82,1
DA:91,1
DA:111,30
DA:124,30
DA:133,38
LF:34
LH:34
BRDA:37,0,0,21
BRDA:37,0,1,3
BRDA:43,1,0,1
BRDA:43,1,1,23
BRDA:45,2,0,1
BRDA:45,2,1,22
BRDA:51,3,0,38
BRDA:51,3,1,8
BRDA:52,4,0,30
BRDA:52,4,1,8
BRDA:83,5,0,1
BRDA:83,5,1,23
BRDA:92,6,0,1
BRDA:92,6,1,23
BRDA:108,7,0,10
BRDA:108,7,1,14
BRDA:117,8,0,2
BRDA:117,8,1,12
BRF:18
BRH:18
end_of_record
TN:
SF:src\pages\customer\PaymentResult.jsx
FN:3,PaymentResult
FN:7,(anonymous_1)
FN:73,(anonymous_2)
FNF:3
FNH:3
FNDA:12,PaymentResult
FNDA:6,(anonymous_1)
FNDA:1,(anonymous_2)
DA:4,12
DA:5,12
DA:7,12
DA:8,6
DA:9,6
DA:10,6
DA:12,6
DA:13,2
DA:14,2
DA:15,4
DA:16,1
DA:17,1
DA:19,3
DA:20,3
DA:24,12
DA:73,1
LF:16
LH:16
BRDA:12,0,0,2
BRDA:12,0,1,4
BRDA:15,1,0,1
BRDA:15,1,1,3
BRDA:30,2,0,12
BRDA:30,2,1,2
BRDA:34,3,0,12
BRDA:34,3,1,1
BRDA:38,4,0,12
BRDA:38,4,1,3
BRDA:42,5,0,12
BRDA:42,5,1,6
BRDA:53,6,0,12
BRDA:53,6,1,2
BRDA:59,7,0,12
BRDA:59,7,1,1
BRDA:65,8,0,12
BRDA:65,8,1,3
BRF:18
BRH:18
end_of_record
TN:
SF:src\pages\customer\ProfilePage.jsx
FN:11,ProfilePage
FN:22,(anonymous_1)
FN:40,(anonymous_2)
FN:82,(anonymous_3)
FN:102,(anonymous_4)
FN:105,(anonymous_5)
FN:121,(anonymous_6)
FN:125,(anonymous_7)
FN:132,(anonymous_8)
FN:133,(anonymous_9)
FN:141,(anonymous_10)
FNF:11
FNH:11
FNDA:27,ProfilePage
FNDA:11,(anonymous_1)
FNDA:11,(anonymous_2)
FNDA:90,(anonymous_3)
FNDA:81,(anonymous_4)
FNDA:5,(anonymous_5)
FNDA:1,(anonymous_6)
FNDA:1,(anonymous_7)
FNDA:1,(anonymous_8)
FNDA:1,(anonymous_9)
FNDA:1,(anonymous_10)
DA:12,27
DA:13,27
DA:15,27
DA:16,27
DA:17,27
DA:18,27
DA:19,27
DA:22,27
DA:23,11
DA:24,11
DA:25,11
DA:30,10
DA:31,10
DA:32,10
DA:34,1
DA:36,11
DA:40,27
DA:42,27
DA:83,90
DA:103,81
DA:105,5
DA:122,1
DA:123,1
DA:125,1
DA:132,1
DA:133,1
DA:141,1
LF:27
LH:27
BRDA:73,0,0,27
BRDA:73,0,1,15
BRDA:99,1,0,15
BRDA:99,1,1,12
BRDA:106,2,0,27
BRDA:106,2,1,54
BRDA:118,3,0,27
BRDA:118,3,1,22
BRDA:130,4,0,27
BRDA:130,4,1,3
BRDA:138,5,0,27
BRDA:138,5,1,2
BRF:12
BRH:12
end_of_record
TN:
SF:src\pages\customer\ReviewPage.jsx
FN:9,EmptyState
FN:23,ReviewPage
FN:33,(anonymous_2)
FN:49,(anonymous_3)
FN:52,(anonymous_4)
FN:56,(anonymous_5)
FN:57,(anonymous_6)
FN:63,(anonymous_7)
FN:73,(anonymous_8)
FN:77,(anonymous_9)
FN:77,(anonymous_10)
FN:78,(anonymous_11)
FN:79,(anonymous_12)
FN:89,(anonymous_13)
FN:90,(anonymous_14)
FN:127,(anonymous_15)
FN:130,(anonymous_16)
FN:152,(anonymous_17)
FN:172,(anonymous_18)
FN:176,(anonymous_19)
FN:191,(anonymous_20)
FN:196,(anonymous_21)
FN:211,(anonymous_22)
FNF:23
FNH:23
FNDA:4,EmptyState
FNDA:33,ReviewPage
FNDA:12,(anonymous_2)
FNDA:12,(anonymous_3)
FNDA:1,(anonymous_4)
FNDA:1,(anonymous_5)
FNDA:2,(anonymous_6)
FNDA:1,(anonymous_7)
FNDA:3,(anonymous_8)
FNDA:1,(anonymous_9)
FNDA:1,(anonymous_10)
FNDA:1,(anonymous_11)
FNDA:2,(anonymous_12)
FNDA:39,(anonymous_13)
FNDA:39,(anonymous_14)
FNDA:66,(anonymous_15)
FNDA:5,(anonymous_16)
FNDA:36,(anonymous_17)
FNDA:12,(anonymous_18)
FNDA:2,(anonymous_19)
FNDA:6,(anonymous_20)
FNDA:3,(anonymous_21)
FNDA:1,(anonymous_22)
DA:10,4
DA:24,33
DA:26,33
DA:27,33
DA:28,33
DA:29,33
DA:30,33
DA:33,33
DA:34,12
DA:35,12
DA:36,12
DA:40,10
DA:41,10
DA:43,1
DA:45,11
DA:49,33
DA:52,33
DA:53,1
DA:56,1
DA:57,1
DA:58,2
DA:63,1
DA:66,1
DA:69,1
DA:73,33
DA:74,3
DA:75,2
DA:76,2
DA:77,1
DA:78,1
DA:79,1
DA:80,2
DA:83,1
DA:85,1
DA:89,39
DA:90,39
DA:92,33
DA:128,66
DA:130,5
DA:153,36
DA:173,12
DA:176,2
DA:192,6
DA:197,3
DA:211,1
LF:45
LH:45
BRDA:12,0,0,4
BRDA:12,0,1,0
BRDA:14,1,0,4
BRDA:14,1,1,0
BRDA:58,2,0,1
BRDA:58,2,1,1
BRDA:74,3,0,1
BRDA:74,3,1,2
BRDA:80,4,0,1
BRDA:80,4,1,1
BRDA:131,5,0,33
BRDA:131,5,1,33
BRDA:137,6,0,66
BRDA:137,6,1,35
BRDA:138,7,0,17
BRDA:138,7,1,18
BRDA:150,8,0,12
BRDA:150,8,1,21
BRDA:162,9,0,21
BRDA:162,9,1,14
BRDA:163,10,0,2
BRDA:163,10,1,12
BRDA:184,11,0,21
BRDA:184,11,1,7
BRDA:185,12,0,2
BRDA:185,12,1,5
BRDA:208,13,0,33
BRDA:208,13,1,2
BRF:28
BRH:26
end_of_record
TN:
SF:src\pages\customer\RoomDetailPage.jsx
FN:27,(anonymous_0)
FN:29,RoomDetailPage
FN:42,(anonymous_2)
FN:45,(anonymous_3)
FN:47,(anonymous_4)
FN:51,(anonymous_5)
FN:53,(anonymous_6)
FN:57,(anonymous_7)
FN:60,(anonymous_8)
FN:64,(anonymous_9)
FN:67,(anonymous_10)
FN:70,(anonymous_11)
FN:71,(anonymous_12)
FN:74,(anonymous_13)
FN:91,(anonymous_14)
FN:107,(anonymous_15)
FN:124,(anonymous_16)
FN:154,(anonymous_17)
FN:154,(anonymous_18)
FN:160,(anonymous_19)
FN:160,(anonymous_20)
FN:172,(anonymous_21)
FN:175,(anonymous_22)
FN:242,(anonymous_23)
FN:242,(anonymous_24)
FN:261,(anonymous_25)
FN:316,(anonymous_26)
FN:319,(anonymous_27)
FN:327,(anonymous_28)
FN:335,(anonymous_29)
FN:346,(anonymous_30)
FN:346,(anonymous_31)
FN:352,(anonymous_32)
FN:352,(anonymous_33)
FN:362,(anonymous_34)
FN:363,(anonymous_35)
FN:366,(anonymous_36)
FNF:37
FNH:28
FNDA:19,(anonymous_0)
FNDA:32,RoomDetailPage
FNDA:3,(anonymous_2)
FNDA:1,(anonymous_3)
FNDA:1,(anonymous_4)
FNDA:26,(anonymous_5)
FNDA:26,(anonymous_6)
FNDA:12,(anonymous_7)
FNDA:11,(anonymous_8)
FNDA:10,(anonymous_9)
FNDA:9,(anonymous_10)
FNDA:1,(anonymous_11)
FNDA:11,(anonymous_12)
FNDA:2,(anonymous_13)
FNDA:1,(anonymous_14)
FNDA:0,(anonymous_15)
FNDA:2,(anonymous_16)
FNDA:1,(anonymous_17)
FNDA:1,(anonymous_18)
FNDA:1,(anonymous_19)
FNDA:1,(anonymous_20)
FNDA:36,(anonymous_21)
FNDA:1,(anonymous_22)
FNDA:114,(anonymous_23)
FNDA:114,(anonymous_24)
FNDA:114,(anonymous_25)
FNDA:0,(anonymous_26)
FNDA:1,(anonymous_27)
FNDA:1,(anonymous_28)
FNDA:0,(anonymous_29)
FNDA:0,(anonymous_30)
FNDA:0,(anonymous_31)
FNDA:0,(anonymous_32)
FNDA:0,(anonymous_33)
FNDA:0,(anonymous_34)
FNDA:8,(anonymous_35)
FNDA:0,(anonymous_36)
DA:10,1
DA:18,1
DA:27,19
DA:30,32
DA:31,32
DA:33,32
DA:34,32
DA:35,32
DA:38,32
DA:39,32
DA:42,32
DA:43,3
DA:44,3
DA:45,1
DA:46,3
DA:47,1
DA:48,3
DA:51,32
DA:52,26
DA:53,26
DA:57,32
DA:58,12
DA:59,12
DA:61,11
DA:62,10
DA:65,10
DA:67,10
DA:68,10
DA:70,1
DA:71,11
DA:74,32
DA:75,2
DA:76,2
DA:77,1
DA:81,32
DA:88,20
DA:91,1
DA:98,19
DA:99,19
DA:100,19
DA:101,19
DA:102,19
DA:104,19
DA:107,0
DA:124,2
DA:154,1
DA:160,1
DA:173,36
DA:175,1
DA:242,114
DA:243,114
DA:262,114
DA:316,0
DA:319,1
DA:327,1
DA:335,0
DA:346,0
DA:352,0
DA:362,0
DA:364,8
DA:366,0
LF:61
LH:54
BRDA:43,0,0,0
BRDA:43,0,1,3
BRDA:44,1,0,1
BRDA:44,1,1,2
BRDA:45,2,0,1
BRDA:45,2,1,0
BRDA:46,3,0,1
BRDA:46,3,1,2
BRDA:47,4,0,1
BRDA:47,4,1,0
BRDA:47,5,0,1
BRDA:47,5,1,0
BRDA:48,6,0,1
BRDA:48,6,1,2
BRDA:61,7,0,1
BRDA:61,7,1,10
BRDA:67,8,0,10
BRDA:67,8,1,0
BRDA:76,9,0,1
BRDA:76,9,1,1
BRDA:81,10,0,12
BRDA:81,10,1,20
BRDA:88,11,0,1
BRDA:88,11,1,19
BRDA:98,12,0,19
BRDA:98,12,1,0
BRDA:101,13,0,19
BRDA:101,13,1,0
BRDA:119,14,0,18
BRDA:119,14,1,1
BRDA:128,15,0,18
BRDA:128,15,1,0
BRDA:133,16,0,18
BRDA:133,16,1,18
BRDA:151,17,0,18
BRDA:151,17,1,18
BRDA:170,18,0,18
BRDA:170,18,1,18
BRDA:176,19,0,18
BRDA:176,19,1,18
BRDA:204,20,0,19
BRDA:204,20,1,19
BRDA:215,21,0,19
BRDA:215,21,1,19
BRDA:218,22,0,19
BRDA:218,22,1,19
BRDA:224,23,0,19
BRDA:224,23,1,19
BRDA:237,24,0,19
BRDA:237,24,1,0
BRDA:273,25,0,19
BRDA:273,25,1,0
BRDA:288,26,0,19
BRDA:288,26,1,0
BRDA:305,27,0,18
BRDA:305,27,1,1
BRDA:313,28,0,19
BRDA:313,28,1,4
BRDA:313,28,2,4
BRDA:338,29,0,4
BRDA:338,29,1,0
BRDA:343,30,0,4
BRDA:343,30,1,4
BRDA:367,31,0,4
BRDA:367,31,1,4
BRF:65
BRH:53
end_of_record
TN:
SF:src\pages\reception\CheckInOut.jsx
FN:28,SummaryCard
FN:39,CheckInOut
FN:49,(anonymous_2)
FN:57,(anonymous_3)
FN:60,(anonymous_4)
FN:74,(anonymous_5)
FN:78,(anonymous_6)
FN:88,(anonymous_7)
FN:93,(anonymous_8)
FN:105,(anonymous_9)
FN:110,(anonymous_10)
FN:122,(anonymous_11)
FN:127,(anonymous_12)
FN:139,(anonymous_13)
FN:148,(anonymous_14)
FN:158,(anonymous_15)
FN:159,(anonymous_16)
FN:174,(anonymous_17)
FN:187,(anonymous_18)
FN:207,(anonymous_19)
FN:232,(anonymous_20)
FN:247,(anonymous_21)
FN:282,(anonymous_22)
FNF:23
FNH:10
FNDA:63,SummaryCard
FNDA:22,CheckInOut
FNDA:1,(anonymous_2)
FNDA:0,(anonymous_3)
FNDA:7,(anonymous_4)
FNDA:6,(anonymous_5)
FNDA:0,(anonymous_6)
FNDA:0,(anonymous_7)
FNDA:0,(anonymous_8)
FNDA:1,(anonymous_9)
FNDA:1,(anonymous_10)
FNDA:0,(anonymous_11)
FNDA:0,(anonymous_12)
FNDA:0,(anonymous_13)
FNDA:0,(anonymous_14)
FNDA:18,(anonymous_15)
FNDA:18,(anonymous_16)
FNDA:0,(anonymous_17)
FNDA:2,(anonymous_18)
FNDA:0,(anonymous_19)
FNDA:0,(anonymous_20)
FNDA:0,(anonymous_21)
FNDA:0,(anonymous_22)
DA:29,63
DA:40,22
DA:41,22
DA:42,22
DA:43,22
DA:44,22
DA:45,22
DA:46,22
DA:47,22
DA:49,22
DA:50,1
DA:51,1
DA:52,1
DA:53,0
DA:54,0
DA:56,1
DA:57,1
DA:60,22
DA:61,7
DA:62,7
DA:63,7
DA:64,7
DA:65,7
DA:66,6
DA:68,1
DA:70,7
DA:74,22
DA:75,6
DA:78,22
DA:79,0
DA:80,0
DA:81,0
DA:82,0
DA:84,0
DA:88,22
DA:89,0
DA:94,0
DA:95,0
DA:96,0
DA:97,0
DA:99,0
DA:105,22
DA:106,1
DA:111,1
DA:112,1
DA:113,1
DA:114,1
DA:116,0
DA:122,22
DA:123,0
DA:128,0
DA:129,0
DA:130,0
DA:131,0
DA:133,0
DA:139,22
DA:140,0
DA:141,0
DA:142,0
DA:144,0
DA:148,22
DA:149,0
DA:150,0
DA:151,0
DA:152,0
DA:154,0
DA:158,22
DA:159,22
DA:161,22
DA:175,0
DA:176,0
DA:188,2
DA:189,2
DA:207,0
DA:232,0
DA:247,0
DA:282,0
LF:77
LH:42
BRDA:28,0,0,21
BRDA:28,1,0,42
BRDA:30,2,0,21
BRDA:30,2,1,42
BRDA:51,3,0,1
BRDA:51,3,1,1
BRDA:51,3,2,0
BRDA:52,4,0,0
BRDA:52,4,1,1
BRDA:61,5,0,0
BRDA:61,5,1,7
BRDA:65,6,0,7
BRDA:65,6,1,7
BRDA:181,7,0,0
BRDA:181,7,1,22
BRDA:183,8,0,0
BRDA:183,8,1,22
BRDA:194,9,0,1
BRDA:194,9,1,21
BRDA:196,10,0,1
BRDA:196,10,1,21
BRDA:202,11,0,22
BRDA:202,11,1,1
BRDA:225,12,0,0
BRDA:225,12,1,22
BRDA:226,13,0,0
BRDA:226,13,1,22
BRDA:240,14,0,1
BRDA:240,14,1,21
BRDA:241,15,0,1
BRDA:241,15,1,21
BRDA:252,16,0,6
BRDA:252,16,1,16
BRDA:257,17,0,7
BRDA:257,17,1,9
BRF:35
BRH:28
end_of_record
TN:
SF:src\pages\reception\RoomManagement.jsx
FN:24,RoomManagement
FN:39,(anonymous_1)
FN:51,(anonymous_2)
FN:59,(anonymous_3)
FN:62,(anonymous_4)
FN:75,(anonymous_5)
FN:79,(anonymous_6)
FN:83,(anonymous_7)
FN:87,(anonymous_8)
FN:88,(anonymous_9)
FN:100,(anonymous_10)
FN:102,(anonymous_11)
FN:107,(anonymous_12)
FN:110,(anonymous_13)
FN:120,(anonymous_14)
FN:129,(anonymous_15)
FN:150,(anonymous_16)
FN:165,(anonymous_17)
FN:185,(anonymous_18)
FN:218,(anonymous_19)
FN:225,(anonymous_20)
FN:235,(anonymous_21)
FN:264,(anonymous_22)
FN:274,(anonymous_23)
FN:281,(anonymous_24)
FN:282,(anonymous_25)
FN:314,(anonymous_26)
FN:329,(anonymous_27)
FN:342,(anonymous_28)
FN:358,(anonymous_29)
FN:377,(anonymous_30)
FNF:31
FNH:13
FNDA:21,RoomManagement
FNDA:0,(anonymous_1)
FNDA:1,(anonymous_2)
FNDA:0,(anonymous_3)
FNDA:7,(anonymous_4)
FNDA:6,(anonymous_5)
FNDA:0,(anonymous_6)
FNDA:0,(anonymous_7)
FNDA:10,(anonymous_8)
FNDA:12,(anonymous_9)
FNDA:10,(anonymous_10)
FNDA:12,(anonymous_11)
FNDA:4,(anonymous_12)
FNDA:1,(anonymous_13)
FNDA:0,(anonymous_14)
FNDA:0,(anonymous_15)
FNDA:3,(anonymous_16)
FNDA:0,(anonymous_17)
FNDA:0,(anonymous_18)
FNDA:0,(anonymous_19)
FNDA:16,(anonymous_20)
FNDA:24,(anonymous_21)
FNDA:0,(anonymous_22)
FNDA:0,(anonymous_23)
FNDA:0,(anonymous_24)
FNDA:0,(anonymous_25)
FNDA:0,(anonymous_26)
FNDA:0,(anonymous_27)
FNDA:0,(anonymous_28)
FNDA:0,(anonymous_29)
FNDA:0,(anonymous_30)
DA:22,1
DA:25,21
DA:26,21
DA:27,21
DA:28,21
DA:29,21
DA:30,21
DA:31,21
DA:33,21
DA:34,21
DA:35,21
DA:36,21
DA:37,21
DA:39,21
DA:40,0
DA:41,0
DA:43,0
DA:44,0
DA:45,0
DA:47,0
DA:51,21
DA:52,1
DA:53,1
DA:54,1
DA:55,0
DA:56,0
DA:58,1
DA:59,1
DA:62,21
DA:63,7
DA:64,7
DA:65,7
DA:66,7
DA:67,6
DA:69,1
DA:71,7
DA:75,21
DA:76,6
DA:79,21
DA:80,0
DA:81,0
DA:83,0
DA:87,21
DA:88,10
DA:89,12
DA:90,12
DA:91,12
DA:92,0
DA:93,0
DA:95,12
DA:96,12
DA:100,21
DA:101,10
DA:102,10
DA:103,12
DA:104,12
DA:105,12
DA:107,10
DA:110,21
DA:111,1
DA:112,1
DA:113,1
DA:114,1
DA:116,0
DA:120,21
DA:121,0
DA:122,0
DA:123,0
DA:125,0
DA:129,21
DA:130,0
DA:131,0
DA:132,0
DA:134,0
DA:136,0
DA:140,21
DA:150,3
DA:165,0
DA:185,0
DA:218,0
DA:226,16
DA:236,24
DA:265,0
DA:275,0
DA:277,0
DA:278,0
DA:281,0
DA:282,0
DA:285,0
DA:286,0
DA:315,0
DA:317,0
DA:318,0
DA:319,0
DA:322,0
DA:330,0
DA:343,0
DA:344,0
DA:345,0
DA:346,0
DA:348,0
DA:349,0
DA:359,0
DA:360,0
DA:377,0
LF:105
LH:56
BRDA:45,0,0,0
BRDA:45,0,1,0
BRDA:53,1,0,1
BRDA:53,1,1,1
BRDA:53,1,2,0
BRDA:54,2,0,0
BRDA:54,2,1,1
BRDA:66,3,0,7
BRDA:66,3,1,7
BRDA:80,4,0,0
BRDA:80,4,1,0
BRDA:89,5,0,0
BRDA:89,5,1,12
BRDA:89,6,0,12
BRDA:89,6,1,0
BRDA:90,7,0,0
BRDA:90,7,1,12
BRDA:90,8,0,12
BRDA:90,8,1,0
BRDA:91,9,0,0
BRDA:91,9,1,12
BRDA:93,10,0,0
BRDA:93,10,1,0
BRDA:95,11,0,0
BRDA:95,11,1,12
BRDA:95,12,0,12
BRDA:95,12,1,0
BRDA:104,13,0,8
BRDA:104,13,1,4
BRDA:153,14,0,2
BRDA:153,14,1,19
BRDA:155,15,0,2
BRDA:155,15,1,19
BRDA:160,16,0,21
BRDA:160,16,1,1
BRDA:178,17,0,2
BRDA:178,17,1,19
BRDA:179,18,0,2
BRDA:179,18,1,19
BRDA:190,19,0,21
BRDA:190,19,1,15
BRDA:190,19,2,8
BRDA:197,20,0,6
BRDA:197,20,1,15
BRDA:202,21,0,7
BRDA:202,21,1,8
BRDA:210,22,0,0
BRDA:210,22,1,8
BRDA:256,23,0,21
BRDA:256,23,1,0
BRDA:259,24,0,0
BRDA:259,24,1,0
BRDA:275,25,0,0
BRDA:275,25,1,0
BRDA:295,26,0,0
BRDA:295,26,1,0
BRDA:317,27,0,0
BRDA:317,27,1,0
BRDA:327,28,0,0
BRDA:327,28,1,0
BRF:60
BRH:33
end_of_record
TN:
SF:src\services\adminApi.js
FN:7,(anonymous_0)
FN:9,(anonymous_1)
FN:16,(anonymous_2)
FN:19,(anonymous_3)
FN:21,(anonymous_4)
FN:28,(anonymous_5)
FN:30,(anonymous_6)
FN:33,(anonymous_7)
FN:35,(anonymous_8)
FN:42,(anonymous_9)
FN:45,(anonymous_10)
FN:47,(anonymous_11)
FN:49,(anonymous_12)
FN:58,(anonymous_13)
FNF:14
FNH:14
FNDA:1,(anonymous_0)
FNDA:2,(anonymous_1)
FNDA:1,(anonymous_2)
FNDA:1,(anonymous_3)
FNDA:2,(anonymous_4)
FNDA:1,(anonymous_5)
FNDA:1,(anonymous_6)
FNDA:1,(anonymous_7)
FNDA:2,(anonymous_8)
FNDA:1,(anonymous_9)
FNDA:1,(anonymous_10)
FNDA:1,(anonymous_11)
FNDA:2,(anonymous_12)
FNDA:1,(anonymous_13)
DA:3,2
DA:5,2
DA:7,1
DA:10,2
DA:11,1
DA:13,1
DA:16,1
DA:19,1
DA:22,2
DA:23,1
DA:25,1
DA:28,1
DA:30,1
DA:33,1
DA:36,2
DA:37,1
DA:39,1
DA:42,1
DA:45,1
DA:47,1
DA:51,2
DA:52,1
DA:55,1
DA:58,1
LF:24
LH:24
BRDA:10,0,0,1
BRDA:10,0,1,1
BRDA:22,1,0,1
BRDA:22,1,1,1
BRDA:36,2,0,1
BRDA:36,2,1,1
BRDA:51,3,0,1
BRDA:51,3,1,1
BRF:8
BRH:8
end_of_record
TN:
SF:src\services\api.js
FN:10,(anonymous_0)
FN:18,(anonymous_1)
FN:19,(anonymous_2)
FNF:3
FNH:0
FNDA:0,(anonymous_0)
FNDA:0,(anonymous_1)
FNDA:0,(anonymous_2)
DA:4,2
DA:10,2
DA:11,0
DA:12,0
DA:13,0
DA:17,2
DA:18,0
DA:20,0
DA:21,0
DA:22,0
DA:23,0
DA:24,0
DA:25,0
DA:26,0
DA:30,0
DA:31,0
DA:32,0
DA:33,0
DA:35,0
DA:36,0
DA:39,0
LF:21
LH:3
BRDA:12,0,0,0
BRDA:12,0,1,0
BRDA:21,1,0,0
BRDA:21,1,1,0
BRDA:21,2,0,0
BRDA:21,2,1,0
BRDA:25,3,0,0
BRDA:25,3,1,0
BRF:8
BRH:0
end_of_record
TN:
SF:src\services\reviewApi.js
FN:5,(anonymous_0)
FN:8,(anonymous_1)
FN:11,(anonymous_2)
FN:14,(anonymous_3)
FN:17,(anonymous_4)
FN:20,(anonymous_5)
FNF:6
FNH:6
FNDA:3,(anonymous_0)
FNDA:3,(anonymous_1)
FNDA:3,(anonymous_2)
FNDA:4,(anonymous_3)
FNDA:4,(anonymous_4)
FNDA:5,(anonymous_5)
DA:3,2
DA:5,3
DA:8,3
DA:11,3
DA:14,4
DA:17,4
DA:20,5
LF:7
LH:7
BRF:0
BRH:0
end_of_record
TN:
SF:src\utils\authStorage.js
FN:3,clearAuthStorage
FN:4,(anonymous_1)
FN:7,getStoredUser
FNF:3
FNH:3
FNDA:5,clearAuthStorage
FNDA:15,(anonymous_1)
FNDA:5,getStoredUser
DA:1,3
DA:4,15
DA:8,5
DA:9,5
DA:10,5
DA:12,5
DA:13,3
DA:14,3
DA:17,2
DA:18,2
DA:20,1
DA:21,1
LF:12
LH:12
BRDA:12,0,0,3
BRDA:12,0,1,2
BRDA:12,1,0,5
BRDA:12,1,1,4
BRDA:12,1,2,3
BRF:5
BRH:5
end_of_record
TN:
SF:src\utils\cls.js
FNF:0
FNH:0
DA:2,9
DA:4,9
DA:7,9
DA:10,9
DA:12,9
DA:14,9
DA:17,9
DA:20,9
DA:23,9
DA:26,9
DA:29,9
DA:32,9
DA:35,9
DA:38,9
DA:41,9
DA:44,9
DA:47,9
DA:49,9
DA:51,9
DA:54,9
LF:20
LH:20
BRF:0
BRH:0
end_of_record
